<?xml version="1.0" encoding="UTF-8"?>
<testsuite name="TestSuite" time="14,676.9" tests="308" errors="0" skipped="24" failures="46">
  <properties>
    <property name="java.runtime.name" value="Java(TM) SE Runtime Environment"/>
    <property name="java.vm.version" value="16.0.2+7-67"/>
    <property name="sun.boot.library.path" value="C:\Program Files\Java\jdk-16.0.2\bin"/>
    <property name="maven.multiModuleProjectDirectory" value="E:\AEWorkspace\AEQATestAutomationFramework"/>
    <property name="java.vm.vendor" value="Oracle Corporation"/>
    <property name="java.vendor.url" value="https://java.oracle.com/"/>
    <property name="guice.disable.misplaced.annotation.check" value="true"/>
    <property name="path.separator" value=";"/>
    <property name="java.vm.name" value="Java HotSpot(TM) 64-Bit Server VM"/>
    <property name="sun.os.patch.level" value=""/>
    <property name="user.script" value=""/>
    <property name="user.country" value="US"/>
    <property name="sun.java.launcher" value="SUN_STANDARD"/>
    <property name="java.vm.specification.name" value="Java Virtual Machine Specification"/>
    <property name="user.dir" value="E:\AEWorkspace\AEQATestAutomationFramework"/>
    <property name="java.vm.compressedOopsMode" value="32-bit"/>
    <property name="java.runtime.version" value="16.0.2+7-67"/>
    <property name="os.arch" value="amd64"/>
    <property name="java.io.tmpdir" value="C:\Users\DELL\AppData\Local\Temp\"/>
    <property name="line.separator" value="&#10;"/>
    <property name="java.vm.specification.vendor" value="Oracle Corporation"/>
    <property name="user.variant" value=""/>
    <property name="os.name" value="Windows 10"/>
    <property name="classworlds.conf" value="E:\AEWorkspace\.metadata\.plugins\org.eclipse.m2e.launching\launches\m2conf2152922084354331145.tmp"/>
    <property name="sun.jnu.encoding" value="Cp1252"/>
    <property name="java.library.path" value="C:\Program Files\Java\jdk-16.0.2\bin;C:\WINDOWS\Sun\Java\bin;C:\WINDOWS\system32;C:\WINDOWS;C:/Program Files/Java/jdk-16.0.2/bin/server;C:/Program Files/Java/jdk-16.0.2/bin;C:\Program Files\Java\jdk-16.0.2\bin;C:\WINDOWS\system32;C:\WINDOWS;C:\WINDOWS\System32\Wbem;C:\WINDOWS\System32\WindowsPowerShell\v1.0\;C:\WINDOWS\System32\OpenSSH\;C:\Program Files\nodejs\;F:\AutoEdge\apache-maven-3.8.4\bin;C:\Program Files\Microsoft SQL Server\Client SDK\ODBC\170\Tools\Binn\;C:\Program Files (x86)\Microsoft SQL Server\150\Tools\Binn\;C:\Program Files\Microsoft SQL Server\150\Tools\Binn\;C:\Program Files\Microsoft SQL Server\150\DTS\Binn\;C:\Program Files (x86)\Microsoft SQL Server\150\DTS\Binn\;C:\Program Files\Azure Data Studio\bin;C:\Program Files\Git\cmd;C:\Users\DELL\AppData\Local\Microsoft\WindowsApps;C:\Users\DELL\AppData\Roaming\npm;C:\Users\DELL\AppData\Local\GitHubDesktop\bin;F:\AutoEdge\apache-maven-3.8.4\bin;C:\Program Files\Java\jdk-16.0.2\bin;C:\Program Files\Azure Data Studio\bin;C:\Users\DELL\eclipse\jee-2021-09\eclipse;;."/>
    <property name="jdk.debug" value="release"/>
    <property name="java.class.version" value="60.0"/>
    <property name="java.specification.name" value="Java Platform API Specification"/>
    <property name="sun.management.compiler" value="HotSpot 64-Bit Tiered Compilers"/>
    <property name="os.version" value="10.0"/>
    <property name="user.home" value="C:\Users\DELL"/>
    <property name="user.timezone" value="Asia/Calcutta"/>
    <property name="file.encoding" value="Cp1252"/>
    <property name="java.specification.version" value="16"/>
    <property name="user.name" value="DELL"/>
    <property name="java.class.path" value="C:\Users\DELL\.p2\pool\plugins\org.eclipse.m2e.maven.runtime_1.18.0.20210618-2246\jars\plexus-classworlds-2.6.0.jar"/>
    <property name="java.vm.specification.version" value="16"/>
    <property name="sun.arch.data.model" value="64"/>
    <property name="sun.java.command" value="org.codehaus.plexus.classworlds.launcher.Launcher -B test"/>
    <property name="java.home" value="C:\Program Files\Java\jdk-16.0.2"/>
    <property name="user.language" value="en"/>
    <property name="java.specification.vendor" value="Oracle Corporation"/>
    <property name="java.vm.info" value="mixed mode, sharing"/>
    <property name="java.version" value="16.0.2"/>
    <property name="java.vendor" value="Oracle Corporation"/>
    <property name="maven.home" value="E:\AEWorkspace\AEQATestAutomationFramework\EMBEDDED"/>
    <property name="file.separator" value="\"/>
    <property name="java.version.date" value="2021-07-20"/>
    <property name="java.vendor.url.bug" value="https://bugreport.java.com/bugreport/"/>
    <property name="sun.io.unicode.encoding" value="UnicodeLittle"/>
    <property name="sun.cpu.endian" value="little"/>
    <property name="sun.cpu.isalist" value="amd64"/>
  </properties>
  <testcase name="ValidateFirstTimeLoginTest" classname="com.ae.qa.testcases.LoginPageTest" time="22.985"/>
  <testcase name="validateAddNewTenant" classname="com.ae.qa.testcases.TenantsPageTest" time="38.115"/>
  <testcase name="validateaddNewTenantsWithDuplicateOrgCode" classname="com.ae.qa.testcases.TenantsPageTest" time="40.808"/>
  <testcase name="verifyLicenseInfoTest" classname="com.ae.qa.testcases.TenantsPageTest" time="22.871"/>
  <testcase name="creatingSystemAdminTest" classname="com.ae.qa.testcases.SystemUsersPageTest" time="70.785"/>
  <testcase name="validateEditSystemUsers" classname="com.ae.qa.testcases.SystemUsersPageTest" time="65.798"/>
  <testcase name="validatePasswordMismatch" classname="com.ae.qa.testcases.SystemUsersPageTest" time="59.859"/>
  <testcase name="ValidateCreatingTenantAdminTest" classname="com.ae.qa.testcases.TenantUsersPageTest" time="59.072"/>
  <testcase name="ValidateEditTenantUserTest" classname="com.ae.qa.testcases.TenantUsersPageTest" time="137.377"/>
  <testcase name="validatedownloadingAuditLogs" classname="com.ae.qa.testcases.AuditLogsPageTest" time="25.51"/>
  <testcase name="validatecheckColumnsInAuditLogs" classname="com.ae.qa.testcases.AuditLogsPageTest" time="25.539"/>
  <testcase name="validatedeselectAllInAuditLogs" classname="com.ae.qa.testcases.AuditLogsPageTest" time="25.445"/>
  <testcase name="verifySpecificColumnTest" classname="com.ae.qa.testcases.AuditLogsPageTest" time="25.811"/>
  <testcase name="validateUploadPSTest" classname="com.ae.qa.testcases.ArtifactsPageTest" time="103.501"/>
  <testcase name="validateUploadPluginsTest" classname="com.ae.qa.testcases.PluginsPageTest" time="215.797"/>
  <testcase name="validateAgentServerNotSetTest" classname="com.ae.qa.testcases.SystemSettingsPageTest" time="59.889"/>
  <testcase name="validateInvalidURLTest" classname="com.ae.qa.testcases.SystemSettingsPageTest" time="20.187"/>
  <testcase name="validateServerUrlTest" classname="com.ae.qa.testcases.SystemSettingsPageTest" time="28.333"/>
  <testcase name="validateEditCleanUpRequest" classname="com.ae.qa.testcases.SystemSettingsPageTest" time="28.888"/>
  <testcase name="validateAddSmtpServerTest" classname="com.ae.qa.testcases.SmtpPageTest" time="52.365"/>
  <testcase name="validateSkipQuesTest" classname="com.ae.qa.testcases.SecurityQuestionsPageTest" time="23.852"/>
  <testcase name="validateSecurityQuesTest" classname="com.ae.qa.testcases.SecurityQuestionsPageTest" time="38.637"/>
  <testcase name="validateUpdatingSecQuesWithWrongPswdTest" classname="com.ae.qa.testcases.SecurityQuestionsPageTest" time="36.012"/>
  <testcase name="validateUpdatingSecurityQuesTest" classname="com.ae.qa.testcases.SecurityQuestionsPageTest" time="34.15"/>
  <testcase name="validateSkipThenSetQuesTest" classname="com.ae.qa.testcases.SecurityQuestionsPageTest" time="48.007"/>
  <testcase name="validatePswdComplexityTest" classname="com.ae.qa.testcases.SysadminPolicyPageTest" time="40.378"/>
  <testcase name="validatePasswordHistoryTest" classname="com.ae.qa.testcases.SysadminPolicyPageTest" time="110.441"/>
  <testcase name="validateNoOfAttemptsTest" classname="com.ae.qa.testcases.SysadminPolicyPageTest" time="179.454"/>
  <testcase name="validateLastLoginTest" classname="com.ae.qa.testcases.InformationPageTest" time="29.094"/>
  <testcase name="validateViewProfileTest" classname="com.ae.qa.testcases.InformationPageTest" time="46.26"/>
  <testcase name="validateChangePasswordTest" classname="com.ae.qa.testcases.InformationPageTest" time="29.929"/>
  <testcase name="verifycheckLogsTest" classname="com.ae.qa.testcases.AuditLogsPageTest" time="38.644"/>
  <testcase name="validateWFReqLessThanNotfTest" classname="com.ae.qa.testcases.PurgePolicyPageTest" time="34.38"/>
  <testcase name="validatePurgePolicyDurationTest" classname="com.ae.qa.testcases.PurgePolicyPageTest" time="26.478"/>
  <testcase name="validateUpdatePurgePolicyEntityTest" classname="com.ae.qa.testcases.PurgePolicyPageTest" time="30.393"/>
  <testcase name="validatePurgingScheduleDayTest" classname="com.ae.qa.testcases.PurgeSchedulePageTest" time="44.19"/>
  <testcase name="validatePurgingScheduleWeekendTest" classname="com.ae.qa.testcases.PurgeSchedulePageTest" time="26.402">
    <failure message="Schedule not created for day of week expected [Schedule created successfully] but found [Next fire time is too close to update/create time, skipping it. Setting the Next fire time as [Mon, 05-Jun-2023 02:02 AM IST]]" type="java.lang.AssertionError">java.lang.AssertionError: Schedule not created for day of week expected [Schedule created successfully] but found [Next fire time is too close to update/create time, skipping it. Setting the Next fire time as [Mon, 05-Jun-2023 02:02 AM IST]]
	at org.testng.Assert.fail(Assert.java:110)
	at org.testng.Assert.failNotEquals(Assert.java:1413)
	at org.testng.Assert.assertEqualsImpl(Assert.java:149)
	at org.testng.Assert.assertEquals(Assert.java:131)
	at org.testng.Assert.assertEquals(Assert.java:655)
	at com.ae.qa.pages.PurgeSchedulePage.validatePurgingScheduleWeekend(PurgeSchedulePage.java:158)
	at com.ae.qa.testcases.PurgeSchedulePageTest.validatePurgingScheduleWeekendTest(PurgeSchedulePageTest.java:40)
</failure>
    <system-out><![CDATA[The name of the testcase passed is :validatePurgingScheduleDayTest
[DEBUG] 2023-04-29 15:02:16.895 [TestNG-test=AESanity-1] TestBase - Execution started
[INFO ] 2023-04-29 15:02:17.951 [TestNG-test=AESanity-1] TestBase - Browser started successfully
[INFO ] 2023-04-29 15:02:20.479 [TestNG-test=AESanity-1] TestBase - User is navigated to AE portal
validatePurgingScheduleWeekendTest test case started
User log in Successfully
Actual success message after setting purging schedule for day of week:Next fire time is too close to update/create time, skipping it. Setting the Next fire time as [Mon, 05-Jun-2023 02:02 AM IST]
Expected success message after setting purging schedule for day of week:Schedule created successfully
]]></system-out>
    <system-err><![CDATA[Starting ChromeDriver 112.0.5615.49 (bd2a7bcb881c11e8cfe3078709382934e3916914-refs/branch-heads/5615@{#936}) on port 14338
Only local connections are allowed.
Please see https://chromedriver.chromium.org/security-considerations for suggestions on keeping ChromeDriver safe.
ChromeDriver was started successfully.
Apr 29, 2023 3:02:17 PM org.openqa.selenium.remote.ProtocolHandshake createSession
INFO: Detected dialect: W3C
]]></system-err>
  </testcase>
  <testcase name="validateForgotPswdTest" classname="com.ae.qa.testcases.LoginPageTest" time="0.826"/>
  <testcase name="ValidateSettingPwdWOComplexityTest" classname="com.ae.qa.testcases.LoginPageTest" time="66.319"/>
  <testcase name="ValidateResetPswdTest" classname="com.ae.qa.testcases.LoginPageTest" time="45.934"/>
  <testcase name="ValidateLoginWithResetPswdTest" classname="com.ae.qa.testcases.LoginPageTest" time="15.594"/>
  <testcase name="ValidateFirstTimeTALoginTest" classname="com.ae.qa.testcasesTenantAdmin.LoginPageTestTA" time="12.849"/>
  <testcase name="validateUploadLicenseTest" classname="com.ae.qa.testcasesTenantAdmin.HomePageTestTA" time="36.391"/>
  <testcase name="ValidateCreatingWorkflowAdminTest" classname="com.ae.qa.testcasesTenantAdmin.TenantUsersPageTestTA" time="49.711"/>
  <testcase name="ValidateCreatingTenantAdminTest" classname="com.ae.qa.testcasesTenantAdmin.TenantUsersPageTestTA" time="49.116"/>
  <testcase name="ValidateCreatingUserAdminTest" classname="com.ae.qa.testcasesTenantAdmin.TenantUsersPageTestTA" time="49.43"/>
  <testcase name="ValidateCreatingTenantUserTest" classname="com.ae.qa.testcasesTenantAdmin.TenantUsersPageTestTA" time="51.198"/>
  <testcase name="validateCreateUserGroup" classname="com.ae.qa.testcasesTenantAdmin.UserGroupsPageTestTA" time="28.64"/>
  <testcase name="validateEditUserGroup" classname="com.ae.qa.testcasesTenantAdmin.UserGroupsPageTestTA" time="24.883"/>
  <testcase name="validateAddUserToGroup" classname="com.ae.qa.testcasesTenantAdmin.UserGroupsPageTestTA" time="36.263"/>
  <testcase name="validateRemoveUserFromGroup" classname="com.ae.qa.testcasesTenantAdmin.UserGroupsPageTestTA" time="32.115"/>
  <testcase name="ValidateDuplicateUserGroupTest" classname="com.ae.qa.testcasesTenantAdmin.UserGroupsPageTestTA" time="24.858"/>
  <testcase name="validateImportWorkflowTest" classname="com.ae.qa.testcasesTenantAdmin.WorkflowListPageTestTA" time="52.626"/>
  <testcase name="ValidateUploadInvalidIconTest" classname="com.ae.qa.testcasesTenantAdmin.WorkflowListPageTestTA" time="20.904"/>
  <testcase name="ValidateUploadIconTest" classname="com.ae.qa.testcasesTenantAdmin.WorkflowListPageTestTA" time="23.99"/>
  <testcase name="ValidateEditManualExecutionTest" classname="com.ae.qa.testcasesTenantAdmin.WorkflowListPageTestTA" time="32.663"/>
  <testcase name="ValidateExportWorkflowTest" classname="com.ae.qa.testcasesTenantAdmin.WorkflowListPageTestTA" time="29.737"/>
  <testcase name="ValidateCreateCategoryTest" classname="com.ae.qa.testcasesTenantAdmin.CategoriesPageTestTA" time="44.378"/>
  <testcase name="ValidateEditCategoryTest" classname="com.ae.qa.testcasesTenantAdmin.CategoriesPageTestTA" time="43.871"/>
  <testcase name="ValidateAssignWFToCategoryTest" classname="com.ae.qa.testcasesTenantAdmin.CategoriesPageTestTA" time="31.488"/>
  <testcase name="ValidateCreateDuplicateCategoryTest" classname="com.ae.qa.testcasesTenantAdmin.CategoriesPageTestTA" time="36.845"/>
  <testcase name="ValidateCreateCredentialsTest" classname="com.ae.qa.testcasesTenantAdmin.CredentialsPageTestTA" time="41.908"/>
  <testcase name="ValidateEditCredentialsTest" classname="com.ae.qa.testcasesTenantAdmin.CredentialsPageTestTA" time="56.738"/>
  <testcase name="ValidateDuplicateCredentialsTest" classname="com.ae.qa.testcasesTenantAdmin.CredentialsPageTestTA" time="40.72"/>
  <testcase name="ValidateCreateCredentialPoolTest" classname="com.ae.qa.testcasesTenantAdmin.CredentialsPageTestTA" time="35.309"/>
  <testcase name="ValidateDuplicateCredentialPoolTest" classname="com.ae.qa.testcasesTenantAdmin.CredentialsPageTestTA" time="31.238"/>
  <testcase name="ValidateMoveCredentialToPoolTest" classname="com.ae.qa.testcasesTenantAdmin.CredentialsPageTestTA" time="27.191"/>
  <testcase name="validateDownloadAgentTest" classname="com.ae.qa.testcasesTenantAdmin.AgentListPageTestTA" time="132.39"/>
  <testcase name="validateCheckStatusOfAgent" classname="com.ae.qa.testcasesTenantAdmin.AgentListPageTestTA" time="20.589">
    <failure message="stale element reference: element is not attached to the page document&#10;  (Session info: chrome=112.0.5615.138)&#10;For documentation on this error, please visit: https://www.seleniumhq.org/exceptions/stale_element_reference.html&#10;Build info: version: &apos;3.141.59&apos;, revision: &apos;e82be7d358&apos;, time: &apos;2018-11-14T08:17:03&apos;&#10;System info: host: &apos;DESKTOP-5VHKQUJ&apos;, ip: &apos;192.168.0.103&apos;, os.name: &apos;Windows 10&apos;, os.arch: &apos;amd64&apos;, os.version: &apos;10.0&apos;, java.version: &apos;16.0.2&apos;&#10;Driver info: org.openqa.selenium.chrome.ChromeDriver&#10;Capabilities {acceptInsecureCerts: false, browserName: chrome, browserVersion: 112.0.5615.138, chrome: {chromedriverVersion: 112.0.5615.49 (bd2a7bcb881c..., userDataDir: C:\Users\DELL\AppData\Local...}, goog:chromeOptions: {debuggerAddress: localhost:49329}, javascriptEnabled: true, networkConnectionEnabled: false, pageLoadStrategy: normal, platform: WINDOWS, platformName: WINDOWS, proxy: Proxy(), setWindowRect: true, strictFileInteractability: false, timeouts: {implicit: 0, pageLoad: 300000, script: 30000}, unhandledPromptBehavior: dismiss and notify, webauthn:extension:credBlob: true, webauthn:extension:largeBlob: true, webauthn:extension:minPinLength: true, webauthn:extension:prf: true, webauthn:virtualAuthenticators: true}&#10;Session ID: 5a57b66b7991eea99b9451a6ceb5e8d2" type="org.openqa.selenium.StaleElementReferenceException">org.openqa.selenium.StaleElementReferenceException: stale element reference: element is not attached to the page document
  (Session info: chrome=112.0.5615.138)
For documentation on this error, please visit: https://www.seleniumhq.org/exceptions/stale_element_reference.html
Build info: version: '3.141.59', revision: 'e82be7d358', time: '2018-11-14T08:17:03'
System info: host: 'DESKTOP-5VHKQUJ', ip: '192.168.0.103', os.name: 'Windows 10', os.arch: 'amd64', os.version: '10.0', java.version: '16.0.2'
Driver info: org.openqa.selenium.chrome.ChromeDriver
Capabilities {acceptInsecureCerts: false, browserName: chrome, browserVersion: 112.0.5615.138, chrome: {chromedriverVersion: 112.0.5615.49 (bd2a7bcb881c..., userDataDir: C:\Users\DELL\AppData\Local...}, goog:chromeOptions: {debuggerAddress: localhost:49329}, javascriptEnabled: true, networkConnectionEnabled: false, pageLoadStrategy: normal, platform: WINDOWS, platformName: WINDOWS, proxy: Proxy(), setWindowRect: true, strictFileInteractability: false, timeouts: {implicit: 0, pageLoad: 300000, script: 30000}, unhandledPromptBehavior: dismiss and notify, webauthn:extension:credBlob: true, webauthn:extension:largeBlob: true, webauthn:extension:minPinLength: true, webauthn:extension:prf: true, webauthn:virtualAuthenticators: true}
Session ID: 5a57b66b7991eea99b9451a6ceb5e8d2
	at java.base/jdk.internal.reflect.NativeConstructorAccessorImpl.newInstance0(Native Method)
	at java.base/jdk.internal.reflect.NativeConstructorAccessorImpl.newInstance(NativeConstructorAccessorImpl.java:78)
	at java.base/jdk.internal.reflect.DelegatingConstructorAccessorImpl.newInstance(DelegatingConstructorAccessorImpl.java:45)
	at java.base/java.lang.reflect.Constructor.newInstanceWithCaller(Constructor.java:499)
	at java.base/java.lang.reflect.Constructor.newInstance(Constructor.java:480)
	at org.openqa.selenium.remote.http.W3CHttpResponseCodec.createException(W3CHttpResponseCodec.java:187)
	at org.openqa.selenium.remote.http.W3CHttpResponseCodec.decode(W3CHttpResponseCodec.java:122)
	at org.openqa.selenium.remote.http.W3CHttpResponseCodec.decode(W3CHttpResponseCodec.java:49)
	at org.openqa.selenium.remote.HttpCommandExecutor.execute(HttpCommandExecutor.java:158)
	at org.openqa.selenium.remote.service.DriverCommandExecutor.execute(DriverCommandExecutor.java:83)
	at org.openqa.selenium.remote.RemoteWebDriver.execute(RemoteWebDriver.java:552)
	at org.openqa.selenium.remote.RemoteWebElement.execute(RemoteWebElement.java:285)
	at org.openqa.selenium.remote.RemoteWebElement.getText(RemoteWebElement.java:166)
	at jdk.internal.reflect.GeneratedMethodAccessor4.invoke(Unknown Source)
	at java.base/jdk.internal.reflect.DelegatingMethodAccessorImpl.invoke(DelegatingMethodAccessorImpl.java:43)
	at java.base/java.lang.reflect.Method.invoke(Method.java:567)
	at org.openqa.selenium.support.pagefactory.internal.LocatingElementHandler.invoke(LocatingElementHandler.java:51)
	at jdk.proxy2/jdk.proxy2.$Proxy28.getText(Unknown Source)
	at com.ae.qa.pagesTenantAdmin.AgentListPageTA.checkStatusOfAgent(AgentListPageTA.java:152)
	at com.ae.qa.testcasesTenantAdmin.AgentListPageTestTA.validateCheckStatusOfAgent(AgentListPageTestTA.java:36)
</failure>
    <system-out><![CDATA[The name of the testcase passed is :validateDownloadAgentTest
[DEBUG] 2023-04-29 15:25:17.523 [TestNG-test=AESanity-1] TestBase - Execution started
[INFO ] 2023-04-29 15:25:19.523 [TestNG-test=AESanity-1] TestBase - Browser started successfully
[INFO ] 2023-04-29 15:25:36.228 [TestNG-test=AESanity-1] TestBase - User is navigated to AE portal
validateCheckStatusOfAgent test case started
User LogIn Succesfully
User navigated to Agents Tab
]]></system-out>
    <system-err><![CDATA[Starting ChromeDriver 112.0.5615.49 (bd2a7bcb881c11e8cfe3078709382934e3916914-refs/branch-heads/5615@{#936}) on port 12213
Only local connections are allowed.
Please see https://chromedriver.chromium.org/security-considerations for suggestions on keeping ChromeDriver safe.
ChromeDriver was started successfully.
Apr 29, 2023 3:25:19 PM org.openqa.selenium.remote.ProtocolHandshake createSession
INFO: Detected dialect: W3C
]]></system-err>
  </testcase>
  <testcase name="validateSingleWorkflowAssignmentTest" classname="com.ae.qa.testcasesTenantAdmin.WorkflowAssignmentPageTestTA" time="31.294"/>
  <testcase name="validateSubmitRequestTest" classname="com.ae.qa.testcasesTenantAdmin.CataloguePageTestTA" time="22.349"/>
  <testcase name="validateRequestStatusTest" classname="com.ae.qa.testcasesTenantAdmin.RequestsPageTestTA" time="39.256"/>
  <testcase name="validatedownloadingAuditLogsTA" classname="com.ae.qa.testcasesTenantAdmin.AuditLogsPageTestTA" time="32.179"/>
  <testcase name="validatecheckColumnsInAuditLogsTA" classname="com.ae.qa.testcasesTenantAdmin.AuditLogsPageTestTA" time="21.373"/>
  <testcase name="validatedeselectAllInAuditLogsTA" classname="com.ae.qa.testcasesTenantAdmin.AuditLogsPageTestTA" time="19.649"/>
  <testcase name="verifySpecificColumnTestTA" classname="com.ae.qa.testcasesTenantAdmin.AuditLogsPageTestTA" time="19.633"/>
  <testcase name="ValidateUnverifiedStatusTest" classname="com.ae.qa.testcasesTenantAdmin.TenantUsersPageTestTA" time="63.818"/>
  <testcase name="ValidateActiveStatusTest" classname="com.ae.qa.testcasesTenantAdmin.TenantUsersPageTestTA" time="44.388"/>
  <testcase name="validateDailyScheduleTest" classname="com.ae.qa.testcasesTenantAdmin.SchedulerPageTestTA" time="64.724"/>
  <testcase name="validateEditDailyScheduleTest" classname="com.ae.qa.testcasesTenantAdmin.SchedulerPageTestTA" time="40.189"/>
  <testcase name="validateWeeklyScheduleTest" classname="com.ae.qa.testcasesTenantAdmin.SchedulerPageTestTA" time="84.463"/>
  <testcase name="validateMonthlyScheduleTest" classname="com.ae.qa.testcasesTenantAdmin.SchedulerPageTestTA" time="82.805"/>
  <testcase name="validateInfineScheduleTest" classname="com.ae.qa.testcasesTenantAdmin.SchedulerPageTestTA" time="73.949"/>
  <testcase name="validateTransferScheduleTest" classname="com.ae.qa.testcasesTenantAdmin.SchedulerPageTestTA" time="28.849"/>
  <testcase name="validatecheckColumnsInAgentList" classname="com.ae.qa.testcasesTenantAdmin.AgentListPageTestTA" time="20.947"/>
  <testcase name="validatedeselectAllInAgentListTA" classname="com.ae.qa.testcasesTenantAdmin.AgentListPageTestTA" time="21.428"/>
  <testcase name="validateSpecificColumnInAgentList" classname="com.ae.qa.testcasesTenantAdmin.AgentListPageTestTA" time="27.245"/>
  <testcase name="validatecheckColumnsInRequests" classname="com.ae.qa.testcasesTenantAdmin.RequestsPageTestTA" time="21.292"/>
  <testcase name="validatedeselectAllInRequests" classname="com.ae.qa.testcasesTenantAdmin.RequestsPageTestTA" time="21.307"/>
  <testcase name="validateSpecificColumnInRequests" classname="com.ae.qa.testcasesTenantAdmin.RequestsPageTestTA" time="27.3"/>
  <testcase name="validateDownloadRequestTest" classname="com.ae.qa.testcasesTenantAdmin.RequestsPageTestTA" time="22.166"/>
  <testcase name="validateAgentLogsTest" classname="com.ae.qa.testcasesTenantAdmin.AgentLogsPageTestTA" time="65.124"/>
  <testcase name="validateWorkflowLogsTest" classname="com.ae.qa.testcasesTenantAdmin.AgentLogsPageTestTA" time="34.864"/>
  <testcase name="validateDashboardNoneTest" classname="com.ae.qa.testcasesTenantAdmin.DashboardsPageTestTA" time="33.169"/>
  <testcase name="validateImportWorkflowWithConfigParamTest" classname="com.ae.qa.testcasesTenantAdmin.WorkflowListPageTestTA" time="55.737"/>
  <testcase name="validateImportWorkflowWithRuntimeParamTest" classname="com.ae.qa.testcasesTenantAdmin.WorkflowListPageTestTA" time="25.68">
    <failure message="invalid argument: File not found : C:\Users\kalyani.gomkale\Downloads\AE_Automation_UploadFiles\WFWithRuntimeParam.zip&#10;  (Session info: chrome=112.0.5615.138)&#10;Build info: version: &apos;3.141.59&apos;, revision: &apos;e82be7d358&apos;, time: &apos;2018-11-14T08:17:03&apos;&#10;System info: host: &apos;DESKTOP-5VHKQUJ&apos;, ip: &apos;192.168.0.103&apos;, os.name: &apos;Windows 10&apos;, os.arch: &apos;amd64&apos;, os.version: &apos;10.0&apos;, java.version: &apos;16.0.2&apos;&#10;Driver info: org.openqa.selenium.chrome.ChromeDriver&#10;Capabilities {acceptInsecureCerts: false, browserName: chrome, browserVersion: 112.0.5615.138, chrome: {chromedriverVersion: 112.0.5615.49 (bd2a7bcb881c..., userDataDir: C:\Users\DELL\AppData\Local...}, goog:chromeOptions: {debuggerAddress: localhost:50571}, javascriptEnabled: true, networkConnectionEnabled: false, pageLoadStrategy: normal, platform: WINDOWS, platformName: WINDOWS, proxy: Proxy(), setWindowRect: true, strictFileInteractability: false, timeouts: {implicit: 0, pageLoad: 300000, script: 30000}, unhandledPromptBehavior: dismiss and notify, webauthn:extension:credBlob: true, webauthn:extension:largeBlob: true, webauthn:extension:minPinLength: true, webauthn:extension:prf: true, webauthn:virtualAuthenticators: true}&#10;Session ID: 4454337c3bc51b4a0ec8f5375f510354" type="org.openqa.selenium.InvalidArgumentException">org.openqa.selenium.InvalidArgumentException: invalid argument: File not found : C:\Users\kalyani.gomkale\Downloads\AE_Automation_UploadFiles\WFWithRuntimeParam.zip
  (Session info: chrome=112.0.5615.138)
Build info: version: '3.141.59', revision: 'e82be7d358', time: '2018-11-14T08:17:03'
System info: host: 'DESKTOP-5VHKQUJ', ip: '192.168.0.103', os.name: 'Windows 10', os.arch: 'amd64', os.version: '10.0', java.version: '16.0.2'
Driver info: org.openqa.selenium.chrome.ChromeDriver
Capabilities {acceptInsecureCerts: false, browserName: chrome, browserVersion: 112.0.5615.138, chrome: {chromedriverVersion: 112.0.5615.49 (bd2a7bcb881c..., userDataDir: C:\Users\DELL\AppData\Local...}, goog:chromeOptions: {debuggerAddress: localhost:50571}, javascriptEnabled: true, networkConnectionEnabled: false, pageLoadStrategy: normal, platform: WINDOWS, platformName: WINDOWS, proxy: Proxy(), setWindowRect: true, strictFileInteractability: false, timeouts: {implicit: 0, pageLoad: 300000, script: 30000}, unhandledPromptBehavior: dismiss and notify, webauthn:extension:credBlob: true, webauthn:extension:largeBlob: true, webauthn:extension:minPinLength: true, webauthn:extension:prf: true, webauthn:virtualAuthenticators: true}
Session ID: 4454337c3bc51b4a0ec8f5375f510354
	at java.base/jdk.internal.reflect.NativeConstructorAccessorImpl.newInstance0(Native Method)
	at java.base/jdk.internal.reflect.NativeConstructorAccessorImpl.newInstance(NativeConstructorAccessorImpl.java:78)
	at java.base/jdk.internal.reflect.DelegatingConstructorAccessorImpl.newInstance(DelegatingConstructorAccessorImpl.java:45)
	at java.base/java.lang.reflect.Constructor.newInstanceWithCaller(Constructor.java:499)
	at java.base/java.lang.reflect.Constructor.newInstance(Constructor.java:480)
	at org.openqa.selenium.remote.http.W3CHttpResponseCodec.createException(W3CHttpResponseCodec.java:187)
	at org.openqa.selenium.remote.http.W3CHttpResponseCodec.decode(W3CHttpResponseCodec.java:122)
	at org.openqa.selenium.remote.http.W3CHttpResponseCodec.decode(W3CHttpResponseCodec.java:49)
	at org.openqa.selenium.remote.HttpCommandExecutor.execute(HttpCommandExecutor.java:158)
	at org.openqa.selenium.remote.service.DriverCommandExecutor.execute(DriverCommandExecutor.java:83)
	at org.openqa.selenium.remote.RemoteWebDriver.execute(RemoteWebDriver.java:552)
	at org.openqa.selenium.remote.RemoteWebElement.execute(RemoteWebElement.java:285)
	at org.openqa.selenium.remote.RemoteWebElement.sendKeys(RemoteWebElement.java:106)
	at jdk.internal.reflect.GeneratedMethodAccessor1.invoke(Unknown Source)
	at java.base/jdk.internal.reflect.DelegatingMethodAccessorImpl.invoke(DelegatingMethodAccessorImpl.java:43)
	at java.base/java.lang.reflect.Method.invoke(Method.java:567)
	at org.openqa.selenium.support.pagefactory.internal.LocatingElementHandler.invoke(LocatingElementHandler.java:51)
	at jdk.proxy2/jdk.proxy2.$Proxy28.sendKeys(Unknown Source)
	at com.ae.qa.pagesTenantAdmin.WorkflowListPageTA.ImportForm(WorkflowListPageTA.java:250)
	at com.ae.qa.pagesTenantAdmin.WorkflowListPageTA.validateImportWorkflowWithRuntimeParam(WorkflowListPageTA.java:334)
	at com.ae.qa.testcasesTenantAdmin.WorkflowListPageTestTA.validateImportWorkflowWithRuntimeParamTest(WorkflowListPageTestTA.java:92)
</failure>
    <system-out><![CDATA[The name of the testcase passed is :validateImportWorkflowWithConfigParamTest
[DEBUG] 2023-04-29 15:45:49.939 [TestNG-test=AESanity-1] TestBase - Execution started
[INFO ] 2023-04-29 15:45:51.289 [TestNG-test=AESanity-1] TestBase - Browser started successfully
[INFO ] 2023-04-29 15:45:56.611 [TestNG-test=AESanity-1] TestBase - User is navigated to AE portal
validateImportWorkflowWithRuntimeParamTest test case started
User logged in successfully
Workflows Tab is clicked
Import button clicked
Enable RDP checkbox is unselected
]]></system-out>
    <system-err><![CDATA[Starting ChromeDriver 112.0.5615.49 (bd2a7bcb881c11e8cfe3078709382934e3916914-refs/branch-heads/5615@{#936}) on port 6013
Only local connections are allowed.
Please see https://chromedriver.chromium.org/security-considerations for suggestions on keeping ChromeDriver safe.
ChromeDriver was started successfully.
Apr 29, 2023 3:45:51 PM org.openqa.selenium.remote.ProtocolHandshake createSession
INFO: Detected dialect: W3C
]]></system-err>
  </testcase>
  <testcase name="validateImportWorkflowWithConfigRuntimeParamTest" classname="com.ae.qa.testcasesTenantAdmin.WorkflowListPageTestTA" time="54.865"/>
  <testcase name="validateImportWorkflowWithCredConfigParamTest" classname="com.ae.qa.testcasesTenantAdmin.WorkflowListPageTestTA" time="59.43"/>
  <testcase name="ValidateShowFileStructureTest" classname="com.ae.qa.testcasesTenantAdmin.WorkflowListPageTestTA" time="28.358"/>
  <testcase name="ValidateUpdateWFWithConfigWFTest" classname="com.ae.qa.testcasesTenantAdmin.WorkflowListPageTestTA" time="34.155"/>
  <testcase name="validateReportNoneMultipleWFTest" classname="com.ae.qa.testcasesTenantAdmin.DashboardsPageTestTA" time="76.855">
    <failure message="Report doesn&apos;t displayed on screen successfully expected [Workflow Execution Summary KG] but found [Workflow Execution Summary KG (Time Unit: Seconds)]" type="java.lang.AssertionError">java.lang.AssertionError: Report doesn't displayed on screen successfully expected [Workflow Execution Summary KG] but found [Workflow Execution Summary KG (Time Unit: Seconds)]
	at org.testng.Assert.fail(Assert.java:110)
	at org.testng.Assert.failNotEquals(Assert.java:1413)
	at org.testng.Assert.assertEqualsImpl(Assert.java:149)
	at org.testng.Assert.assertEquals(Assert.java:131)
	at org.testng.Assert.assertEquals(Assert.java:655)
	at com.ae.qa.pagesTenantAdmin.DashboardsPageTA.createdReportValidation(DashboardsPageTA.java:513)
	at com.ae.qa.pagesTenantAdmin.DashboardsPageTA.validateReportNoneMultipleWF(DashboardsPageTA.java:423)
	at com.ae.qa.testcasesTenantAdmin.DashboardsPageTestTA.validateReportNoneMultipleWFTest(DashboardsPageTestTA.java:52)
</failure>
    <system-out><![CDATA[The name of the testcase passed is :ValidateUpdateWFWithConfigWFTest
[DEBUG] 2023-04-29 15:49:44.226 [TestNG-test=AESanity-1] TestBase - Execution started
[INFO ] 2023-04-29 15:49:48.817 [TestNG-test=AESanity-1] TestBase - Browser started successfully
[INFO ] 2023-04-29 15:50:04.747 [TestNG-test=AESanity-1] TestBase - User is navigated to AE portal
validateReportNoneMultipleWFTest test case started
User logged in successfully
Reports Tab is clicked
Dashboard chosed successfully
Add report is clicked
Report Type selected successfully
Generate on Worklfows radio button already selected
one workflow is selected
Second workflow is selected
Generate button selected successfully
Report added as a chart
Report saved on screen
]]></system-out>
    <system-err><![CDATA[Starting ChromeDriver 112.0.5615.49 (bd2a7bcb881c11e8cfe3078709382934e3916914-refs/branch-heads/5615@{#936}) on port 44730
Only local connections are allowed.
Please see https://chromedriver.chromium.org/security-considerations for suggestions on keeping ChromeDriver safe.
ChromeDriver was started successfully.
Apr 29, 2023 3:49:48 PM org.openqa.selenium.remote.ProtocolHandshake createSession
INFO: Detected dialect: W3C
]]></system-err>
  </testcase>
  <testcase name="validateDashboardTodayTest" classname="com.ae.qa.testcasesTenantAdmin.DashboardsPageTestTA" time="205.372">
    <failure message="Expected condition failed: waiting for visibility of [[ChromeDriver: chrome on WINDOWS (1447a7455720379212c722b1792a82de)] -&gt; xpath: //div/p[@class=&apos;alert-message-text&apos;]] (tried for 120 second(s) with 500 milliseconds interval)" type="org.openqa.selenium.TimeoutException">org.openqa.selenium.TimeoutException: Expected condition failed: waiting for visibility of [[ChromeDriver: chrome on WINDOWS (1447a7455720379212c722b1792a82de)] -> xpath: //div/p[@class='alert-message-text']] (tried for 120 second(s) with 500 milliseconds interval)
	at java.base/jdk.internal.reflect.NativeConstructorAccessorImpl.newInstance0(Native Method)
	at java.base/jdk.internal.reflect.NativeConstructorAccessorImpl.newInstance(NativeConstructorAccessorImpl.java:78)
	at java.base/jdk.internal.reflect.DelegatingConstructorAccessorImpl.newInstance(DelegatingConstructorAccessorImpl.java:45)
	at java.base/java.lang.reflect.Constructor.newInstanceWithCaller(Constructor.java:499)
	at java.base/java.lang.reflect.Constructor.newInstance(Constructor.java:480)
	at org.openqa.selenium.remote.http.W3CHttpResponseCodec.createException(W3CHttpResponseCodec.java:187)
	at org.openqa.selenium.remote.http.W3CHttpResponseCodec.decode(W3CHttpResponseCodec.java:122)
	at org.openqa.selenium.remote.http.W3CHttpResponseCodec.decode(W3CHttpResponseCodec.java:49)
	at org.openqa.selenium.remote.HttpCommandExecutor.execute(HttpCommandExecutor.java:158)
	at org.openqa.selenium.remote.service.DriverCommandExecutor.execute(DriverCommandExecutor.java:83)
	at org.openqa.selenium.remote.RemoteWebDriver.execute(RemoteWebDriver.java:552)
	at org.openqa.selenium.remote.RemoteWebDriver.findElement(RemoteWebDriver.java:323)
	at org.openqa.selenium.remote.RemoteWebDriver.findElementByXPath(RemoteWebDriver.java:428)
	at org.openqa.selenium.By$ByXPath.findElement(By.java:353)
	at org.openqa.selenium.remote.RemoteWebDriver.findElement(RemoteWebDriver.java:315)
	at org.openqa.selenium.support.pagefactory.DefaultElementLocator.findElement(DefaultElementLocator.java:69)
	at org.openqa.selenium.support.pagefactory.internal.LocatingElementHandler.invoke(LocatingElementHandler.java:38)
	at jdk.proxy2/jdk.proxy2.$Proxy28.isDisplayed(Unknown Source)
	at org.openqa.selenium.support.ui.ExpectedConditions.elementIfVisible(ExpectedConditions.java:314)
	at org.openqa.selenium.support.ui.ExpectedConditions.access$000(ExpectedConditions.java:43)
	at org.openqa.selenium.support.ui.ExpectedConditions$10.apply(ExpectedConditions.java:300)
	at org.openqa.selenium.support.ui.ExpectedConditions$10.apply(ExpectedConditions.java:297)
	at org.openqa.selenium.support.ui.FluentWait.until(FluentWait.java:249)
	at com.ae.qa.pagesTenantAdmin.DashboardsPageTA.validateDashboardToday(DashboardsPageTA.java:214)
	at com.ae.qa.testcasesTenantAdmin.DashboardsPageTestTA.validateDashboardTodayTest(DashboardsPageTestTA.java:92)
</failure>
    <system-out><![CDATA[The name of the testcase failed is :validateReportNoneMultipleWFTest
[DEBUG] 2023-04-29 15:51:22.438 [TestNG-test=AESanity-1] TestBase - Execution started
[INFO ] 2023-04-29 15:51:25.950 [TestNG-test=AESanity-1] TestBase - Browser started successfully
[INFO ] 2023-04-29 15:51:35.088 [TestNG-test=AESanity-1] TestBase - User is navigated to AE portal
validateDashboardTodayTest test case started
User logged in successfully
Reports Tab is clicked
New Dashboard button is clicked
Dashboard level is already selcted
Dashboard duration Today selected
]]></system-out>
    <system-err><![CDATA[Starting ChromeDriver 112.0.5615.49 (bd2a7bcb881c11e8cfe3078709382934e3916914-refs/branch-heads/5615@{#936}) on port 38642
Only local connections are allowed.
Please see https://chromedriver.chromium.org/security-considerations for suggestions on keeping ChromeDriver safe.
ChromeDriver was started successfully.
Apr 29, 2023 3:51:25 PM org.openqa.selenium.remote.ProtocolHandshake createSession
INFO: Detected dialect: W3C
]]></system-err>
  </testcase>
  <testcase name="validateReportTodayTest" classname="com.ae.qa.testcasesTenantAdmin.DashboardsPageTestTA" time="58.378">
    <failure message="Report doesn&apos;t displayed on screen successfully expected [Workflow Executed time Report KG] but found [Workflow Executed time Report KG ()]" type="java.lang.AssertionError">java.lang.AssertionError: Report doesn't displayed on screen successfully expected [Workflow Executed time Report KG] but found [Workflow Executed time Report KG ()]
	at org.testng.Assert.fail(Assert.java:110)
	at org.testng.Assert.failNotEquals(Assert.java:1413)
	at org.testng.Assert.assertEqualsImpl(Assert.java:149)
	at org.testng.Assert.assertEquals(Assert.java:131)
	at org.testng.Assert.assertEquals(Assert.java:655)
	at com.ae.qa.pagesTenantAdmin.DashboardsPageTA.createdReportValidation(DashboardsPageTA.java:513)
	at com.ae.qa.pagesTenantAdmin.DashboardsPageTA.validateReportToday(DashboardsPageTA.java:531)
	at com.ae.qa.testcasesTenantAdmin.DashboardsPageTestTA.validateReportTodayTest(DashboardsPageTestTA.java:103)
</failure>
    <system-out><![CDATA[The name of the testcase failed is :validateDashboardTodayTest
[DEBUG] 2023-04-29 15:55:00.886 [TestNG-test=AESanity-1] TestBase - Execution started
[INFO ] 2023-04-29 15:55:02.139 [TestNG-test=AESanity-1] TestBase - Browser started successfully
[INFO ] 2023-04-29 15:55:05.917 [TestNG-test=AESanity-1] TestBase - User is navigated to AE portal
validateReportTodayTest test case started
User logged in successfully
Reports Tab is clicked
Dashboard chosed successfully
Add report is clicked
Report Type selected successfully
Generate on Worklfows radio button already selected
one workflow is selected
Generate button selected successfully
Report added as a chart
Report saved on screen
]]></system-out>
    <system-err><![CDATA[Starting ChromeDriver 112.0.5615.49 (bd2a7bcb881c11e8cfe3078709382934e3916914-refs/branch-heads/5615@{#936}) on port 17601
Only local connections are allowed.
Please see https://chromedriver.chromium.org/security-considerations for suggestions on keeping ChromeDriver safe.
ChromeDriver was started successfully.
Apr 29, 2023 3:55:02 PM org.openqa.selenium.remote.ProtocolHandshake createSession
INFO: Detected dialect: W3C
]]></system-err>
  </testcase>
  <testcase name="validateDashboarRelativeTest" classname="com.ae.qa.testcasesTenantAdmin.DashboardsPageTestTA" time="43.445"/>
  <testcase name="validateReportRelativeTest" classname="com.ae.qa.testcasesTenantAdmin.DashboardsPageTestTA" time="57.757">
    <failure message="Report doesn&apos;t displayed on screen successfully expected [Relative ReportKG] but found [Relative ReportKG ()]" type="java.lang.AssertionError">java.lang.AssertionError: Report doesn't displayed on screen successfully expected [Relative ReportKG] but found [Relative ReportKG ()]
	at org.testng.Assert.fail(Assert.java:110)
	at org.testng.Assert.failNotEquals(Assert.java:1413)
	at org.testng.Assert.assertEqualsImpl(Assert.java:149)
	at org.testng.Assert.assertEquals(Assert.java:131)
	at org.testng.Assert.assertEquals(Assert.java:655)
	at com.ae.qa.pagesTenantAdmin.DashboardsPageTA.createdReportValidation(DashboardsPageTA.java:513)
	at com.ae.qa.pagesTenantAdmin.DashboardsPageTA.validateReportRelative(DashboardsPageTA.java:547)
	at com.ae.qa.testcasesTenantAdmin.DashboardsPageTestTA.validateReportRelativeTest(DashboardsPageTestTA.java:124)
</failure>
    <system-out><![CDATA[The name of the testcase passed is :validateDashboarRelativeTest
[DEBUG] 2023-04-29 15:56:53.644 [TestNG-test=AESanity-1] TestBase - Execution started
[INFO ] 2023-04-29 15:56:54.754 [TestNG-test=AESanity-1] TestBase - Browser started successfully
[INFO ] 2023-04-29 15:56:57.668 [TestNG-test=AESanity-1] TestBase - User is navigated to AE portal
validateReportRelativeTest test case started
User logged in successfully
Reports Tab is clicked
Dashboard chosed successfully
Add report is clicked
Report Type selected successfully
Generate on Worklfows radio button already selected
one workflow is selected
Generate button selected successfully
Report added as a chart
Report saved on screen
]]></system-out>
    <system-err><![CDATA[Starting ChromeDriver 112.0.5615.49 (bd2a7bcb881c11e8cfe3078709382934e3916914-refs/branch-heads/5615@{#936}) on port 43021
Only local connections are allowed.
Please see https://chromedriver.chromium.org/security-considerations for suggestions on keeping ChromeDriver safe.
ChromeDriver was started successfully.
Apr 29, 2023 3:56:54 PM org.openqa.selenium.remote.ProtocolHandshake createSession
INFO: Detected dialect: W3C
]]></system-err>
  </testcase>
  <testcase name="validateEditDashboardToCustomTest" classname="com.ae.qa.testcasesTenantAdmin.DashboardsPageTestTA" time="67.191"/>
  <testcase name="validateReportCustomTest" classname="com.ae.qa.testcasesTenantAdmin.DashboardsPageTestTA" time="58.012">
    <failure message="Report doesn&apos;t displayed on screen successfully expected [Custom Report KG] but found [Custom Report KG (Time Unit: Minutes)]" type="java.lang.AssertionError">java.lang.AssertionError: Report doesn't displayed on screen successfully expected [Custom Report KG] but found [Custom Report KG (Time Unit: Minutes)]
	at org.testng.Assert.fail(Assert.java:110)
	at org.testng.Assert.failNotEquals(Assert.java:1413)
	at org.testng.Assert.assertEqualsImpl(Assert.java:149)
	at org.testng.Assert.assertEquals(Assert.java:131)
	at org.testng.Assert.assertEquals(Assert.java:655)
	at com.ae.qa.pagesTenantAdmin.DashboardsPageTA.validateReportCustom(DashboardsPageTA.java:644)
	at com.ae.qa.testcasesTenantAdmin.DashboardsPageTestTA.validateReportCustomTest(DashboardsPageTestTA.java:224)
</failure>
    <system-out><![CDATA[The name of the testcase passed is :validateEditDashboardToCustomTest
[DEBUG] 2023-04-29 15:59:07.305 [TestNG-test=AESanity-1] TestBase - Execution started
[INFO ] 2023-04-29 15:59:08.258 [TestNG-test=AESanity-1] TestBase - Browser started successfully
[INFO ] 2023-04-29 15:59:11.768 [TestNG-test=AESanity-1] TestBase - User is navigated to AE portal
validateReportCustomTest test case started
User logged in successfully
Reports Tab is clicked
Dashboard chosed successfully
Add report is clicked
Report Type selected successfully
Generate on Worklfows radio button already selected
one workflow is selected
Generate button selected successfully
Report added as a Table
Report saved on screen
]]></system-out>
    <system-err><![CDATA[[1682764147.175][SEVERE]: Unable to receive message from renderer
Starting ChromeDriver 112.0.5615.49 (bd2a7bcb881c11e8cfe3078709382934e3916914-refs/branch-heads/5615@{#936}) on port 17253
Only local connections are allowed.
Please see https://chromedriver.chromium.org/security-considerations for suggestions on keeping ChromeDriver safe.
ChromeDriver was started successfully.
Apr 29, 2023 3:59:08 PM org.openqa.selenium.remote.ProtocolHandshake createSession
INFO: Detected dialect: W3C
]]></system-err>
  </testcase>
  <testcase name="validateSetAsDefaultReportTest" classname="com.ae.qa.testcasesTenantAdmin.DashboardsPageTestTA" time="22.876"/>
  <testcase name="validatePinToHomeTest" classname="com.ae.qa.testcasesTenantAdmin.DashboardsPageTestTA" time="20.927"/>
  <testcase name="validateMakePublicTest" classname="com.ae.qa.testcasesTenantAdmin.DashboardsPageTestTA" time="21.296"/>
  <testcase name="validateDeleteDashboardWithReportTest" classname="com.ae.qa.testcasesTenantAdmin.DashboardsPageTestTA" time="24.757"/>
  <testcase name="validateDeleteDashboardWithoutReportTest" classname="com.ae.qa.testcasesTenantAdmin.DashboardsPageTestTA" time="30.682">
    <failure message="Dashboard not created expected [Dashboard created successfully] but found []" type="java.lang.AssertionError">java.lang.AssertionError: Dashboard not created expected [Dashboard created successfully] but found []
	at org.testng.Assert.fail(Assert.java:110)
	at org.testng.Assert.failNotEquals(Assert.java:1413)
	at org.testng.Assert.assertEqualsImpl(Assert.java:149)
	at org.testng.Assert.assertEquals(Assert.java:131)
	at org.testng.Assert.assertEquals(Assert.java:655)
	at com.ae.qa.pagesTenantAdmin.DashboardsPageTA.validateDeleteDashboardWithoutReport(DashboardsPageTA.java:756)
	at com.ae.qa.testcasesTenantAdmin.DashboardsPageTestTA.validateDeleteDashboardWithoutReportTest(DashboardsPageTestTA.java:270)
</failure>
    <system-out><![CDATA[The name of the testcase passed is :validateDeleteDashboardWithReportTest
[DEBUG] 2023-04-29 16:02:00.684 [TestNG-test=AESanity-1] TestBase - Execution started
[INFO ] 2023-04-29 16:02:01.916 [TestNG-test=AESanity-1] TestBase - Browser started successfully
[INFO ] 2023-04-29 16:02:04.719 [TestNG-test=AESanity-1] TestBase - User is navigated to AE portal
validateDeleteDashboardWithoutReportTest test case started
User logged in successfully
Reports Tab is clicked
New Dashboard button is clicked
Dashboard level is already selcted
Dashboard duration None selected
Actual Success Msg:
Expected Success Msg:Dashboard created successfully
]]></system-out>
    <system-err><![CDATA[[1682764320.328][SEVERE]: Unable to receive message from renderer
Starting ChromeDriver 112.0.5615.49 (bd2a7bcb881c11e8cfe3078709382934e3916914-refs/branch-heads/5615@{#936}) on port 25004
Only local connections are allowed.
Please see https://chromedriver.chromium.org/security-considerations for suggestions on keeping ChromeDriver safe.
ChromeDriver was started successfully.
Apr 29, 2023 4:02:01 PM org.openqa.selenium.remote.ProtocolHandshake createSession
INFO: Detected dialect: W3C
]]></system-err>
  </testcase>
  <testcase name="validateCreateDataSourcePostgresTest" classname="com.ae.qa.testcasesTenantAdmin.DataSourcesPageTestTA" time="95.813">
    <failure message="Test Connection failed expected [Test Connection Successful] but found [Can&apos;t create connection for dataSource vae]" type="java.lang.AssertionError">java.lang.AssertionError: Test Connection failed expected [Test Connection Successful] but found [Can't create connection for dataSource vae]
	at org.testng.Assert.fail(Assert.java:110)
	at org.testng.Assert.failNotEquals(Assert.java:1413)
	at org.testng.Assert.assertEqualsImpl(Assert.java:149)
	at org.testng.Assert.assertEquals(Assert.java:131)
	at org.testng.Assert.assertEquals(Assert.java:655)
	at com.ae.qa.pagesTenantAdmin.DataSourcesPageTA.validateCreateDataSourcePostgres(DataSourcesPageTA.java:90)
	at com.ae.qa.testcasesTenantAdmin.DataSourcesPageTestTA.validateCreateDataSourcePostgresTest(DataSourcesPageTestTA.java:24)
</failure>
    <system-out><![CDATA[The name of the testcase failed is :validateDeleteDashboardWithoutReportTest
[DEBUG] 2023-04-29 16:02:35.981 [TestNG-test=AESanity-1] TestBase - Execution started
[INFO ] 2023-04-29 16:02:36.901 [TestNG-test=AESanity-1] TestBase - Browser started successfully
[INFO ] 2023-04-29 16:02:40.076 [TestNG-test=AESanity-1] TestBase - User is navigated to AE portal
validateCreateDataSourcePostgresTest test case started
User LogIn Succesfully
Report tab clicked
DataSource  tab clicked
Data-Source Form opened
Button Clicked
Actual datsource-Test message is :Can't create connection for dataSource vae
Expected datasource-test message is :Test Connection Successful
]]></system-out>
    <system-err><![CDATA[Starting ChromeDriver 112.0.5615.49 (bd2a7bcb881c11e8cfe3078709382934e3916914-refs/branch-heads/5615@{#936}) on port 24990
Only local connections are allowed.
Please see https://chromedriver.chromium.org/security-considerations for suggestions on keeping ChromeDriver safe.
ChromeDriver was started successfully.
Apr 29, 2023 4:02:36 PM org.openqa.selenium.remote.ProtocolHandshake createSession
INFO: Detected dialect: W3C
]]></system-err>
  </testcase>
  <testcase name="validateUpdationPurgePolicyDurationTATest" classname="com.ae.qa.testcasesTenantAdmin.PurgePolicyPageTestTA" time="37.958"/>
  <testcase name="validateAddSmtpServerTATest" classname="com.ae.qa.testcasesTenantAdmin.SmtpPageTestTA" time="42.895"/>
  <testcase name="validateEditSmtpServerTATest" classname="com.ae.qa.testcasesTenantAdmin.SmtpPageTestTA" time="29.835"/>
  <testcase name="validatePswdComplexityTATest" classname="com.ae.qa.testcasesTenantAdmin.TenantPolicyPageTestTA" time="39.61"/>
  <testcase name="validatePasswordHistoryTATest" classname="com.ae.qa.testcasesTenantAdmin.TenantPolicyPageTestTA" time="73.718"/>
  <testcase name="validateNoOfAttemptsTATest" classname="com.ae.qa.testcasesTenantAdmin.TenantPolicyPageTestTA" time="129.183"/>
  <testcase name="validateLastLoginTATest" classname="com.ae.qa.testcasesTenantAdmin.InformationPageTestTA" time="20.79"/>
  <testcase name="validateViewProfileTATest" classname="com.ae.qa.testcasesTenantAdmin.InformationPageTestTA" time="45.673"/>
  <testcase name="validateSetTenantLogo" classname="com.ae.qa.testcasesTenantAdmin.InformationPageTestTA" time="28.6"/>
  <testcase name="validateRemoveTenantLogo" classname="com.ae.qa.testcasesTenantAdmin.InformationPageTestTA" time="21.572"/>
  <testcase name="valiateEnableLockedUserTest" classname="com.ae.qa.testcasesTenantAdmin.TenantUsersPageTestTA" time="32.46"/>
  <testcase name="validateUploadSinglePluginsTest" classname="com.ae.qa.testcases.PluginsPageTest" time="34.523"/>
  <testcase name="validateAssignPluginSingleTenantTest" classname="com.ae.qa.testcases.PluginAssignmentsPageTest" time="79.644"/>
  <testcase name="validateAssignTenantSinglePluginTest" classname="com.ae.qa.testcases.PluginAssignmentsPageTest" time="43.149"/>
  <testcase name="validateAssignPluginAllTenantTest" classname="com.ae.qa.testcases.PluginAssignmentsPageTest" time="64.781"/>
  <testcase name="validateUploadDriverTest" classname="com.ae.qa.testcases.FileManagementPageTest" time="36.807"/>
  <testcase name="validateDisableWorkflowsTest" classname="com.ae.qa.testcases.WorkflowsPageTest" time="29.32"/>
  <testcase name="validateEnableWorkflowsTest" classname="com.ae.qa.testcases.WorkflowsPageTest" time="31.002"/>
  <testcase name="ValidateUpdatePSTest" classname="com.ae.qa.testcases.ArtifactsPageTest" time="88.142"/>
  <testcase name="validateUnlockUserWithSecQueAndResetPswdTest" classname="com.ae.qa.testcases.LoginPageTest" time="46.271"/>
  <testcase name="ValidateLoginOfUnlockUserTest" classname="com.ae.qa.testcases.LoginPageTest" time="15.617"/>
  <testcase name="validateAddIntegrationServicesTest" classname="com.ae.qa.testcases.IntegrationServicePageTest" time="66.482"/>
  <testcase name="validateEditIntegrationServicesTest" classname="com.ae.qa.testcases.IntegrationServicePageTest" time="29.798"/>
  <testcase name="validateDownloadIntegrationServicesTest" classname="com.ae.qa.testcases.IntegrationServicePageTest" time="22.795"/>
  <testcase name="validateEnableIntForMultipleTATest" classname="com.ae.qa.testcases.IntegrationServicePageTest" time="31.117">
    <failure message="stale element reference: element is not attached to the page document&#10;  (Session info: chrome=112.0.5615.138)&#10;For documentation on this error, please visit: https://www.seleniumhq.org/exceptions/stale_element_reference.html&#10;Build info: version: &apos;3.141.59&apos;, revision: &apos;e82be7d358&apos;, time: &apos;2018-11-14T08:17:03&apos;&#10;System info: host: &apos;DESKTOP-5VHKQUJ&apos;, ip: &apos;192.168.0.103&apos;, os.name: &apos;Windows 10&apos;, os.arch: &apos;amd64&apos;, os.version: &apos;10.0&apos;, java.version: &apos;16.0.2&apos;&#10;Driver info: org.openqa.selenium.chrome.ChromeDriver&#10;Capabilities {acceptInsecureCerts: false, browserName: chrome, browserVersion: 112.0.5615.138, chrome: {chromedriverVersion: 112.0.5615.49 (bd2a7bcb881c..., userDataDir: C:\Users\DELL\AppData\Local...}, goog:chromeOptions: {debuggerAddress: localhost:52498}, javascriptEnabled: true, networkConnectionEnabled: false, pageLoadStrategy: normal, platform: WINDOWS, platformName: WINDOWS, proxy: Proxy(), setWindowRect: true, strictFileInteractability: false, timeouts: {implicit: 0, pageLoad: 300000, script: 30000}, unhandledPromptBehavior: dismiss and notify, webauthn:extension:credBlob: true, webauthn:extension:largeBlob: true, webauthn:extension:minPinLength: true, webauthn:extension:prf: true, webauthn:virtualAuthenticators: true}&#10;Session ID: bad32d32646b800d61b4c7d4c65ac7d6" type="org.openqa.selenium.StaleElementReferenceException">org.openqa.selenium.StaleElementReferenceException: stale element reference: element is not attached to the page document
  (Session info: chrome=112.0.5615.138)
For documentation on this error, please visit: https://www.seleniumhq.org/exceptions/stale_element_reference.html
Build info: version: '3.141.59', revision: 'e82be7d358', time: '2018-11-14T08:17:03'
System info: host: 'DESKTOP-5VHKQUJ', ip: '192.168.0.103', os.name: 'Windows 10', os.arch: 'amd64', os.version: '10.0', java.version: '16.0.2'
Driver info: org.openqa.selenium.chrome.ChromeDriver
Capabilities {acceptInsecureCerts: false, browserName: chrome, browserVersion: 112.0.5615.138, chrome: {chromedriverVersion: 112.0.5615.49 (bd2a7bcb881c..., userDataDir: C:\Users\DELL\AppData\Local...}, goog:chromeOptions: {debuggerAddress: localhost:52498}, javascriptEnabled: true, networkConnectionEnabled: false, pageLoadStrategy: normal, platform: WINDOWS, platformName: WINDOWS, proxy: Proxy(), setWindowRect: true, strictFileInteractability: false, timeouts: {implicit: 0, pageLoad: 300000, script: 30000}, unhandledPromptBehavior: dismiss and notify, webauthn:extension:credBlob: true, webauthn:extension:largeBlob: true, webauthn:extension:minPinLength: true, webauthn:extension:prf: true, webauthn:virtualAuthenticators: true}
Session ID: bad32d32646b800d61b4c7d4c65ac7d6
	at java.base/jdk.internal.reflect.NativeConstructorAccessorImpl.newInstance0(Native Method)
	at java.base/jdk.internal.reflect.NativeConstructorAccessorImpl.newInstance(NativeConstructorAccessorImpl.java:78)
	at java.base/jdk.internal.reflect.DelegatingConstructorAccessorImpl.newInstance(DelegatingConstructorAccessorImpl.java:45)
	at java.base/java.lang.reflect.Constructor.newInstanceWithCaller(Constructor.java:499)
	at java.base/java.lang.reflect.Constructor.newInstance(Constructor.java:480)
	at org.openqa.selenium.remote.http.W3CHttpResponseCodec.createException(W3CHttpResponseCodec.java:187)
	at org.openqa.selenium.remote.http.W3CHttpResponseCodec.decode(W3CHttpResponseCodec.java:122)
	at org.openqa.selenium.remote.http.W3CHttpResponseCodec.decode(W3CHttpResponseCodec.java:49)
	at org.openqa.selenium.remote.HttpCommandExecutor.execute(HttpCommandExecutor.java:158)
	at org.openqa.selenium.remote.service.DriverCommandExecutor.execute(DriverCommandExecutor.java:83)
	at org.openqa.selenium.remote.RemoteWebDriver.execute(RemoteWebDriver.java:552)
	at org.openqa.selenium.remote.RemoteWebElement.execute(RemoteWebElement.java:285)
	at org.openqa.selenium.remote.RemoteWebElement.isDisplayed(RemoteWebElement.java:326)
	at jdk.internal.reflect.GeneratedMethodAccessor3.invoke(Unknown Source)
	at java.base/jdk.internal.reflect.DelegatingMethodAccessorImpl.invoke(DelegatingMethodAccessorImpl.java:43)
	at java.base/java.lang.reflect.Method.invoke(Method.java:567)
	at org.openqa.selenium.support.pagefactory.internal.LocatingElementHandler.invoke(LocatingElementHandler.java:51)
	at jdk.proxy2/jdk.proxy2.$Proxy28.isDisplayed(Unknown Source)
	at org.openqa.selenium.support.ui.ExpectedConditions.elementIfVisible(ExpectedConditions.java:314)
	at org.openqa.selenium.support.ui.ExpectedConditions.access$000(ExpectedConditions.java:43)
	at org.openqa.selenium.support.ui.ExpectedConditions$10.apply(ExpectedConditions.java:300)
	at org.openqa.selenium.support.ui.ExpectedConditions$10.apply(ExpectedConditions.java:297)
	at org.openqa.selenium.support.ui.FluentWait.until(FluentWait.java:249)
	at com.ae.qa.pages.IntegrationServicesPage.validateEnableIntForMultipleTA(IntegrationServicesPage.java:227)
	at com.ae.qa.testcases.IntegrationServicePageTest.validateEnableIntForMultipleTATest(IntegrationServicePageTest.java:56)
</failure>
    <system-out><![CDATA[The name of the testcase passed is :validateDownloadIntegrationServicesTest
[DEBUG] 2023-04-29 16:24:28.351 [TestNG-test=AESanity-1] TestBase - Execution started
[INFO ] 2023-04-29 16:24:29.612 [TestNG-test=AESanity-1] TestBase - Browser started successfully
[INFO ] 2023-04-29 16:24:33.702 [TestNG-test=AESanity-1] TestBase - User is navigated to AE portal
validateEnableIntForMultipleTATest test case started
User log in Successfully
Enable button is clicked
Integration service enable for Tenant1: KG01 and allowed number of configuration is: 2
Integration service enable for Tenant2: KG02 and allowed number of configuration is: 1
Submit button is clicked
actual success msg is: Operation completed successfully
Integration service enabled for multiple tenant
User signed out successfully
]]></system-out>
    <system-err><![CDATA[Starting ChromeDriver 112.0.5615.49 (bd2a7bcb881c11e8cfe3078709382934e3916914-refs/branch-heads/5615@{#936}) on port 32396
Only local connections are allowed.
Please see https://chromedriver.chromium.org/security-considerations for suggestions on keeping ChromeDriver safe.
ChromeDriver was started successfully.
Apr 29, 2023 4:24:29 PM org.openqa.selenium.remote.ProtocolHandshake createSession
INFO: Detected dialect: W3C
]]></system-err>
  </testcase>
  <testcase name="validateAddIntegrationTypesTest" classname="com.ae.qa.testcases.IntegrationTypesPageTest" time="37.6"/>
  <testcase name="validateEditIntegrationTypesTest" classname="com.ae.qa.testcases.IntegrationTypesPageTest" time="33.801"/>
  <testcase name="validateSearchFunctionalityTest" classname="com.ae.qa.testcases.HomePageTest" time="22.975"/>
  <testcase name="validateSearchFunctionalityTATest" classname="com.ae.qa.testcasesTenantAdmin.HomePageTestTA" time="11.685"/>
  <testcase name="validateAddIntegrationServicesTATest" classname="com.ae.qa.testcasesTenantAdmin.IntegrationServicePageTestTA" time="61.962"/>
  <testcase name="validateEditIntegrationServicesTATest" classname="com.ae.qa.testcasesTenantAdmin.IntegrationServicePageTestTA" time="24.431"/>
  <testcase name="validateDownloadIntegrationServicesTATest" classname="com.ae.qa.testcasesTenantAdmin.IntegrationServicePageTestTA" time="18.008"/>
  <testcase name="validateAddIntegrationTypesTATest" classname="com.ae.qa.testcasesTenantAdmin.IntegrationTypesPageTestTA" time="31.061"/>
  <testcase name="validateTypeConfBothTATest" classname="com.ae.qa.testcasesTenantAdmin.IntegrationTypeConfigPageTestTA" time="67.59">
    <failure message="no such element: Unable to locate element: {&quot;method&quot;:&quot;xpath&quot;,&quot;selector&quot;:&quot;//button[@name=&apos;test-smtp&apos;]&quot;}&#10;  (Session info: chrome=112.0.5615.138)&#10;For documentation on this error, please visit: https://www.seleniumhq.org/exceptions/no_such_element.html&#10;Build info: version: &apos;3.141.59&apos;, revision: &apos;e82be7d358&apos;, time: &apos;2018-11-14T08:17:03&apos;&#10;System info: host: &apos;DESKTOP-5VHKQUJ&apos;, ip: &apos;192.168.0.103&apos;, os.name: &apos;Windows 10&apos;, os.arch: &apos;amd64&apos;, os.version: &apos;10.0&apos;, java.version: &apos;16.0.2&apos;&#10;Driver info: org.openqa.selenium.chrome.ChromeDriver&#10;Capabilities {acceptInsecureCerts: false, browserName: chrome, browserVersion: 112.0.5615.138, chrome: {chromedriverVersion: 112.0.5615.49 (bd2a7bcb881c..., userDataDir: C:\Users\DELL\AppData\Local...}, goog:chromeOptions: {debuggerAddress: localhost:52767}, javascriptEnabled: true, networkConnectionEnabled: false, pageLoadStrategy: normal, platform: WINDOWS, platformName: WINDOWS, proxy: Proxy(), setWindowRect: true, strictFileInteractability: false, timeouts: {implicit: 0, pageLoad: 300000, script: 30000}, unhandledPromptBehavior: dismiss and notify, webauthn:extension:credBlob: true, webauthn:extension:largeBlob: true, webauthn:extension:minPinLength: true, webauthn:extension:prf: true, webauthn:virtualAuthenticators: true}&#10;Session ID: 349839e00f4dc0105388768fae5596e0&#10;*** Element info: {Using=xpath, value=//button[@name=&apos;test-smtp&apos;]}" type="org.openqa.selenium.NoSuchElementException">org.openqa.selenium.NoSuchElementException: no such element: Unable to locate element: {"method":"xpath","selector":"//button[@name='test-smtp']"}
  (Session info: chrome=112.0.5615.138)
For documentation on this error, please visit: https://www.seleniumhq.org/exceptions/no_such_element.html
Build info: version: '3.141.59', revision: 'e82be7d358', time: '2018-11-14T08:17:03'
System info: host: 'DESKTOP-5VHKQUJ', ip: '192.168.0.103', os.name: 'Windows 10', os.arch: 'amd64', os.version: '10.0', java.version: '16.0.2'
Driver info: org.openqa.selenium.chrome.ChromeDriver
Capabilities {acceptInsecureCerts: false, browserName: chrome, browserVersion: 112.0.5615.138, chrome: {chromedriverVersion: 112.0.5615.49 (bd2a7bcb881c..., userDataDir: C:\Users\DELL\AppData\Local...}, goog:chromeOptions: {debuggerAddress: localhost:52767}, javascriptEnabled: true, networkConnectionEnabled: false, pageLoadStrategy: normal, platform: WINDOWS, platformName: WINDOWS, proxy: Proxy(), setWindowRect: true, strictFileInteractability: false, timeouts: {implicit: 0, pageLoad: 300000, script: 30000}, unhandledPromptBehavior: dismiss and notify, webauthn:extension:credBlob: true, webauthn:extension:largeBlob: true, webauthn:extension:minPinLength: true, webauthn:extension:prf: true, webauthn:virtualAuthenticators: true}
Session ID: 349839e00f4dc0105388768fae5596e0
*** Element info: {Using=xpath, value=//button[@name='test-smtp']}
	at java.base/jdk.internal.reflect.NativeConstructorAccessorImpl.newInstance0(Native Method)
	at java.base/jdk.internal.reflect.NativeConstructorAccessorImpl.newInstance(NativeConstructorAccessorImpl.java:78)
	at java.base/jdk.internal.reflect.DelegatingConstructorAccessorImpl.newInstance(DelegatingConstructorAccessorImpl.java:45)
	at java.base/java.lang.reflect.Constructor.newInstanceWithCaller(Constructor.java:499)
	at java.base/java.lang.reflect.Constructor.newInstance(Constructor.java:480)
	at org.openqa.selenium.remote.http.W3CHttpResponseCodec.createException(W3CHttpResponseCodec.java:187)
	at org.openqa.selenium.remote.http.W3CHttpResponseCodec.decode(W3CHttpResponseCodec.java:122)
	at org.openqa.selenium.remote.http.W3CHttpResponseCodec.decode(W3CHttpResponseCodec.java:49)
	at org.openqa.selenium.remote.HttpCommandExecutor.execute(HttpCommandExecutor.java:158)
	at org.openqa.selenium.remote.service.DriverCommandExecutor.execute(DriverCommandExecutor.java:83)
	at org.openqa.selenium.remote.RemoteWebDriver.execute(RemoteWebDriver.java:552)
	at org.openqa.selenium.remote.RemoteWebDriver.findElement(RemoteWebDriver.java:323)
	at org.openqa.selenium.remote.RemoteWebDriver.findElementByXPath(RemoteWebDriver.java:428)
	at org.openqa.selenium.By$ByXPath.findElement(By.java:353)
	at org.openqa.selenium.remote.RemoteWebDriver.findElement(RemoteWebDriver.java:315)
	at org.openqa.selenium.support.pagefactory.DefaultElementLocator.findElement(DefaultElementLocator.java:69)
	at org.openqa.selenium.support.pagefactory.internal.LocatingElementHandler.invoke(LocatingElementHandler.java:38)
	at jdk.proxy2/jdk.proxy2.$Proxy28.click(Unknown Source)
	at com.ae.qa.pagesTenantAdmin.IntegrationTypeConfigPageTA.validateTypeConfBothTA(IntegrationTypeConfigPageTA.java:170)
	at com.ae.qa.testcasesTenantAdmin.IntegrationTypeConfigPageTestTA.validateTypeConfBothTATest(IntegrationTypeConfigPageTestTA.java:28)
</failure>
    <system-out><![CDATA[The name of the testcase passed is :validateAddIntegrationTypesTATest
[DEBUG] 2023-04-29 16:30:03.739 [TestNG-test=AESanity-1] TestBase - Execution started
[INFO ] 2023-04-29 16:30:04.960 [TestNG-test=AESanity-1] TestBase - Browser started successfully
[INFO ] 2023-04-29 16:30:08.954 [TestNG-test=AESanity-1] TestBase - User is navigated to AE portal
validateTypeConfBothTATest test case started
User log in Successfully
Type selected from dropdown
Service selected from dropdown
Update response via service checkbox is already selected
Timezone selected
Polling schedule is set
]]></system-out>
    <system-err><![CDATA[Starting ChromeDriver 112.0.5615.49 (bd2a7bcb881c11e8cfe3078709382934e3916914-refs/branch-heads/5615@{#936}) on port 39774
Only local connections are allowed.
Please see https://chromedriver.chromium.org/security-considerations for suggestions on keeping ChromeDriver safe.
ChromeDriver was started successfully.
Apr 29, 2023 4:30:04 PM org.openqa.selenium.remote.ProtocolHandshake createSession
INFO: Detected dialect: W3C
]]></system-err>
  </testcase>
  <testcase name="ValidateConfigureOKTAwidOpenIDTest" classname="com.ae.qa.testcasesTenantAdmin.TenantUserSSOPageTestTA" time="122.984">
    <failure message="Keys to send should be a not null CharSequence" type="java.lang.IllegalArgumentException">java.lang.IllegalArgumentException: Keys to send should be a not null CharSequence
	at org.openqa.selenium.remote.RemoteWebElement.sendKeys(RemoteWebElement.java:97)
	at jdk.internal.reflect.GeneratedMethodAccessor1.invoke(Unknown Source)
	at java.base/jdk.internal.reflect.DelegatingMethodAccessorImpl.invoke(DelegatingMethodAccessorImpl.java:43)
	at java.base/java.lang.reflect.Method.invoke(Method.java:567)
	at org.openqa.selenium.support.pagefactory.internal.LocatingElementHandler.invoke(LocatingElementHandler.java:51)
	at jdk.proxy2/jdk.proxy2.$Proxy28.sendKeys(Unknown Source)
	at com.ae.qa.pagesTenantAdmin.TenantUserSSOPageTA.ValidateConfigureOKTAwidOpenID(TenantUserSSOPageTA.java:127)
	at com.ae.qa.testcasesTenantAdmin.TenantUserSSOPageTestTA.ValidateConfigureOKTAwidOpenIDTest(TenantUserSSOPageTestTA.java:25)
</failure>
    <system-out><![CDATA[The name of the testcase failed is :validateTypeConfBothTATest
[DEBUG] 2023-04-29 16:31:16.989 [TestNG-test=AESanity-1] TestBase - Execution started
[INFO ] 2023-04-29 16:31:17.953 [TestNG-test=AESanity-1] TestBase - Browser started successfully
[INFO ] 2023-04-29 16:31:22.550 [TestNG-test=AESanity-1] TestBase - User is navigated to AE portal
ValidateConfigureOKTAwidOpenIDTest test case started
User log in Successfully
Success message: Tenant created successfully
Tenant created successfully
Below validation is to validate new tenant record is visible in webtable
Actual:OKTA_OpenIDExpected:OKTA_OpenID
New Tenant is present in the table-Validated successfully
User signed out successfully
User logged in successfully
started creating new Tenant
User is created successfully
Actual Username:OKTA1
Expected Username:OKTA1
New user is verified and present in the webtable
User signed out successfully
User changed first time password of User Successfully
User log in Successfully
Single Sign-on Tab is clicked
Input text is:null
]]></system-out>
    <system-err><![CDATA[[1682766076.764][SEVERE]: Unable to receive message from renderer
Starting ChromeDriver 112.0.5615.49 (bd2a7bcb881c11e8cfe3078709382934e3916914-refs/branch-heads/5615@{#936}) on port 35184
Only local connections are allowed.
Please see https://chromedriver.chromium.org/security-considerations for suggestions on keeping ChromeDriver safe.
ChromeDriver was started successfully.
Apr 29, 2023 4:31:17 PM org.openqa.selenium.remote.ProtocolHandshake createSession
INFO: Detected dialect: W3C
java.io.FileNotFoundException: C:\Users\kalyanig\Downloads\AE_Automation_UploadFiles\oauth-authorization-server.json (The system cannot find the path specified)
	at java.base/java.io.FileInputStream.open0(Native Method)
	at java.base/java.io.FileInputStream.open(FileInputStream.java:211)
	at java.base/java.io.FileInputStream.<init>(FileInputStream.java:153)
	at java.base/java.io.FileInputStream.<init>(FileInputStream.java:108)
	at java.base/java.io.FileReader.<init>(FileReader.java:60)
	at com.ae.qa.util.TestUtil.getTextFromTextFile(TestUtil.java:128)
	at com.ae.qa.pagesTenantAdmin.TenantUserSSOPageTA.ValidateConfigureOKTAwidOpenID(TenantUserSSOPageTA.java:125)
	at com.ae.qa.testcasesTenantAdmin.TenantUserSSOPageTestTA.ValidateConfigureOKTAwidOpenIDTest(TenantUserSSOPageTestTA.java:25)
	at java.base/jdk.internal.reflect.NativeMethodAccessorImpl.invoke0(Native Method)
	at java.base/jdk.internal.reflect.NativeMethodAccessorImpl.invoke(NativeMethodAccessorImpl.java:78)
	at java.base/jdk.internal.reflect.DelegatingMethodAccessorImpl.invoke(DelegatingMethodAccessorImpl.java:43)
	at java.base/java.lang.reflect.Method.invoke(Method.java:567)
	at org.testng.internal.invokers.MethodInvocationHelper.invokeMethod(MethodInvocationHelper.java:139)
	at org.testng.internal.invokers.TestInvoker.invokeMethod(TestInvoker.java:677)
	at org.testng.internal.invokers.TestInvoker.invokeTestMethod(TestInvoker.java:221)
	at org.testng.internal.invokers.MethodRunner.runInSequence(MethodRunner.java:50)
	at org.testng.internal.invokers.TestInvoker$MethodInvocationAgent.invoke(TestInvoker.java:962)
	at org.testng.internal.invokers.TestInvoker.invokeTestMethods(TestInvoker.java:194)
	at org.testng.internal.invokers.TestMethodWorker.invokeTestMethods(TestMethodWorker.java:148)
	at org.testng.internal.invokers.TestMethodWorker.run(TestMethodWorker.java:128)
	at java.base/java.util.concurrent.ThreadPoolExecutor.runWorker(ThreadPoolExecutor.java:1130)
	at java.base/java.util.concurrent.ThreadPoolExecutor$Worker.run(ThreadPoolExecutor.java:630)
	at java.base/java.lang.Thread.run(Thread.java:831)
]]></system-err>
  </testcase>
  <testcase name="validateTenantsPageTest" classname="com.ae.qa.testcases.TenantsPageTest" time="25.524"/>
  <testcase name="validateSystemUsersPageTest" classname="com.ae.qa.testcases.SystemUsersPageTest" time="26.601"/>
  <testcase name="validateTenantUsersPageTest" classname="com.ae.qa.testcases.TenantUsersPageTest" time="30.575"/>
  <testcase name="validateWorkflowsPageTest" classname="com.ae.qa.testcases.WorkflowsPageTest" time="24.432"/>
  <testcase name="validateLogsPageTest" classname="com.ae.qa.testcases.AuditLogsPageTest" time="26.687"/>
  <testcase name="validateArtifactsPageTest" classname="com.ae.qa.testcases.ArtifactsPageTest" time="24.616"/>
  <testcase name="validatePluginsPageTest" classname="com.ae.qa.testcases.PluginsPageTest" time="24.702"/>
  <testcase name="validatePluginAssignmentsPageTest" classname="com.ae.qa.testcases.PluginAssignmentsPageTest" time="4.102">
    <failure message="stale element reference: element is not attached to the page document&#10;  (Session info: chrome=112.0.5615.138)&#10;For documentation on this error, please visit: https://www.seleniumhq.org/exceptions/stale_element_reference.html&#10;Build info: version: &apos;3.141.59&apos;, revision: &apos;e82be7d358&apos;, time: &apos;2018-11-14T08:17:03&apos;&#10;System info: host: &apos;DESKTOP-5VHKQUJ&apos;, ip: &apos;192.168.0.103&apos;, os.name: &apos;Windows 10&apos;, os.arch: &apos;amd64&apos;, os.version: &apos;10.0&apos;, java.version: &apos;16.0.2&apos;&#10;Driver info: org.openqa.selenium.chrome.ChromeDriver&#10;Capabilities {acceptInsecureCerts: false, browserName: chrome, browserVersion: 112.0.5615.138, chrome: {chromedriverVersion: 112.0.5615.49 (bd2a7bcb881c..., userDataDir: C:\Users\DELL\AppData\Local...}, goog:chromeOptions: {debuggerAddress: localhost:53068}, javascriptEnabled: true, networkConnectionEnabled: false, pageLoadStrategy: normal, platform: WINDOWS, platformName: WINDOWS, proxy: Proxy(), setWindowRect: true, strictFileInteractability: false, timeouts: {implicit: 0, pageLoad: 300000, script: 30000}, unhandledPromptBehavior: dismiss and notify, webauthn:extension:credBlob: true, webauthn:extension:largeBlob: true, webauthn:extension:minPinLength: true, webauthn:extension:prf: true, webauthn:virtualAuthenticators: true}&#10;Session ID: 6465d10b187ec4fc982b582b9b61050e" type="org.openqa.selenium.StaleElementReferenceException">org.openqa.selenium.StaleElementReferenceException: stale element reference: element is not attached to the page document
  (Session info: chrome=112.0.5615.138)
For documentation on this error, please visit: https://www.seleniumhq.org/exceptions/stale_element_reference.html
Build info: version: '3.141.59', revision: 'e82be7d358', time: '2018-11-14T08:17:03'
System info: host: 'DESKTOP-5VHKQUJ', ip: '192.168.0.103', os.name: 'Windows 10', os.arch: 'amd64', os.version: '10.0', java.version: '16.0.2'
Driver info: org.openqa.selenium.chrome.ChromeDriver
Capabilities {acceptInsecureCerts: false, browserName: chrome, browserVersion: 112.0.5615.138, chrome: {chromedriverVersion: 112.0.5615.49 (bd2a7bcb881c..., userDataDir: C:\Users\DELL\AppData\Local...}, goog:chromeOptions: {debuggerAddress: localhost:53068}, javascriptEnabled: true, networkConnectionEnabled: false, pageLoadStrategy: normal, platform: WINDOWS, platformName: WINDOWS, proxy: Proxy(), setWindowRect: true, strictFileInteractability: false, timeouts: {implicit: 0, pageLoad: 300000, script: 30000}, unhandledPromptBehavior: dismiss and notify, webauthn:extension:credBlob: true, webauthn:extension:largeBlob: true, webauthn:extension:minPinLength: true, webauthn:extension:prf: true, webauthn:virtualAuthenticators: true}
Session ID: 6465d10b187ec4fc982b582b9b61050e
	at java.base/jdk.internal.reflect.NativeConstructorAccessorImpl.newInstance0(Native Method)
	at java.base/jdk.internal.reflect.NativeConstructorAccessorImpl.newInstance(NativeConstructorAccessorImpl.java:78)
	at java.base/jdk.internal.reflect.DelegatingConstructorAccessorImpl.newInstance(DelegatingConstructorAccessorImpl.java:45)
	at java.base/java.lang.reflect.Constructor.newInstanceWithCaller(Constructor.java:499)
	at java.base/java.lang.reflect.Constructor.newInstance(Constructor.java:480)
	at org.openqa.selenium.remote.http.W3CHttpResponseCodec.createException(W3CHttpResponseCodec.java:187)
	at org.openqa.selenium.remote.http.W3CHttpResponseCodec.decode(W3CHttpResponseCodec.java:122)
	at org.openqa.selenium.remote.http.W3CHttpResponseCodec.decode(W3CHttpResponseCodec.java:49)
	at org.openqa.selenium.remote.HttpCommandExecutor.execute(HttpCommandExecutor.java:158)
	at org.openqa.selenium.remote.service.DriverCommandExecutor.execute(DriverCommandExecutor.java:83)
	at org.openqa.selenium.remote.RemoteWebDriver.execute(RemoteWebDriver.java:552)
	at org.openqa.selenium.remote.RemoteWebElement.execute(RemoteWebElement.java:285)
	at org.openqa.selenium.remote.RemoteWebElement.isDisplayed(RemoteWebElement.java:326)
	at jdk.internal.reflect.GeneratedMethodAccessor3.invoke(Unknown Source)
	at java.base/jdk.internal.reflect.DelegatingMethodAccessorImpl.invoke(DelegatingMethodAccessorImpl.java:43)
	at java.base/java.lang.reflect.Method.invoke(Method.java:567)
	at org.openqa.selenium.support.pagefactory.internal.LocatingElementHandler.invoke(LocatingElementHandler.java:51)
	at jdk.proxy2/jdk.proxy2.$Proxy28.isDisplayed(Unknown Source)
	at org.openqa.selenium.support.ui.ExpectedConditions.elementIfVisible(ExpectedConditions.java:314)
	at org.openqa.selenium.support.ui.ExpectedConditions.access$000(ExpectedConditions.java:43)
	at org.openqa.selenium.support.ui.ExpectedConditions$10.apply(ExpectedConditions.java:300)
	at org.openqa.selenium.support.ui.ExpectedConditions$10.apply(ExpectedConditions.java:297)
	at org.openqa.selenium.support.ui.FluentWait.until(FluentWait.java:249)
	at com.ae.qa.pages.PluginAssignmentsPage.validatePluginAssignmentsPage(PluginAssignmentsPage.java:698)
	at com.ae.qa.testcases.PluginAssignmentsPageTest.validatePluginAssignmentsPageTest(PluginAssignmentsPageTest.java:59)
</failure>
    <system-out><![CDATA[The name of the testcase passed is :validatePluginsPageTest
[DEBUG] 2023-04-29 16:37:19.199 [TestNG-test=AESanity-1] TestBase - Execution started
[INFO ] 2023-04-29 16:37:20.680 [TestNG-test=AESanity-1] TestBase - Browser started successfully
[INFO ] 2023-04-29 16:37:30.874 [TestNG-test=AESanity-1] TestBase - User is navigated to AE portal
validatePluginAssignmentsPageTest test case started
User log in Successfully
]]></system-out>
    <system-err><![CDATA[Starting ChromeDriver 112.0.5615.49 (bd2a7bcb881c11e8cfe3078709382934e3916914-refs/branch-heads/5615@{#936}) on port 40978
Only local connections are allowed.
Please see https://chromedriver.chromium.org/security-considerations for suggestions on keeping ChromeDriver safe.
ChromeDriver was started successfully.
Apr 29, 2023 4:37:20 PM org.openqa.selenium.remote.ProtocolHandshake createSession
INFO: Detected dialect: W3C
]]></system-err>
  </testcase>
  <testcase name="validatePurgePolicyPageTest" classname="com.ae.qa.testcases.PurgePolicyPageTest" time="24.725"/>
  <testcase name="validatePurgeSchedulePageTest" classname="com.ae.qa.testcases.PurgeSchedulePageTest" time="27.648"/>
  <testcase name="validateIntegrationServicesPageTest" classname="com.ae.qa.testcases.IntegrationServicePageTest" time="24.552"/>
  <testcase name="validateIntegrationTypePageTest" classname="com.ae.qa.testcases.IntegrationTypesPageTest" time="24.579"/>
  <testcase name="validateFileManagmentPageTest" classname="com.ae.qa.testcases.FileManagementPageTest" time="25.075"/>
  <testcase name="validateSystemSettingsPageTest" classname="com.ae.qa.testcases.SystemSettingsPageTest" time="24.675"/>
  <testcase name="validateSMTPPageTest" classname="com.ae.qa.testcases.SmtpPageTest" time="27.036"/>
  <testcase name="validateSysadminPolicyPageTest" classname="com.ae.qa.testcases.SysadminPolicyPageTest" time="27.163"/>
  <testcase name="validateSecurityQuestionsPageTest" classname="com.ae.qa.testcases.SecurityQuestionsPageTest" time="25.285"/>
  <testcase name="validateSchedulerPageTATest" classname="com.ae.qa.testcasesTenantAdmin.SchedulerPageTestTA" time="16.234"/>
  <testcase name="validateRequestsPageTATest" classname="com.ae.qa.testcasesTenantAdmin.RequestsPageTestTA" time="19.112"/>
  <testcase name="validateAgentLogsPageTATest" classname="com.ae.qa.testcasesTenantAdmin.AgentLogsPageTestTA" time="19.132"/>
  <testcase name="validateIntegrationServicesPageTATest" classname="com.ae.qa.testcasesTenantAdmin.IntegrationServicePageTestTA" time="19.144"/>
  <testcase name="validateIntegrationTypesPageTATest" classname="com.ae.qa.testcasesTenantAdmin.IntegrationTypesPageTestTA" time="16.902"/>
  <testcase name="validateFileManagementPageTATest" classname="com.ae.qa.testcasesTenantAdmin.FileManagementPageTestTA" time="17.436"/>
  <testcase name="validateAboutTabTest" classname="com.ae.qa.testcasesTenantAdmin.InformationPageTestTA" time="27.868"/>
  <testcase name="validateAboutTabTest" classname="com.ae.qa.testcases.InformationPageTest" time="28.155"/>
  <testcase name="ValidateBulkUserUploadWithEmailTest" classname="com.ae.qa.testcasesTenantAdmin.TenantUsersPageTestTA" time="92.121"/>
  <testcase name="ValidateBulkUserUploadWithoutEmailTest" classname="com.ae.qa.testcasesTenantAdmin.TenantUsersPageTestTA" time="93.049"/>
  <testcase name="validateImportWorkflowWithConfigParamCredAndCredpoolTATest" classname="com.ae.qa.testcasesTenantAdmin.WorkflowListPageTestTA" time="121.058"/>
  <testcase name="ValidateLabelChangeInReportTest" classname="com.ae.qa.testcasesTenantAdmin.DashboardsPageTestTA" time="75.012">
    <failure message="no such element: Unable to locate element: {&quot;method&quot;:&quot;xpath&quot;,&quot;selector&quot;:&quot;//div[@title=&apos;Maximize&apos;]&quot;}&#10;  (Session info: chrome=112.0.5615.138)&#10;For documentation on this error, please visit: https://www.seleniumhq.org/exceptions/no_such_element.html&#10;Build info: version: &apos;3.141.59&apos;, revision: &apos;e82be7d358&apos;, time: &apos;2018-11-14T08:17:03&apos;&#10;System info: host: &apos;DESKTOP-5VHKQUJ&apos;, ip: &apos;192.168.0.103&apos;, os.name: &apos;Windows 10&apos;, os.arch: &apos;amd64&apos;, os.version: &apos;10.0&apos;, java.version: &apos;16.0.2&apos;&#10;Driver info: org.openqa.selenium.chrome.ChromeDriver&#10;Capabilities {acceptInsecureCerts: false, browserName: chrome, browserVersion: 112.0.5615.138, chrome: {chromedriverVersion: 112.0.5615.49 (bd2a7bcb881c..., userDataDir: C:\Users\DELL\AppData\Local...}, goog:chromeOptions: {debuggerAddress: localhost:54298}, javascriptEnabled: true, networkConnectionEnabled: false, pageLoadStrategy: normal, platform: WINDOWS, platformName: WINDOWS, proxy: Proxy(), setWindowRect: true, strictFileInteractability: false, timeouts: {implicit: 0, pageLoad: 300000, script: 30000}, unhandledPromptBehavior: dismiss and notify, webauthn:extension:credBlob: true, webauthn:extension:largeBlob: true, webauthn:extension:minPinLength: true, webauthn:extension:prf: true, webauthn:virtualAuthenticators: true}&#10;Session ID: f7731190ca04fcac0365e96597c9bd00&#10;*** Element info: {Using=xpath, value=//div[@title=&apos;Maximize&apos;]}" type="org.openqa.selenium.NoSuchElementException">org.openqa.selenium.NoSuchElementException: no such element: Unable to locate element: {"method":"xpath","selector":"//div[@title='Maximize']"}
  (Session info: chrome=112.0.5615.138)
For documentation on this error, please visit: https://www.seleniumhq.org/exceptions/no_such_element.html
Build info: version: '3.141.59', revision: 'e82be7d358', time: '2018-11-14T08:17:03'
System info: host: 'DESKTOP-5VHKQUJ', ip: '192.168.0.103', os.name: 'Windows 10', os.arch: 'amd64', os.version: '10.0', java.version: '16.0.2'
Driver info: org.openqa.selenium.chrome.ChromeDriver
Capabilities {acceptInsecureCerts: false, browserName: chrome, browserVersion: 112.0.5615.138, chrome: {chromedriverVersion: 112.0.5615.49 (bd2a7bcb881c..., userDataDir: C:\Users\DELL\AppData\Local...}, goog:chromeOptions: {debuggerAddress: localhost:54298}, javascriptEnabled: true, networkConnectionEnabled: false, pageLoadStrategy: normal, platform: WINDOWS, platformName: WINDOWS, proxy: Proxy(), setWindowRect: true, strictFileInteractability: false, timeouts: {implicit: 0, pageLoad: 300000, script: 30000}, unhandledPromptBehavior: dismiss and notify, webauthn:extension:credBlob: true, webauthn:extension:largeBlob: true, webauthn:extension:minPinLength: true, webauthn:extension:prf: true, webauthn:virtualAuthenticators: true}
Session ID: f7731190ca04fcac0365e96597c9bd00
*** Element info: {Using=xpath, value=//div[@title='Maximize']}
	at java.base/jdk.internal.reflect.NativeConstructorAccessorImpl.newInstance0(Native Method)
	at java.base/jdk.internal.reflect.NativeConstructorAccessorImpl.newInstance(NativeConstructorAccessorImpl.java:78)
	at java.base/jdk.internal.reflect.DelegatingConstructorAccessorImpl.newInstance(DelegatingConstructorAccessorImpl.java:45)
	at java.base/java.lang.reflect.Constructor.newInstanceWithCaller(Constructor.java:499)
	at java.base/java.lang.reflect.Constructor.newInstance(Constructor.java:480)
	at org.openqa.selenium.remote.http.W3CHttpResponseCodec.createException(W3CHttpResponseCodec.java:187)
	at org.openqa.selenium.remote.http.W3CHttpResponseCodec.decode(W3CHttpResponseCodec.java:122)
	at org.openqa.selenium.remote.http.W3CHttpResponseCodec.decode(W3CHttpResponseCodec.java:49)
	at org.openqa.selenium.remote.HttpCommandExecutor.execute(HttpCommandExecutor.java:158)
	at org.openqa.selenium.remote.service.DriverCommandExecutor.execute(DriverCommandExecutor.java:83)
	at org.openqa.selenium.remote.RemoteWebDriver.execute(RemoteWebDriver.java:552)
	at org.openqa.selenium.remote.RemoteWebDriver.findElement(RemoteWebDriver.java:323)
	at org.openqa.selenium.remote.RemoteWebDriver.findElementByXPath(RemoteWebDriver.java:428)
	at org.openqa.selenium.By$ByXPath.findElement(By.java:353)
	at org.openqa.selenium.remote.RemoteWebDriver.findElement(RemoteWebDriver.java:315)
	at org.openqa.selenium.support.pagefactory.DefaultElementLocator.findElement(DefaultElementLocator.java:69)
	at org.openqa.selenium.support.pagefactory.internal.LocatingElementHandler.invoke(LocatingElementHandler.java:38)
	at jdk.proxy2/jdk.proxy2.$Proxy28.getWrappedElement(Unknown Source)
	at org.openqa.selenium.remote.internal.WebElementToJsonConverter.apply(WebElementToJsonConverter.java:50)
	at java.base/java.util.stream.ReferencePipeline$3$1.accept(ReferencePipeline.java:197)
	at java.base/java.util.Spliterators$ArraySpliterator.forEachRemaining(Spliterators.java:948)
	at java.base/java.util.stream.AbstractPipeline.copyInto(AbstractPipeline.java:484)
	at java.base/java.util.stream.AbstractPipeline.wrapAndCopyInto(AbstractPipeline.java:474)
	at java.base/java.util.stream.ReduceOps$ReduceOp.evaluateSequential(ReduceOps.java:913)
	at java.base/java.util.stream.AbstractPipeline.evaluate(AbstractPipeline.java:234)
	at java.base/java.util.stream.ReferencePipeline.collect(ReferencePipeline.java:682)
	at org.openqa.selenium.remote.RemoteWebDriver.executeScript(RemoteWebDriver.java:484)
	at com.ae.qa.pagesTenantAdmin.DashboardsPageTA.validateLabelChangeInReport(DashboardsPageTA.java:794)
	at com.ae.qa.testcasesTenantAdmin.DashboardsPageTestTA.ValidateLabelChangeInReportTest(DashboardsPageTestTA.java:280)
</failure>
    <system-out><![CDATA[The name of the testcase passed is :validateImportWorkflowWithConfigParamCredAndCredpoolTATest
[DEBUG] 2023-04-29 16:52:41.741 [TestNG-test=AESanity-1] TestBase - Execution started
[INFO ] 2023-04-29 16:52:45.269 [TestNG-test=AESanity-1] TestBase - Browser started successfully
[INFO ] 2023-04-29 16:52:54.444 [TestNG-test=AESanity-1] TestBase - User is navigated to AE portal
ValidateLabelChangeInReportTest test case started
User log in Successfully
Dashboard chosed successfully
]]></system-out>
    <system-err><![CDATA[Starting ChromeDriver 112.0.5615.49 (bd2a7bcb881c11e8cfe3078709382934e3916914-refs/branch-heads/5615@{#936}) on port 43529
Only local connections are allowed.
Please see https://chromedriver.chromium.org/security-considerations for suggestions on keeping ChromeDriver safe.
ChromeDriver was started successfully.
Apr 29, 2023 4:52:45 PM org.openqa.selenium.remote.ProtocolHandshake createSession
INFO: Detected dialect: W3C
]]></system-err>
  </testcase>
  <testcase name="ValidateDownloadReportPdfTest" classname="com.ae.qa.testcasesTenantAdmin.DashboardsPageTestTA" time="72.918">
    <failure message="no such element: Unable to locate element: {&quot;method&quot;:&quot;xpath&quot;,&quot;selector&quot;:&quot;//div[@title=&apos;Download as PDF&apos;]&quot;}&#10;  (Session info: chrome=112.0.5615.138)&#10;For documentation on this error, please visit: https://www.seleniumhq.org/exceptions/no_such_element.html&#10;Build info: version: &apos;3.141.59&apos;, revision: &apos;e82be7d358&apos;, time: &apos;2018-11-14T08:17:03&apos;&#10;System info: host: &apos;DESKTOP-5VHKQUJ&apos;, ip: &apos;192.168.0.103&apos;, os.name: &apos;Windows 10&apos;, os.arch: &apos;amd64&apos;, os.version: &apos;10.0&apos;, java.version: &apos;16.0.2&apos;&#10;Driver info: org.openqa.selenium.chrome.ChromeDriver&#10;Capabilities {acceptInsecureCerts: false, browserName: chrome, browserVersion: 112.0.5615.138, chrome: {chromedriverVersion: 112.0.5615.49 (bd2a7bcb881c..., userDataDir: C:\Users\DELL\AppData\Local...}, goog:chromeOptions: {debuggerAddress: localhost:54356}, javascriptEnabled: true, networkConnectionEnabled: false, pageLoadStrategy: normal, platform: WINDOWS, platformName: WINDOWS, proxy: Proxy(), setWindowRect: true, strictFileInteractability: false, timeouts: {implicit: 0, pageLoad: 300000, script: 30000}, unhandledPromptBehavior: dismiss and notify, webauthn:extension:credBlob: true, webauthn:extension:largeBlob: true, webauthn:extension:minPinLength: true, webauthn:extension:prf: true, webauthn:virtualAuthenticators: true}&#10;Session ID: ec97d6132772a44372ecb4f1593848ce&#10;*** Element info: {Using=xpath, value=//div[@title=&apos;Download as PDF&apos;]}" type="org.openqa.selenium.NoSuchElementException">org.openqa.selenium.NoSuchElementException: no such element: Unable to locate element: {"method":"xpath","selector":"//div[@title='Download as PDF']"}
  (Session info: chrome=112.0.5615.138)
For documentation on this error, please visit: https://www.seleniumhq.org/exceptions/no_such_element.html
Build info: version: '3.141.59', revision: 'e82be7d358', time: '2018-11-14T08:17:03'
System info: host: 'DESKTOP-5VHKQUJ', ip: '192.168.0.103', os.name: 'Windows 10', os.arch: 'amd64', os.version: '10.0', java.version: '16.0.2'
Driver info: org.openqa.selenium.chrome.ChromeDriver
Capabilities {acceptInsecureCerts: false, browserName: chrome, browserVersion: 112.0.5615.138, chrome: {chromedriverVersion: 112.0.5615.49 (bd2a7bcb881c..., userDataDir: C:\Users\DELL\AppData\Local...}, goog:chromeOptions: {debuggerAddress: localhost:54356}, javascriptEnabled: true, networkConnectionEnabled: false, pageLoadStrategy: normal, platform: WINDOWS, platformName: WINDOWS, proxy: Proxy(), setWindowRect: true, strictFileInteractability: false, timeouts: {implicit: 0, pageLoad: 300000, script: 30000}, unhandledPromptBehavior: dismiss and notify, webauthn:extension:credBlob: true, webauthn:extension:largeBlob: true, webauthn:extension:minPinLength: true, webauthn:extension:prf: true, webauthn:virtualAuthenticators: true}
Session ID: ec97d6132772a44372ecb4f1593848ce
*** Element info: {Using=xpath, value=//div[@title='Download as PDF']}
	at java.base/jdk.internal.reflect.NativeConstructorAccessorImpl.newInstance0(Native Method)
	at java.base/jdk.internal.reflect.NativeConstructorAccessorImpl.newInstance(NativeConstructorAccessorImpl.java:78)
	at java.base/jdk.internal.reflect.DelegatingConstructorAccessorImpl.newInstance(DelegatingConstructorAccessorImpl.java:45)
	at java.base/java.lang.reflect.Constructor.newInstanceWithCaller(Constructor.java:499)
	at java.base/java.lang.reflect.Constructor.newInstance(Constructor.java:480)
	at org.openqa.selenium.remote.http.W3CHttpResponseCodec.createException(W3CHttpResponseCodec.java:187)
	at org.openqa.selenium.remote.http.W3CHttpResponseCodec.decode(W3CHttpResponseCodec.java:122)
	at org.openqa.selenium.remote.http.W3CHttpResponseCodec.decode(W3CHttpResponseCodec.java:49)
	at org.openqa.selenium.remote.HttpCommandExecutor.execute(HttpCommandExecutor.java:158)
	at org.openqa.selenium.remote.service.DriverCommandExecutor.execute(DriverCommandExecutor.java:83)
	at org.openqa.selenium.remote.RemoteWebDriver.execute(RemoteWebDriver.java:552)
	at org.openqa.selenium.remote.RemoteWebDriver.findElement(RemoteWebDriver.java:323)
	at org.openqa.selenium.remote.RemoteWebDriver.findElementByXPath(RemoteWebDriver.java:428)
	at org.openqa.selenium.By$ByXPath.findElement(By.java:353)
	at org.openqa.selenium.remote.RemoteWebDriver.findElement(RemoteWebDriver.java:315)
	at org.openqa.selenium.support.pagefactory.DefaultElementLocator.findElement(DefaultElementLocator.java:69)
	at org.openqa.selenium.support.pagefactory.internal.LocatingElementHandler.invoke(LocatingElementHandler.java:38)
	at jdk.proxy2/jdk.proxy2.$Proxy28.getWrappedElement(Unknown Source)
	at org.openqa.selenium.remote.internal.WebElementToJsonConverter.apply(WebElementToJsonConverter.java:50)
	at java.base/java.util.stream.ReferencePipeline$3$1.accept(ReferencePipeline.java:197)
	at java.base/java.util.Spliterators$ArraySpliterator.forEachRemaining(Spliterators.java:948)
	at java.base/java.util.stream.AbstractPipeline.copyInto(AbstractPipeline.java:484)
	at java.base/java.util.stream.AbstractPipeline.wrapAndCopyInto(AbstractPipeline.java:474)
	at java.base/java.util.stream.ReduceOps$ReduceOp.evaluateSequential(ReduceOps.java:913)
	at java.base/java.util.stream.AbstractPipeline.evaluate(AbstractPipeline.java:234)
	at java.base/java.util.stream.ReferencePipeline.collect(ReferencePipeline.java:682)
	at org.openqa.selenium.remote.RemoteWebDriver.executeScript(RemoteWebDriver.java:484)
	at com.ae.qa.pagesTenantAdmin.DashboardsPageTA.validateDownloadReportPdf(DashboardsPageTA.java:835)
	at com.ae.qa.testcasesTenantAdmin.DashboardsPageTestTA.ValidateDownloadReportPdfTest(DashboardsPageTestTA.java:289)
</failure>
    <system-out><![CDATA[The name of the testcase failed is :ValidateLabelChangeInReportTest
[DEBUG] 2023-04-29 16:54:10.239 [TestNG-test=AESanity-1] TestBase - Execution started
[INFO ] 2023-04-29 16:54:15.837 [TestNG-test=AESanity-1] TestBase - Browser started successfully
[INFO ] 2023-04-29 16:54:23.041 [TestNG-test=AESanity-1] TestBase - User is navigated to AE portal
ValidateDownloadReportPdfTest test case started
User log in Successfully
Dashboard chosed successfully
]]></system-out>
    <system-err><![CDATA[Starting ChromeDriver 112.0.5615.49 (bd2a7bcb881c11e8cfe3078709382934e3916914-refs/branch-heads/5615@{#936}) on port 4535
Only local connections are allowed.
Please see https://chromedriver.chromium.org/security-considerations for suggestions on keeping ChromeDriver safe.
ChromeDriver was started successfully.
Apr 29, 2023 4:54:15 PM org.openqa.selenium.remote.ProtocolHandshake createSession
INFO: Detected dialect: W3C
]]></system-err>
  </testcase>
  <testcase name="validateColumnHideTest" classname="com.ae.qa.testcasesTenantAdmin.DashboardsPageTestTA" time="38.021"/>
  <testcase name="ValidateDeleteCredentialPoolTest" classname="com.ae.qa.testcasesTenantAdmin.CredentialsPageTestTA" time="52.438"/>
  <testcase name="ValidateDeleteCredentialTest" classname="com.ae.qa.testcasesTenantAdmin.CredentialsPageTestTA" time="30.532"/>
  <testcase name="validateDeleteUserGroup" classname="com.ae.qa.testcasesTenantAdmin.UserGroupsPageTestTA" time="24.816"/>
  <testcase name="validateFullScreenModeTest" classname="com.ae.qa.testcasesTenantAdmin.DashboardsPageTestTA" time="22.023"/>
  <testcase name="validateHomePageForConsumptionTabTest" classname="com.ae.qa.testcases.HomePageTest" time="66.613">
    <failure message="no such element: Unable to locate element: {&quot;method&quot;:&quot;xpath&quot;,&quot;selector&quot;:&quot;//span[text()=&apos;Home&apos;]&quot;}&#10;  (Session info: chrome=112.0.5615.138)&#10;For documentation on this error, please visit: https://www.seleniumhq.org/exceptions/no_such_element.html&#10;Build info: version: &apos;3.141.59&apos;, revision: &apos;e82be7d358&apos;, time: &apos;2018-11-14T08:17:03&apos;&#10;System info: host: &apos;DESKTOP-5VHKQUJ&apos;, ip: &apos;192.168.0.103&apos;, os.name: &apos;Windows 10&apos;, os.arch: &apos;amd64&apos;, os.version: &apos;10.0&apos;, java.version: &apos;16.0.2&apos;&#10;Driver info: org.openqa.selenium.chrome.ChromeDriver&#10;Capabilities {acceptInsecureCerts: false, browserName: chrome, browserVersion: 112.0.5615.138, chrome: {chromedriverVersion: 112.0.5615.49 (bd2a7bcb881c..., userDataDir: C:\Users\DELL\AppData\Local...}, goog:chromeOptions: {debuggerAddress: localhost:54611}, javascriptEnabled: true, networkConnectionEnabled: false, pageLoadStrategy: normal, platform: WINDOWS, platformName: WINDOWS, proxy: Proxy(), setWindowRect: true, strictFileInteractability: false, timeouts: {implicit: 0, pageLoad: 300000, script: 30000}, unhandledPromptBehavior: dismiss and notify, webauthn:extension:credBlob: true, webauthn:extension:largeBlob: true, webauthn:extension:minPinLength: true, webauthn:extension:prf: true, webauthn:virtualAuthenticators: true}&#10;Session ID: da260c53559ae4d8c4e1fe871c1cf714&#10;*** Element info: {Using=xpath, value=//span[text()=&apos;Home&apos;]}" type="org.openqa.selenium.NoSuchElementException">org.openqa.selenium.NoSuchElementException: no such element: Unable to locate element: {"method":"xpath","selector":"//span[text()='Home']"}
  (Session info: chrome=112.0.5615.138)
For documentation on this error, please visit: https://www.seleniumhq.org/exceptions/no_such_element.html
Build info: version: '3.141.59', revision: 'e82be7d358', time: '2018-11-14T08:17:03'
System info: host: 'DESKTOP-5VHKQUJ', ip: '192.168.0.103', os.name: 'Windows 10', os.arch: 'amd64', os.version: '10.0', java.version: '16.0.2'
Driver info: org.openqa.selenium.chrome.ChromeDriver
Capabilities {acceptInsecureCerts: false, browserName: chrome, browserVersion: 112.0.5615.138, chrome: {chromedriverVersion: 112.0.5615.49 (bd2a7bcb881c..., userDataDir: C:\Users\DELL\AppData\Local...}, goog:chromeOptions: {debuggerAddress: localhost:54611}, javascriptEnabled: true, networkConnectionEnabled: false, pageLoadStrategy: normal, platform: WINDOWS, platformName: WINDOWS, proxy: Proxy(), setWindowRect: true, strictFileInteractability: false, timeouts: {implicit: 0, pageLoad: 300000, script: 30000}, unhandledPromptBehavior: dismiss and notify, webauthn:extension:credBlob: true, webauthn:extension:largeBlob: true, webauthn:extension:minPinLength: true, webauthn:extension:prf: true, webauthn:virtualAuthenticators: true}
Session ID: da260c53559ae4d8c4e1fe871c1cf714
*** Element info: {Using=xpath, value=//span[text()='Home']}
	at java.base/jdk.internal.reflect.NativeConstructorAccessorImpl.newInstance0(Native Method)
	at java.base/jdk.internal.reflect.NativeConstructorAccessorImpl.newInstance(NativeConstructorAccessorImpl.java:78)
	at java.base/jdk.internal.reflect.DelegatingConstructorAccessorImpl.newInstance(DelegatingConstructorAccessorImpl.java:45)
	at java.base/java.lang.reflect.Constructor.newInstanceWithCaller(Constructor.java:499)
	at java.base/java.lang.reflect.Constructor.newInstance(Constructor.java:480)
	at org.openqa.selenium.remote.http.W3CHttpResponseCodec.createException(W3CHttpResponseCodec.java:187)
	at org.openqa.selenium.remote.http.W3CHttpResponseCodec.decode(W3CHttpResponseCodec.java:122)
	at org.openqa.selenium.remote.http.W3CHttpResponseCodec.decode(W3CHttpResponseCodec.java:49)
	at org.openqa.selenium.remote.HttpCommandExecutor.execute(HttpCommandExecutor.java:158)
	at org.openqa.selenium.remote.service.DriverCommandExecutor.execute(DriverCommandExecutor.java:83)
	at org.openqa.selenium.remote.RemoteWebDriver.execute(RemoteWebDriver.java:552)
	at org.openqa.selenium.remote.RemoteWebDriver.findElement(RemoteWebDriver.java:323)
	at org.openqa.selenium.remote.RemoteWebDriver.findElementByXPath(RemoteWebDriver.java:428)
	at org.openqa.selenium.By$ByXPath.findElement(By.java:353)
	at org.openqa.selenium.remote.RemoteWebDriver.findElement(RemoteWebDriver.java:315)
	at org.openqa.selenium.support.pagefactory.DefaultElementLocator.findElement(DefaultElementLocator.java:69)
	at org.openqa.selenium.support.pagefactory.internal.LocatingElementHandler.invoke(LocatingElementHandler.java:38)
	at jdk.proxy2/jdk.proxy2.$Proxy28.isDisplayed(Unknown Source)
	at com.ae.qa.pages.HomePage.validateHomePageForConsumptionTab(HomePage.java:68)
	at com.ae.qa.testcases.HomePageTest.validateHomePageForConsumptionTabTest(HomePageTest.java:35)
</failure>
    <system-out><![CDATA[The name of the testcase passed is :validateFullScreenModeTest
[DEBUG] 2023-04-29 16:59:36.198 [TestNG-test=AESanity-1] TestBase - Execution started
[INFO ] 2023-04-29 16:59:42.169 [TestNG-test=AESanity-1] TestBase - Browser started successfully
[INFO ] 2023-04-29 16:59:51.649 [TestNG-test=AESanity-1] TestBase - User is navigated to AE portal
validateHomePageForConsumptionTabTest test case started
User log in Successfully
]]></system-out>
    <system-err><![CDATA[Starting ChromeDriver 112.0.5615.49 (bd2a7bcb881c11e8cfe3078709382934e3916914-refs/branch-heads/5615@{#936}) on port 15710
Only local connections are allowed.
Please see https://chromedriver.chromium.org/security-considerations for suggestions on keeping ChromeDriver safe.
ChromeDriver was started successfully.
Apr 29, 2023 4:59:42 PM org.openqa.selenium.remote.ProtocolHandshake createSession
INFO: Detected dialect: W3C
]]></system-err>
  </testcase>
  <testcase name="validateUploadLicenseTest" classname="com.ae.qa.testcases.HomePageTest" time="73.799">
    <failure message="no such element: Unable to locate element: {&quot;method&quot;:&quot;xpath&quot;,&quot;selector&quot;:&quot;//div[@class=&apos;card-body&apos;]/h2&quot;}&#10;  (Session info: chrome=112.0.5615.138)&#10;For documentation on this error, please visit: https://www.seleniumhq.org/exceptions/no_such_element.html&#10;Build info: version: &apos;3.141.59&apos;, revision: &apos;e82be7d358&apos;, time: &apos;2018-11-14T08:17:03&apos;&#10;System info: host: &apos;DESKTOP-5VHKQUJ&apos;, ip: &apos;192.168.0.103&apos;, os.name: &apos;Windows 10&apos;, os.arch: &apos;amd64&apos;, os.version: &apos;10.0&apos;, java.version: &apos;16.0.2&apos;&#10;Driver info: org.openqa.selenium.chrome.ChromeDriver&#10;Capabilities {acceptInsecureCerts: false, browserName: chrome, browserVersion: 112.0.5615.138, chrome: {chromedriverVersion: 112.0.5615.49 (bd2a7bcb881c..., userDataDir: C:\Users\DELL\AppData\Local...}, goog:chromeOptions: {debuggerAddress: localhost:54661}, javascriptEnabled: true, networkConnectionEnabled: false, pageLoadStrategy: normal, platform: WINDOWS, platformName: WINDOWS, proxy: Proxy(), setWindowRect: true, strictFileInteractability: false, timeouts: {implicit: 0, pageLoad: 300000, script: 30000}, unhandledPromptBehavior: dismiss and notify, webauthn:extension:credBlob: true, webauthn:extension:largeBlob: true, webauthn:extension:minPinLength: true, webauthn:extension:prf: true, webauthn:virtualAuthenticators: true}&#10;Session ID: 9b7e3c41d6864e0c0048fbceba14fe81&#10;*** Element info: {Using=xpath, value=//div[@class=&apos;card-body&apos;]/h2}" type="org.openqa.selenium.NoSuchElementException">org.openqa.selenium.NoSuchElementException: no such element: Unable to locate element: {"method":"xpath","selector":"//div[@class='card-body']/h2"}
  (Session info: chrome=112.0.5615.138)
For documentation on this error, please visit: https://www.seleniumhq.org/exceptions/no_such_element.html
Build info: version: '3.141.59', revision: 'e82be7d358', time: '2018-11-14T08:17:03'
System info: host: 'DESKTOP-5VHKQUJ', ip: '192.168.0.103', os.name: 'Windows 10', os.arch: 'amd64', os.version: '10.0', java.version: '16.0.2'
Driver info: org.openqa.selenium.chrome.ChromeDriver
Capabilities {acceptInsecureCerts: false, browserName: chrome, browserVersion: 112.0.5615.138, chrome: {chromedriverVersion: 112.0.5615.49 (bd2a7bcb881c..., userDataDir: C:\Users\DELL\AppData\Local...}, goog:chromeOptions: {debuggerAddress: localhost:54661}, javascriptEnabled: true, networkConnectionEnabled: false, pageLoadStrategy: normal, platform: WINDOWS, platformName: WINDOWS, proxy: Proxy(), setWindowRect: true, strictFileInteractability: false, timeouts: {implicit: 0, pageLoad: 300000, script: 30000}, unhandledPromptBehavior: dismiss and notify, webauthn:extension:credBlob: true, webauthn:extension:largeBlob: true, webauthn:extension:minPinLength: true, webauthn:extension:prf: true, webauthn:virtualAuthenticators: true}
Session ID: 9b7e3c41d6864e0c0048fbceba14fe81
*** Element info: {Using=xpath, value=//div[@class='card-body']/h2}
	at java.base/jdk.internal.reflect.NativeConstructorAccessorImpl.newInstance0(Native Method)
	at java.base/jdk.internal.reflect.NativeConstructorAccessorImpl.newInstance(NativeConstructorAccessorImpl.java:78)
	at java.base/jdk.internal.reflect.DelegatingConstructorAccessorImpl.newInstance(DelegatingConstructorAccessorImpl.java:45)
	at java.base/java.lang.reflect.Constructor.newInstanceWithCaller(Constructor.java:499)
	at java.base/java.lang.reflect.Constructor.newInstance(Constructor.java:480)
	at org.openqa.selenium.remote.http.W3CHttpResponseCodec.createException(W3CHttpResponseCodec.java:187)
	at org.openqa.selenium.remote.http.W3CHttpResponseCodec.decode(W3CHttpResponseCodec.java:122)
	at org.openqa.selenium.remote.http.W3CHttpResponseCodec.decode(W3CHttpResponseCodec.java:49)
	at org.openqa.selenium.remote.HttpCommandExecutor.execute(HttpCommandExecutor.java:158)
	at org.openqa.selenium.remote.service.DriverCommandExecutor.execute(DriverCommandExecutor.java:83)
	at org.openqa.selenium.remote.RemoteWebDriver.execute(RemoteWebDriver.java:552)
	at org.openqa.selenium.remote.RemoteWebDriver.findElement(RemoteWebDriver.java:323)
	at org.openqa.selenium.remote.RemoteWebDriver.findElementByXPath(RemoteWebDriver.java:428)
	at org.openqa.selenium.By$ByXPath.findElement(By.java:353)
	at org.openqa.selenium.remote.RemoteWebDriver.findElement(RemoteWebDriver.java:315)
	at org.openqa.selenium.support.pagefactory.DefaultElementLocator.findElement(DefaultElementLocator.java:69)
	at org.openqa.selenium.support.pagefactory.internal.LocatingElementHandler.invoke(LocatingElementHandler.java:38)
	at jdk.proxy2/jdk.proxy2.$Proxy28.getWrappedElement(Unknown Source)
	at org.openqa.selenium.remote.internal.WebElementToJsonConverter.apply(WebElementToJsonConverter.java:50)
	at java.base/java.util.stream.ReferencePipeline$3$1.accept(ReferencePipeline.java:197)
	at java.base/java.util.Spliterators$ArraySpliterator.forEachRemaining(Spliterators.java:948)
	at java.base/java.util.stream.AbstractPipeline.copyInto(AbstractPipeline.java:484)
	at java.base/java.util.stream.AbstractPipeline.wrapAndCopyInto(AbstractPipeline.java:474)
	at java.base/java.util.stream.ReduceOps$ReduceOp.evaluateSequential(ReduceOps.java:913)
	at java.base/java.util.stream.AbstractPipeline.evaluate(AbstractPipeline.java:234)
	at java.base/java.util.stream.ReferencePipeline.collect(ReferencePipeline.java:682)
	at org.openqa.selenium.remote.RemoteWebDriver.executeScript(RemoteWebDriver.java:484)
	at com.ae.qa.pages.HomePage.validateUploadLicense(HomePage.java:86)
	at com.ae.qa.testcases.HomePageTest.validateUploadLicenseTest(HomePageTest.java:44)
</failure>
    <system-out><![CDATA[The name of the testcase failed is :validateHomePageForConsumptionTabTest
[DEBUG] 2023-04-29 17:00:58.849 [TestNG-test=AESanity-1] TestBase - Execution started
[INFO ] 2023-04-29 17:01:04.723 [TestNG-test=AESanity-1] TestBase - Browser started successfully
[INFO ] 2023-04-29 17:01:13.102 [TestNG-test=AESanity-1] TestBase - User is navigated to AE portal
validateUploadLicenseTest test case started
User log in Successfully
]]></system-out>
    <system-err><![CDATA[Starting ChromeDriver 112.0.5615.49 (bd2a7bcb881c11e8cfe3078709382934e3916914-refs/branch-heads/5615@{#936}) on port 38116
Only local connections are allowed.
Please see https://chromedriver.chromium.org/security-considerations for suggestions on keeping ChromeDriver safe.
ChromeDriver was started successfully.
Apr 29, 2023 5:01:04 PM org.openqa.selenium.remote.ProtocolHandshake createSession
INFO: Detected dialect: W3C
]]></system-err>
  </testcase>
  <testcase name="validateCreateAllotmentBasedTenantTest" classname="com.ae.qa.testcases.TenantsPageTest" time="76.057">
    <failure message="no such element: Unable to locate element: {&quot;method&quot;:&quot;css selector&quot;,&quot;selector&quot;:&quot;#licenseCategory&quot;}&#10;  (Session info: chrome=112.0.5615.138)&#10;For documentation on this error, please visit: https://www.seleniumhq.org/exceptions/no_such_element.html&#10;Build info: version: &apos;3.141.59&apos;, revision: &apos;e82be7d358&apos;, time: &apos;2018-11-14T08:17:03&apos;&#10;System info: host: &apos;DESKTOP-5VHKQUJ&apos;, ip: &apos;192.168.0.103&apos;, os.name: &apos;Windows 10&apos;, os.arch: &apos;amd64&apos;, os.version: &apos;10.0&apos;, java.version: &apos;16.0.2&apos;&#10;Driver info: org.openqa.selenium.chrome.ChromeDriver&#10;Capabilities {acceptInsecureCerts: false, browserName: chrome, browserVersion: 112.0.5615.138, chrome: {chromedriverVersion: 112.0.5615.49 (bd2a7bcb881c..., userDataDir: C:\Users\DELL\AppData\Local...}, goog:chromeOptions: {debuggerAddress: localhost:54712}, javascriptEnabled: true, networkConnectionEnabled: false, pageLoadStrategy: normal, platform: WINDOWS, platformName: WINDOWS, proxy: Proxy(), setWindowRect: true, strictFileInteractability: false, timeouts: {implicit: 0, pageLoad: 300000, script: 30000}, unhandledPromptBehavior: dismiss and notify, webauthn:extension:credBlob: true, webauthn:extension:largeBlob: true, webauthn:extension:minPinLength: true, webauthn:extension:prf: true, webauthn:virtualAuthenticators: true}&#10;Session ID: b80f45554fa43e3453dab2d34bfcc0f2&#10;*** Element info: {Using=id, value=licenseCategory}" type="org.openqa.selenium.NoSuchElementException"><![CDATA[org.openqa.selenium.NoSuchElementException: no such element: Unable to locate element: {"method":"css selector","selector":"#licenseCategory"}
  (Session info: chrome=112.0.5615.138)
For documentation on this error, please visit: https://www.seleniumhq.org/exceptions/no_such_element.html
Build info: version: '3.141.59', revision: 'e82be7d358', time: '2018-11-14T08:17:03'
System info: host: 'DESKTOP-5VHKQUJ', ip: '192.168.0.103', os.name: 'Windows 10', os.arch: 'amd64', os.version: '10.0', java.version: '16.0.2'
Driver info: org.openqa.selenium.chrome.ChromeDriver
Capabilities {acceptInsecureCerts: false, browserName: chrome, browserVersion: 112.0.5615.138, chrome: {chromedriverVersion: 112.0.5615.49 (bd2a7bcb881c..., userDataDir: C:\Users\DELL\AppData\Local...}, goog:chromeOptions: {debuggerAddress: localhost:54712}, javascriptEnabled: true, networkConnectionEnabled: false, pageLoadStrategy: normal, platform: WINDOWS, platformName: WINDOWS, proxy: Proxy(), setWindowRect: true, strictFileInteractability: false, timeouts: {implicit: 0, pageLoad: 300000, script: 30000}, unhandledPromptBehavior: dismiss and notify, webauthn:extension:credBlob: true, webauthn:extension:largeBlob: true, webauthn:extension:minPinLength: true, webauthn:extension:prf: true, webauthn:virtualAuthenticators: true}
Session ID: b80f45554fa43e3453dab2d34bfcc0f2
*** Element info: {Using=id, value=licenseCategory}
	at java.base/jdk.internal.reflect.NativeConstructorAccessorImpl.newInstance0(Native Method)
	at java.base/jdk.internal.reflect.NativeConstructorAccessorImpl.newInstance(NativeConstructorAccessorImpl.java:78)
	at java.base/jdk.internal.reflect.DelegatingConstructorAccessorImpl.newInstance(DelegatingConstructorAccessorImpl.java:45)
	at java.base/java.lang.reflect.Constructor.newInstanceWithCaller(Constructor.java:499)
	at java.base/java.lang.reflect.Constructor.newInstance(Constructor.java:480)
	at org.openqa.selenium.remote.http.W3CHttpResponseCodec.createException(W3CHttpResponseCodec.java:187)
	at org.openqa.selenium.remote.http.W3CHttpResponseCodec.decode(W3CHttpResponseCodec.java:122)
	at org.openqa.selenium.remote.http.W3CHttpResponseCodec.decode(W3CHttpResponseCodec.java:49)
	at org.openqa.selenium.remote.HttpCommandExecutor.execute(HttpCommandExecutor.java:158)
	at org.openqa.selenium.remote.service.DriverCommandExecutor.execute(DriverCommandExecutor.java:83)
	at org.openqa.selenium.remote.RemoteWebDriver.execute(RemoteWebDriver.java:552)
	at org.openqa.selenium.remote.RemoteWebDriver.findElement(RemoteWebDriver.java:323)
	at org.openqa.selenium.remote.RemoteWebDriver.findElementById(RemoteWebDriver.java:372)
	at org.openqa.selenium.By$ById.findElement(By.java:188)
	at org.openqa.selenium.remote.RemoteWebDriver.findElement(RemoteWebDriver.java:315)
	at org.openqa.selenium.support.pagefactory.DefaultElementLocator.findElement(DefaultElementLocator.java:69)
	at org.openqa.selenium.support.pagefactory.internal.LocatingElementHandler.invoke(LocatingElementHandler.java:38)
	at jdk.proxy2/jdk.proxy2.$Proxy28.getTagName(Unknown Source)
	at org.openqa.selenium.support.ui.Select.<init>(Select.java:45)
	at com.ae.qa.pages.TenantsPage.validateCreateAllotmentBasedTenant(TenantsPage.java:377)
	at com.ae.qa.testcases.TenantsPageTest.validateCreateAllotmentBasedTenantTest(TenantsPageTest.java:128)
]]></failure>
    <system-out><![CDATA[The name of the testcase failed is :validateUploadLicenseTest
[DEBUG] 2023-04-29 17:02:27.337 [TestNG-test=AESanity-1] TestBase - Execution started
[INFO ] 2023-04-29 17:02:31.857 [TestNG-test=AESanity-1] TestBase - Browser started successfully
[INFO ] 2023-04-29 17:02:38.791 [TestNG-test=AESanity-1] TestBase - User is navigated to AE portal
validateCreateAllotmentBasedTenantTest test case started
User log in Successfully
]]></system-out>
    <system-err><![CDATA[Starting ChromeDriver 112.0.5615.49 (bd2a7bcb881c11e8cfe3078709382934e3916914-refs/branch-heads/5615@{#936}) on port 24695
Only local connections are allowed.
Please see https://chromedriver.chromium.org/security-considerations for suggestions on keeping ChromeDriver safe.
ChromeDriver was started successfully.
Apr 29, 2023 5:02:31 PM org.openqa.selenium.remote.ProtocolHandshake createSession
INFO: Detected dialect: W3C
]]></system-err>
  </testcase>
  <testcase name="validateCreatingTenantLicenseAdminTest" classname="com.ae.qa.testcases.SystemUsersPageTest" time="76.331">
    <failure message="no such element: Unable to locate element: {&quot;method&quot;:&quot;xpath&quot;,&quot;selector&quot;:&quot;//div[@id=&apos;options-list&apos;]/li/label[contains(text(),&apos;SYSADMIN&apos;)]/span&quot;}&#10;  (Session info: chrome=112.0.5615.138)&#10;For documentation on this error, please visit: https://www.seleniumhq.org/exceptions/no_such_element.html&#10;Build info: version: &apos;3.141.59&apos;, revision: &apos;e82be7d358&apos;, time: &apos;2018-11-14T08:17:03&apos;&#10;System info: host: &apos;DESKTOP-5VHKQUJ&apos;, ip: &apos;192.168.0.103&apos;, os.name: &apos;Windows 10&apos;, os.arch: &apos;amd64&apos;, os.version: &apos;10.0&apos;, java.version: &apos;16.0.2&apos;&#10;Driver info: org.openqa.selenium.chrome.ChromeDriver&#10;Capabilities {acceptInsecureCerts: false, browserName: chrome, browserVersion: 112.0.5615.138, chrome: {chromedriverVersion: 112.0.5615.49 (bd2a7bcb881c..., userDataDir: C:\Users\DELL\AppData\Local...}, goog:chromeOptions: {debuggerAddress: localhost:54758}, javascriptEnabled: true, networkConnectionEnabled: false, pageLoadStrategy: normal, platform: WINDOWS, platformName: WINDOWS, proxy: Proxy(), setWindowRect: true, strictFileInteractability: false, timeouts: {implicit: 0, pageLoad: 300000, script: 30000}, unhandledPromptBehavior: dismiss and notify, webauthn:extension:credBlob: true, webauthn:extension:largeBlob: true, webauthn:extension:minPinLength: true, webauthn:extension:prf: true, webauthn:virtualAuthenticators: true}&#10;Session ID: 1bb9381e7e77cbdd6732bd36cf9a7ea6&#10;*** Element info: {Using=xpath, value=//div[@id=&apos;options-list&apos;]/li/label[contains(text(),&apos;SYSADMIN&apos;)]/span}" type="org.openqa.selenium.NoSuchElementException">org.openqa.selenium.NoSuchElementException: no such element: Unable to locate element: {"method":"xpath","selector":"//div[@id='options-list']/li/label[contains(text(),'SYSADMIN')]/span"}
  (Session info: chrome=112.0.5615.138)
For documentation on this error, please visit: https://www.seleniumhq.org/exceptions/no_such_element.html
Build info: version: '3.141.59', revision: 'e82be7d358', time: '2018-11-14T08:17:03'
System info: host: 'DESKTOP-5VHKQUJ', ip: '192.168.0.103', os.name: 'Windows 10', os.arch: 'amd64', os.version: '10.0', java.version: '16.0.2'
Driver info: org.openqa.selenium.chrome.ChromeDriver
Capabilities {acceptInsecureCerts: false, browserName: chrome, browserVersion: 112.0.5615.138, chrome: {chromedriverVersion: 112.0.5615.49 (bd2a7bcb881c..., userDataDir: C:\Users\DELL\AppData\Local...}, goog:chromeOptions: {debuggerAddress: localhost:54758}, javascriptEnabled: true, networkConnectionEnabled: false, pageLoadStrategy: normal, platform: WINDOWS, platformName: WINDOWS, proxy: Proxy(), setWindowRect: true, strictFileInteractability: false, timeouts: {implicit: 0, pageLoad: 300000, script: 30000}, unhandledPromptBehavior: dismiss and notify, webauthn:extension:credBlob: true, webauthn:extension:largeBlob: true, webauthn:extension:minPinLength: true, webauthn:extension:prf: true, webauthn:virtualAuthenticators: true}
Session ID: 1bb9381e7e77cbdd6732bd36cf9a7ea6
*** Element info: {Using=xpath, value=//div[@id='options-list']/li/label[contains(text(),'SYSADMIN')]/span}
	at java.base/jdk.internal.reflect.NativeConstructorAccessorImpl.newInstance0(Native Method)
	at java.base/jdk.internal.reflect.NativeConstructorAccessorImpl.newInstance(NativeConstructorAccessorImpl.java:78)
	at java.base/jdk.internal.reflect.DelegatingConstructorAccessorImpl.newInstance(DelegatingConstructorAccessorImpl.java:45)
	at java.base/java.lang.reflect.Constructor.newInstanceWithCaller(Constructor.java:499)
	at java.base/java.lang.reflect.Constructor.newInstance(Constructor.java:480)
	at org.openqa.selenium.remote.http.W3CHttpResponseCodec.createException(W3CHttpResponseCodec.java:187)
	at org.openqa.selenium.remote.http.W3CHttpResponseCodec.decode(W3CHttpResponseCodec.java:122)
	at org.openqa.selenium.remote.http.W3CHttpResponseCodec.decode(W3CHttpResponseCodec.java:49)
	at org.openqa.selenium.remote.HttpCommandExecutor.execute(HttpCommandExecutor.java:158)
	at org.openqa.selenium.remote.service.DriverCommandExecutor.execute(DriverCommandExecutor.java:83)
	at org.openqa.selenium.remote.RemoteWebDriver.execute(RemoteWebDriver.java:552)
	at org.openqa.selenium.remote.RemoteWebDriver.findElement(RemoteWebDriver.java:323)
	at org.openqa.selenium.remote.RemoteWebDriver.findElementByXPath(RemoteWebDriver.java:428)
	at org.openqa.selenium.By$ByXPath.findElement(By.java:353)
	at org.openqa.selenium.remote.RemoteWebDriver.findElement(RemoteWebDriver.java:315)
	at com.ae.qa.pages.SystemUsersPage.creation(SystemUsersPage.java:114)
	at com.ae.qa.pages.SystemUsersPage.creatingTenantLicenseAdmin(SystemUsersPage.java:162)
	at com.ae.qa.testcases.SystemUsersPageTest.validateCreatingTenantLicenseAdminTest(SystemUsersPageTest.java:62)
</failure>
    <system-out><![CDATA[The name of the testcase failed is :validateCreateAllotmentBasedTenantTest
[DEBUG] 2023-04-29 17:03:55.579 [TestNG-test=AESanity-1] TestBase - Execution started
[INFO ] 2023-04-29 17:04:01.523 [TestNG-test=AESanity-1] TestBase - Browser started successfully
[INFO ] 2023-04-29 17:04:09.220 [TestNG-test=AESanity-1] TestBase - User is navigated to AE portal
validateCreatingTenantLicenseAdminTest test case started
User logged in successfully
[INFO ] 2023-04-29 17:04:22.365 [TestNG-test=AESanity-1] TestBase - started creating new system admin
]]></system-out>
    <system-err><![CDATA[Starting ChromeDriver 112.0.5615.49 (bd2a7bcb881c11e8cfe3078709382934e3916914-refs/branch-heads/5615@{#936}) on port 30757
Only local connections are allowed.
Please see https://chromedriver.chromium.org/security-considerations for suggestions on keeping ChromeDriver safe.
ChromeDriver was started successfully.
Apr 29, 2023 5:04:01 PM org.openqa.selenium.remote.ProtocolHandshake createSession
INFO: Detected dialect: W3C
]]></system-err>
  </testcase>
  <testcase name="validateEditTenantLicenseAdminTest" classname="com.ae.qa.testcases.SystemUsersPageTest" time="45.992">
    <failure message="Cannot locate an element using xpath=//table/tr/td/label[@title=&apos;TLAdmin01&apos;]&#10;For documentation on this error, please visit: https://www.seleniumhq.org/exceptions/no_such_element.html&#10;Build info: version: &apos;3.141.59&apos;, revision: &apos;e82be7d358&apos;, time: &apos;2018-11-14T08:17:03&apos;&#10;System info: host: &apos;DESKTOP-5VHKQUJ&apos;, ip: &apos;192.168.0.103&apos;, os.name: &apos;Windows 10&apos;, os.arch: &apos;amd64&apos;, os.version: &apos;10.0&apos;, java.version: &apos;16.0.2&apos;&#10;Driver info: driver.version: RemoteWebDriver" type="org.openqa.selenium.NoSuchElementException">org.openqa.selenium.NoSuchElementException: Cannot locate an element using xpath=//table/tr/td/label[@title='TLAdmin01']
For documentation on this error, please visit: https://www.seleniumhq.org/exceptions/no_such_element.html
Build info: version: '3.141.59', revision: 'e82be7d358', time: '2018-11-14T08:17:03'
System info: host: 'DESKTOP-5VHKQUJ', ip: '192.168.0.103', os.name: 'Windows 10', os.arch: 'amd64', os.version: '10.0', java.version: '16.0.2'
Driver info: driver.version: RemoteWebDriver
	at org.openqa.selenium.remote.RemoteWebDriver.findElement(RemoteWebDriver.java:327)
	at org.openqa.selenium.remote.RemoteWebDriver.findElementByXPath(RemoteWebDriver.java:428)
	at org.openqa.selenium.By$ByXPath.findElement(By.java:353)
	at org.openqa.selenium.remote.RemoteWebDriver.findElement(RemoteWebDriver.java:315)
	at com.ae.qa.pages.SystemUsersPage.validateEditTenantLicenseAdmin(SystemUsersPage.java:191)
	at com.ae.qa.testcases.SystemUsersPageTest.validateEditTenantLicenseAdminTest(SystemUsersPageTest.java:81)
</failure>
    <system-out><![CDATA[The name of the testcase failed is :validateCreatingTenantLicenseAdminTest
[DEBUG] 2023-04-29 17:05:25.870 [TestNG-test=AESanity-1] TestBase - Execution started
[INFO ] 2023-04-29 17:05:31.180 [TestNG-test=AESanity-1] TestBase - Browser started successfully
[INFO ] 2023-04-29 17:05:37.520 [TestNG-test=AESanity-1] TestBase - User is navigated to AE portal
validateEditTenantLicenseAdminTest test case started
User logged in successfully
]]></system-out>
    <system-err><![CDATA[Starting ChromeDriver 112.0.5615.49 (bd2a7bcb881c11e8cfe3078709382934e3916914-refs/branch-heads/5615@{#936}) on port 29217
Only local connections are allowed.
Please see https://chromedriver.chromium.org/security-considerations for suggestions on keeping ChromeDriver safe.
ChromeDriver was started successfully.
Apr 29, 2023 5:05:31 PM org.openqa.selenium.remote.ProtocolHandshake createSession
INFO: Detected dialect: W3C
]]></system-err>
  </testcase>
  <testcase name="getResult" classname="com.ae.qa.testcases.SystemUsersPageTest" time="45.993">
    <failure message="no such window: target window already closed&#10;from unknown error: web view not found&#10;  (Session info: chrome=112.0.5615.138)&#10;Build info: version: &apos;3.141.59&apos;, revision: &apos;e82be7d358&apos;, time: &apos;2018-11-14T08:17:03&apos;&#10;System info: host: &apos;DESKTOP-5VHKQUJ&apos;, ip: &apos;192.168.0.103&apos;, os.name: &apos;Windows 10&apos;, os.arch: &apos;amd64&apos;, os.version: &apos;10.0&apos;, java.version: &apos;16.0.2&apos;&#10;Driver info: org.openqa.selenium.chrome.ChromeDriver&#10;Capabilities {acceptInsecureCerts: false, browserName: chrome, browserVersion: 112.0.5615.138, chrome: {chromedriverVersion: 112.0.5615.49 (bd2a7bcb881c..., userDataDir: C:\Users\DELL\AppData\Local...}, goog:chromeOptions: {debuggerAddress: localhost:54808}, javascriptEnabled: true, networkConnectionEnabled: false, pageLoadStrategy: normal, platform: WINDOWS, platformName: WINDOWS, proxy: Proxy(), setWindowRect: true, strictFileInteractability: false, timeouts: {implicit: 0, pageLoad: 300000, script: 30000}, unhandledPromptBehavior: dismiss and notify, webauthn:extension:credBlob: true, webauthn:extension:largeBlob: true, webauthn:extension:minPinLength: true, webauthn:extension:prf: true, webauthn:virtualAuthenticators: true}&#10;Session ID: e0cd5630d22e1c617b158d790994d645" type="org.openqa.selenium.NoSuchWindowException">org.openqa.selenium.NoSuchWindowException: no such window: target window already closed
from unknown error: web view not found
  (Session info: chrome=112.0.5615.138)
Build info: version: '3.141.59', revision: 'e82be7d358', time: '2018-11-14T08:17:03'
System info: host: 'DESKTOP-5VHKQUJ', ip: '192.168.0.103', os.name: 'Windows 10', os.arch: 'amd64', os.version: '10.0', java.version: '16.0.2'
Driver info: org.openqa.selenium.chrome.ChromeDriver
Capabilities {acceptInsecureCerts: false, browserName: chrome, browserVersion: 112.0.5615.138, chrome: {chromedriverVersion: 112.0.5615.49 (bd2a7bcb881c..., userDataDir: C:\Users\DELL\AppData\Local...}, goog:chromeOptions: {debuggerAddress: localhost:54808}, javascriptEnabled: true, networkConnectionEnabled: false, pageLoadStrategy: normal, platform: WINDOWS, platformName: WINDOWS, proxy: Proxy(), setWindowRect: true, strictFileInteractability: false, timeouts: {implicit: 0, pageLoad: 300000, script: 30000}, unhandledPromptBehavior: dismiss and notify, webauthn:extension:credBlob: true, webauthn:extension:largeBlob: true, webauthn:extension:minPinLength: true, webauthn:extension:prf: true, webauthn:virtualAuthenticators: true}
Session ID: e0cd5630d22e1c617b158d790994d645
	at java.base/jdk.internal.reflect.NativeConstructorAccessorImpl.newInstance0(Native Method)
	at java.base/jdk.internal.reflect.NativeConstructorAccessorImpl.newInstance(NativeConstructorAccessorImpl.java:78)
	at java.base/jdk.internal.reflect.DelegatingConstructorAccessorImpl.newInstance(DelegatingConstructorAccessorImpl.java:45)
	at java.base/java.lang.reflect.Constructor.newInstanceWithCaller(Constructor.java:499)
	at java.base/java.lang.reflect.Constructor.newInstance(Constructor.java:480)
	at org.openqa.selenium.remote.http.W3CHttpResponseCodec.createException(W3CHttpResponseCodec.java:187)
	at org.openqa.selenium.remote.http.W3CHttpResponseCodec.decode(W3CHttpResponseCodec.java:122)
	at org.openqa.selenium.remote.http.W3CHttpResponseCodec.decode(W3CHttpResponseCodec.java:49)
	at org.openqa.selenium.remote.HttpCommandExecutor.execute(HttpCommandExecutor.java:158)
	at org.openqa.selenium.remote.service.DriverCommandExecutor.execute(DriverCommandExecutor.java:83)
	at org.openqa.selenium.remote.RemoteWebDriver.execute(RemoteWebDriver.java:552)
	at org.openqa.selenium.remote.RemoteWebDriver.execute(RemoteWebDriver.java:609)
	at org.openqa.selenium.remote.RemoteWebDriver.getScreenshotAs(RemoteWebDriver.java:295)
	at com.ae.qa.base.TestBase.getScreenShot(TestBase.java:114)
	at com.ae.qa.base.TestBase.getResult(TestBase.java:204)
	at jdk.internal.reflect.GeneratedMethodAccessor6.invoke(Unknown Source)
	at java.base/jdk.internal.reflect.DelegatingMethodAccessorImpl.invoke(DelegatingMethodAccessorImpl.java:43)
	at java.base/java.lang.reflect.Method.invoke(Method.java:567)
	at org.testng.internal.invokers.MethodInvocationHelper.invokeMethod(MethodInvocationHelper.java:139)
	at org.testng.internal.invokers.MethodInvocationHelper.invokeMethodConsideringTimeout(MethodInvocationHelper.java:69)
	at org.testng.internal.invokers.ConfigInvoker.invokeConfigurationMethod(ConfigInvoker.java:361)
	at org.testng.internal.invokers.ConfigInvoker.invokeConfigurations(ConfigInvoker.java:296)
	at org.testng.internal.invokers.TestInvoker.runConfigMethods(TestInvoker.java:816)
	at org.testng.internal.invokers.TestInvoker.runAfterConfigurations(TestInvoker.java:785)
	at org.testng.internal.invokers.TestInvoker.invokeMethod(TestInvoker.java:761)
	at org.testng.internal.invokers.TestInvoker.invokeTestMethod(TestInvoker.java:221)
	at org.testng.internal.invokers.MethodRunner.runInSequence(MethodRunner.java:50)
	at org.testng.internal.invokers.TestInvoker$MethodInvocationAgent.invoke(TestInvoker.java:962)
	at org.testng.internal.invokers.TestInvoker.invokeTestMethods(TestInvoker.java:194)
	at org.testng.internal.invokers.TestMethodWorker.invokeTestMethods(TestMethodWorker.java:148)
	at org.testng.internal.invokers.TestMethodWorker.run(TestMethodWorker.java:128)
	at java.base/java.util.concurrent.ThreadPoolExecutor.runWorker(ThreadPoolExecutor.java:1130)
	at java.base/java.util.concurrent.ThreadPoolExecutor$Worker.run(ThreadPoolExecutor.java:630)
	at java.base/java.lang.Thread.run(Thread.java:831)
</failure>
    <system-out><![CDATA[The name of the testcase failed is :validateEditTenantLicenseAdminTest
]]></system-out>
  </testcase>
  <testcase name="getResult" classname="com.ae.qa.testcases.SystemUsersPageTest" time="0">
    <skipped/>
    <system-out><![CDATA[The name of the testcase Skipped is :validateDeleteSystemAdminTest
]]></system-out>
  </testcase>
  <testcase name="validateAllocateConsumptionBasedTest" classname="com.ae.qa.testcases.TenantsPageTest" time="16.322">
    <failure message="disconnected: received Inspector.detached event&#10;  (failed to check if window was closed: disconnected: unable to send message to renderer)&#10;  (Session info: chrome=112.0.5615.138)&#10;Build info: version: &apos;3.141.59&apos;, revision: &apos;e82be7d358&apos;, time: &apos;2018-11-14T08:17:03&apos;&#10;System info: host: &apos;DESKTOP-5VHKQUJ&apos;, ip: &apos;192.168.0.103&apos;, os.name: &apos;Windows 10&apos;, os.arch: &apos;amd64&apos;, os.version: &apos;10.0&apos;, java.version: &apos;16.0.2&apos;&#10;Driver info: org.openqa.selenium.chrome.ChromeDriver&#10;Capabilities {acceptInsecureCerts: false, browserName: chrome, browserVersion: 112.0.5615.138, chrome: {chromedriverVersion: 112.0.5615.49 (bd2a7bcb881c..., userDataDir: C:\Users\DELL\AppData\Local...}, goog:chromeOptions: {debuggerAddress: localhost:54848}, javascriptEnabled: true, networkConnectionEnabled: false, pageLoadStrategy: normal, platform: WINDOWS, platformName: WINDOWS, proxy: Proxy(), setWindowRect: true, strictFileInteractability: false, timeouts: {implicit: 0, pageLoad: 300000, script: 30000}, unhandledPromptBehavior: dismiss and notify, webauthn:extension:credBlob: true, webauthn:extension:largeBlob: true, webauthn:extension:minPinLength: true, webauthn:extension:prf: true, webauthn:virtualAuthenticators: true}&#10;Session ID: eace795d75e2de03276cf407347afe63&#10;*** Element info: {Using=xpath, value=//span[(text()=&apos;Tenants&apos;)]}" type="org.openqa.selenium.WebDriverException">org.openqa.selenium.WebDriverException: disconnected: received Inspector.detached event
  (failed to check if window was closed: disconnected: unable to send message to renderer)
  (Session info: chrome=112.0.5615.138)
Build info: version: '3.141.59', revision: 'e82be7d358', time: '2018-11-14T08:17:03'
System info: host: 'DESKTOP-5VHKQUJ', ip: '192.168.0.103', os.name: 'Windows 10', os.arch: 'amd64', os.version: '10.0', java.version: '16.0.2'
Driver info: org.openqa.selenium.chrome.ChromeDriver
Capabilities {acceptInsecureCerts: false, browserName: chrome, browserVersion: 112.0.5615.138, chrome: {chromedriverVersion: 112.0.5615.49 (bd2a7bcb881c..., userDataDir: C:\Users\DELL\AppData\Local...}, goog:chromeOptions: {debuggerAddress: localhost:54848}, javascriptEnabled: true, networkConnectionEnabled: false, pageLoadStrategy: normal, platform: WINDOWS, platformName: WINDOWS, proxy: Proxy(), setWindowRect: true, strictFileInteractability: false, timeouts: {implicit: 0, pageLoad: 300000, script: 30000}, unhandledPromptBehavior: dismiss and notify, webauthn:extension:credBlob: true, webauthn:extension:largeBlob: true, webauthn:extension:minPinLength: true, webauthn:extension:prf: true, webauthn:virtualAuthenticators: true}
Session ID: eace795d75e2de03276cf407347afe63
*** Element info: {Using=xpath, value=//span[(text()='Tenants')]}
	at java.base/jdk.internal.reflect.NativeConstructorAccessorImpl.newInstance0(Native Method)
	at java.base/jdk.internal.reflect.NativeConstructorAccessorImpl.newInstance(NativeConstructorAccessorImpl.java:78)
	at java.base/jdk.internal.reflect.DelegatingConstructorAccessorImpl.newInstance(DelegatingConstructorAccessorImpl.java:45)
	at java.base/java.lang.reflect.Constructor.newInstanceWithCaller(Constructor.java:499)
	at java.base/java.lang.reflect.Constructor.newInstance(Constructor.java:480)
	at org.openqa.selenium.remote.http.W3CHttpResponseCodec.createException(W3CHttpResponseCodec.java:187)
	at org.openqa.selenium.remote.http.W3CHttpResponseCodec.decode(W3CHttpResponseCodec.java:122)
	at org.openqa.selenium.remote.http.W3CHttpResponseCodec.decode(W3CHttpResponseCodec.java:49)
	at org.openqa.selenium.remote.HttpCommandExecutor.execute(HttpCommandExecutor.java:158)
	at org.openqa.selenium.remote.service.DriverCommandExecutor.execute(DriverCommandExecutor.java:83)
	at org.openqa.selenium.remote.RemoteWebDriver.execute(RemoteWebDriver.java:552)
	at org.openqa.selenium.remote.RemoteWebDriver.findElement(RemoteWebDriver.java:323)
	at org.openqa.selenium.remote.RemoteWebDriver.findElementByXPath(RemoteWebDriver.java:428)
	at org.openqa.selenium.By$ByXPath.findElement(By.java:353)
	at org.openqa.selenium.remote.RemoteWebDriver.findElement(RemoteWebDriver.java:315)
	at org.openqa.selenium.support.pagefactory.DefaultElementLocator.findElement(DefaultElementLocator.java:69)
	at org.openqa.selenium.support.pagefactory.internal.LocatingElementHandler.invoke(LocatingElementHandler.java:38)
	at jdk.proxy2/jdk.proxy2.$Proxy28.getWrappedElement(Unknown Source)
	at org.openqa.selenium.remote.internal.WebElementToJsonConverter.apply(WebElementToJsonConverter.java:50)
	at java.base/java.util.stream.ReferencePipeline$3$1.accept(ReferencePipeline.java:197)
	at java.base/java.util.Spliterators$ArraySpliterator.forEachRemaining(Spliterators.java:948)
	at java.base/java.util.stream.AbstractPipeline.copyInto(AbstractPipeline.java:484)
	at java.base/java.util.stream.AbstractPipeline.wrapAndCopyInto(AbstractPipeline.java:474)
	at java.base/java.util.stream.ReduceOps$ReduceOp.evaluateSequential(ReduceOps.java:913)
	at java.base/java.util.stream.AbstractPipeline.evaluate(AbstractPipeline.java:234)
	at java.base/java.util.stream.ReferencePipeline.collect(ReferencePipeline.java:682)
	at org.openqa.selenium.remote.RemoteWebDriver.executeScript(RemoteWebDriver.java:484)
	at com.ae.qa.pages.TenantsPage.validateAllocateConsumptionBased(TenantsPage.java:416)
	at com.ae.qa.testcases.TenantsPageTest.validateAllocateConsumptionBasedTest(TenantsPageTest.java:139)
</failure>
    <system-out><![CDATA[[DEBUG] 2023-04-29 17:06:23.835 [TestNG-test=AESanity-1] TestBase - Execution started
[INFO ] 2023-04-29 17:06:27.717 [TestNG-test=AESanity-1] TestBase - Browser started successfully
[INFO ] 2023-04-29 17:06:36.593 [TestNG-test=AESanity-1] TestBase - User is navigated to AE portal
validateAllocateConsumptionBasedTest test case started
User log in Successfully
]]></system-out>
    <system-err><![CDATA[Starting ChromeDriver 112.0.5615.49 (bd2a7bcb881c11e8cfe3078709382934e3916914-refs/branch-heads/5615@{#936}) on port 6437
Only local connections are allowed.
Please see https://chromedriver.chromium.org/security-considerations for suggestions on keeping ChromeDriver safe.
ChromeDriver was started successfully.
Apr 29, 2023 5:06:27 PM org.openqa.selenium.remote.ProtocolHandshake createSession
INFO: Detected dialect: W3C
]]></system-err>
  </testcase>
  <testcase name="getResult" classname="com.ae.qa.testcases.TenantsPageTest" time="16.323">
    <failure message="disconnected: not connected to DevTools&#10;  (failed to check if window was closed: disconnected: not connected to DevTools)&#10;  (Session info: chrome=112.0.5615.138)&#10;Build info: version: &apos;3.141.59&apos;, revision: &apos;e82be7d358&apos;, time: &apos;2018-11-14T08:17:03&apos;&#10;System info: host: &apos;DESKTOP-5VHKQUJ&apos;, ip: &apos;192.168.0.103&apos;, os.name: &apos;Windows 10&apos;, os.arch: &apos;amd64&apos;, os.version: &apos;10.0&apos;, java.version: &apos;16.0.2&apos;&#10;Driver info: org.openqa.selenium.chrome.ChromeDriver&#10;Capabilities {acceptInsecureCerts: false, browserName: chrome, browserVersion: 112.0.5615.138, chrome: {chromedriverVersion: 112.0.5615.49 (bd2a7bcb881c..., userDataDir: C:\Users\DELL\AppData\Local...}, goog:chromeOptions: {debuggerAddress: localhost:54848}, javascriptEnabled: true, networkConnectionEnabled: false, pageLoadStrategy: normal, platform: WINDOWS, platformName: WINDOWS, proxy: Proxy(), setWindowRect: true, strictFileInteractability: false, timeouts: {implicit: 0, pageLoad: 300000, script: 30000}, unhandledPromptBehavior: dismiss and notify, webauthn:extension:credBlob: true, webauthn:extension:largeBlob: true, webauthn:extension:minPinLength: true, webauthn:extension:prf: true, webauthn:virtualAuthenticators: true}&#10;Session ID: eace795d75e2de03276cf407347afe63" type="org.openqa.selenium.WebDriverException">org.openqa.selenium.WebDriverException: disconnected: not connected to DevTools
  (failed to check if window was closed: disconnected: not connected to DevTools)
  (Session info: chrome=112.0.5615.138)
Build info: version: '3.141.59', revision: 'e82be7d358', time: '2018-11-14T08:17:03'
System info: host: 'DESKTOP-5VHKQUJ', ip: '192.168.0.103', os.name: 'Windows 10', os.arch: 'amd64', os.version: '10.0', java.version: '16.0.2'
Driver info: org.openqa.selenium.chrome.ChromeDriver
Capabilities {acceptInsecureCerts: false, browserName: chrome, browserVersion: 112.0.5615.138, chrome: {chromedriverVersion: 112.0.5615.49 (bd2a7bcb881c..., userDataDir: C:\Users\DELL\AppData\Local...}, goog:chromeOptions: {debuggerAddress: localhost:54848}, javascriptEnabled: true, networkConnectionEnabled: false, pageLoadStrategy: normal, platform: WINDOWS, platformName: WINDOWS, proxy: Proxy(), setWindowRect: true, strictFileInteractability: false, timeouts: {implicit: 0, pageLoad: 300000, script: 30000}, unhandledPromptBehavior: dismiss and notify, webauthn:extension:credBlob: true, webauthn:extension:largeBlob: true, webauthn:extension:minPinLength: true, webauthn:extension:prf: true, webauthn:virtualAuthenticators: true}
Session ID: eace795d75e2de03276cf407347afe63
	at java.base/jdk.internal.reflect.NativeConstructorAccessorImpl.newInstance0(Native Method)
	at java.base/jdk.internal.reflect.NativeConstructorAccessorImpl.newInstance(NativeConstructorAccessorImpl.java:78)
	at java.base/jdk.internal.reflect.DelegatingConstructorAccessorImpl.newInstance(DelegatingConstructorAccessorImpl.java:45)
	at java.base/java.lang.reflect.Constructor.newInstanceWithCaller(Constructor.java:499)
	at java.base/java.lang.reflect.Constructor.newInstance(Constructor.java:480)
	at org.openqa.selenium.remote.http.W3CHttpResponseCodec.createException(W3CHttpResponseCodec.java:187)
	at org.openqa.selenium.remote.http.W3CHttpResponseCodec.decode(W3CHttpResponseCodec.java:122)
	at org.openqa.selenium.remote.http.W3CHttpResponseCodec.decode(W3CHttpResponseCodec.java:49)
	at org.openqa.selenium.remote.HttpCommandExecutor.execute(HttpCommandExecutor.java:158)
	at org.openqa.selenium.remote.service.DriverCommandExecutor.execute(DriverCommandExecutor.java:83)
	at org.openqa.selenium.remote.RemoteWebDriver.execute(RemoteWebDriver.java:552)
	at org.openqa.selenium.remote.RemoteWebDriver.execute(RemoteWebDriver.java:609)
	at org.openqa.selenium.remote.RemoteWebDriver.getScreenshotAs(RemoteWebDriver.java:295)
	at com.ae.qa.base.TestBase.getScreenShot(TestBase.java:114)
	at com.ae.qa.base.TestBase.getResult(TestBase.java:204)
	at jdk.internal.reflect.GeneratedMethodAccessor6.invoke(Unknown Source)
	at java.base/jdk.internal.reflect.DelegatingMethodAccessorImpl.invoke(DelegatingMethodAccessorImpl.java:43)
	at java.base/java.lang.reflect.Method.invoke(Method.java:567)
	at org.testng.internal.invokers.MethodInvocationHelper.invokeMethod(MethodInvocationHelper.java:139)
	at org.testng.internal.invokers.MethodInvocationHelper.invokeMethodConsideringTimeout(MethodInvocationHelper.java:69)
	at org.testng.internal.invokers.ConfigInvoker.invokeConfigurationMethod(ConfigInvoker.java:361)
	at org.testng.internal.invokers.ConfigInvoker.invokeConfigurations(ConfigInvoker.java:296)
	at org.testng.internal.invokers.TestInvoker.runConfigMethods(TestInvoker.java:816)
	at org.testng.internal.invokers.TestInvoker.runAfterConfigurations(TestInvoker.java:785)
	at org.testng.internal.invokers.TestInvoker.invokeMethod(TestInvoker.java:761)
	at org.testng.internal.invokers.TestInvoker.invokeTestMethod(TestInvoker.java:221)
	at org.testng.internal.invokers.MethodRunner.runInSequence(MethodRunner.java:50)
	at org.testng.internal.invokers.TestInvoker$MethodInvocationAgent.invoke(TestInvoker.java:962)
	at org.testng.internal.invokers.TestInvoker.invokeTestMethods(TestInvoker.java:194)
	at org.testng.internal.invokers.TestMethodWorker.invokeTestMethods(TestMethodWorker.java:148)
	at org.testng.internal.invokers.TestMethodWorker.run(TestMethodWorker.java:128)
	at java.base/java.util.concurrent.ThreadPoolExecutor.runWorker(ThreadPoolExecutor.java:1130)
	at java.base/java.util.concurrent.ThreadPoolExecutor$Worker.run(ThreadPoolExecutor.java:630)
	at java.base/java.lang.Thread.run(Thread.java:831)
</failure>
    <system-out><![CDATA[The name of the testcase failed is :validateAllocateConsumptionBasedTest
]]></system-out>
  </testcase>
  <testcase name="getResult" classname="com.ae.qa.testcases.TenantsPageTest" time="0">
    <skipped/>
    <system-out><![CDATA[The name of the testcase Skipped is :validateAmendLicenseTest
]]></system-out>
  </testcase>
  <testcase name="getResult" classname="com.ae.qa.testcases.TenantsPageTest" time="0">
    <skipped/>
    <system-out><![CDATA[The name of the testcase Skipped is :validateDisableTenantTest
]]></system-out>
  </testcase>
  <testcase name="getResult" classname="com.ae.qa.testcases.TenantsPageTest" time="0">
    <skipped/>
    <system-out><![CDATA[The name of the testcase Skipped is :validateSubmitRequestDisabledTenantTest
]]></system-out>
  </testcase>
  <testcase name="getResult" classname="com.ae.qa.testcases.TenantsPageTest" time="0">
    <skipped/>
    <system-out><![CDATA[The name of the testcase Skipped is :validateSubmitRequestEnableTenantTest
]]></system-out>
  </testcase>
  <testcase name="getResult" classname="com.ae.qa.testcases.TenantsPageTest" time="0">
    <skipped/>
    <system-out><![CDATA[The name of the testcase Skipped is :validateDisableAllomentBasedTenantTest
]]></system-out>
  </testcase>
  <testcase name="getResult" classname="com.ae.qa.testcases.TenantsPageTest" time="0">
    <skipped/>
    <system-out><![CDATA[The name of the testcase Skipped is :validateEnableAllomentBasedTenantTest
]]></system-out>
  </testcase>
  <testcase name="initialization" classname="com.ae.qa.testcases.TenantsPageTest" time="0">
    <skipped/>
  </testcase>
  <testcase name="initialization" classname="com.ae.qa.testcases.TenantsPageTest" time="0">
    <skipped/>
    <system-out><![CDATA[The name of the testcase passed is :validateIntegrationServiceStatusTest
]]></system-out>
  </testcase>
  <testcase name="initialization" classname="com.ae.qa.testcases.TenantsPageTest" time="0">
    <skipped/>
  </testcase>
  <testcase name="initialization" classname="com.ae.qa.testcases.TenantsPageTest" time="0">
    <skipped/>
  </testcase>
  <testcase name="initialization" classname="com.ae.qa.testcases.TenantsPageTest" time="0">
    <skipped/>
  </testcase>
  <testcase name="initialization" classname="com.ae.qa.testcases.TenantsPageTest" time="0">
    <skipped/>
  </testcase>
  <testcase name="validateAmendLicenseTest" classname="com.ae.qa.testcases.TenantsPageTest" time="0">
    <skipped/>
    <system-out><![CDATA[validateAmendLicenseTest test case started
]]></system-out>
  </testcase>
  <testcase name="validateLicenseDetailTabTest" classname="com.ae.qa.testcasesTenantAdmin.HomePageTestTA" time="16.186">
    <failure message="expected [true] but found [false]" type="java.lang.AssertionError">java.lang.AssertionError: expected [true] but found [false]
	at org.testng.Assert.fail(Assert.java:110)
	at org.testng.Assert.failNotEquals(Assert.java:1413)
	at org.testng.Assert.assertTrue(Assert.java:56)
	at org.testng.Assert.assertTrue(Assert.java:66)
	at com.ae.qa.pagesTenantAdmin.HomePageTA.validateLicenseDetailTab(HomePageTA.java:245)
	at com.ae.qa.testcasesTenantAdmin.HomePageTestTA.validateLicenseDetailTabTest(HomePageTestTA.java:55)
</failure>
    <system-out><![CDATA[[DEBUG] 2023-04-29 17:06:53.889 [TestNG-test=AESanity-1] TestBase - Execution started
[INFO ] 2023-04-29 17:06:57.943 [TestNG-test=AESanity-1] TestBase - Browser started successfully
[INFO ] 2023-04-29 17:07:07.773 [TestNG-test=AESanity-1] TestBase - User is navigated to AE portal
validateLicenseDetailTabTest test case started
User log in Successfully
Home Tab is clicked
License Details Tab is clicked
Actual License details :-[No record(s) found!]
Expected License details :-[DEVELOPMENT, 10, 20, 3, 10000, 30, 15-Sep-2022, 14-Sep-2023]
]]></system-out>
    <system-err><![CDATA[Starting ChromeDriver 112.0.5615.49 (bd2a7bcb881c11e8cfe3078709382934e3916914-refs/branch-heads/5615@{#936}) on port 5237
Only local connections are allowed.
Please see https://chromedriver.chromium.org/security-considerations for suggestions on keeping ChromeDriver safe.
ChromeDriver was started successfully.
Apr 29, 2023 5:06:57 PM org.openqa.selenium.remote.ProtocolHandshake createSession
INFO: Detected dialect: W3C
]]></system-err>
  </testcase>
  <testcase name="validateLicenseDetailHomepageTest" classname="com.ae.qa.testcasesTenantAdmin.HomePageTestTA" time="13.455"/>
  <testcase name="validateMultipleWorkflowAssignmentTest" classname="com.ae.qa.testcasesTenantAdmin.WorkflowAssignmentPageTestTA" time="33.401"/>
  <testcase name="validateCreateHolidayCalenderTest" classname="com.ae.qa.testcasesTenantAdmin.HolidayCalenderPageTestTA" time="121.826"/>
  <testcase name="validateCreateHolidayCalenderUpcomingYearTest" classname="com.ae.qa.testcasesTenantAdmin.HolidayCalenderPageTestTA" time="9.612">
    <failure message="stale element reference: element is not attached to the page document&#10;  (Session info: chrome=112.0.5615.138)&#10;For documentation on this error, please visit: https://www.seleniumhq.org/exceptions/stale_element_reference.html&#10;Build info: version: &apos;3.141.59&apos;, revision: &apos;e82be7d358&apos;, time: &apos;2018-11-14T08:17:03&apos;&#10;System info: host: &apos;DESKTOP-5VHKQUJ&apos;, ip: &apos;192.168.0.103&apos;, os.name: &apos;Windows 10&apos;, os.arch: &apos;amd64&apos;, os.version: &apos;10.0&apos;, java.version: &apos;16.0.2&apos;&#10;Driver info: org.openqa.selenium.chrome.ChromeDriver&#10;Capabilities {acceptInsecureCerts: false, browserName: chrome, browserVersion: 112.0.5615.138, chrome: {chromedriverVersion: 112.0.5615.49 (bd2a7bcb881c..., userDataDir: C:\Users\DELL\AppData\Local...}, goog:chromeOptions: {debuggerAddress: localhost:55244}, javascriptEnabled: true, networkConnectionEnabled: false, pageLoadStrategy: normal, platform: WINDOWS, platformName: WINDOWS, proxy: Proxy(), setWindowRect: true, strictFileInteractability: false, timeouts: {implicit: 0, pageLoad: 300000, script: 30000}, unhandledPromptBehavior: dismiss and notify, webauthn:extension:credBlob: true, webauthn:extension:largeBlob: true, webauthn:extension:minPinLength: true, webauthn:extension:prf: true, webauthn:virtualAuthenticators: true}&#10;Session ID: b548474a4c9219e0722aa36eb04d795d" type="org.openqa.selenium.StaleElementReferenceException">org.openqa.selenium.StaleElementReferenceException: stale element reference: element is not attached to the page document
  (Session info: chrome=112.0.5615.138)
For documentation on this error, please visit: https://www.seleniumhq.org/exceptions/stale_element_reference.html
Build info: version: '3.141.59', revision: 'e82be7d358', time: '2018-11-14T08:17:03'
System info: host: 'DESKTOP-5VHKQUJ', ip: '192.168.0.103', os.name: 'Windows 10', os.arch: 'amd64', os.version: '10.0', java.version: '16.0.2'
Driver info: org.openqa.selenium.chrome.ChromeDriver
Capabilities {acceptInsecureCerts: false, browserName: chrome, browserVersion: 112.0.5615.138, chrome: {chromedriverVersion: 112.0.5615.49 (bd2a7bcb881c..., userDataDir: C:\Users\DELL\AppData\Local...}, goog:chromeOptions: {debuggerAddress: localhost:55244}, javascriptEnabled: true, networkConnectionEnabled: false, pageLoadStrategy: normal, platform: WINDOWS, platformName: WINDOWS, proxy: Proxy(), setWindowRect: true, strictFileInteractability: false, timeouts: {implicit: 0, pageLoad: 300000, script: 30000}, unhandledPromptBehavior: dismiss and notify, webauthn:extension:credBlob: true, webauthn:extension:largeBlob: true, webauthn:extension:minPinLength: true, webauthn:extension:prf: true, webauthn:virtualAuthenticators: true}
Session ID: b548474a4c9219e0722aa36eb04d795d
	at java.base/jdk.internal.reflect.NativeConstructorAccessorImpl.newInstance0(Native Method)
	at java.base/jdk.internal.reflect.NativeConstructorAccessorImpl.newInstance(NativeConstructorAccessorImpl.java:78)
	at java.base/jdk.internal.reflect.DelegatingConstructorAccessorImpl.newInstance(DelegatingConstructorAccessorImpl.java:45)
	at java.base/java.lang.reflect.Constructor.newInstanceWithCaller(Constructor.java:499)
	at java.base/java.lang.reflect.Constructor.newInstance(Constructor.java:480)
	at org.openqa.selenium.remote.http.W3CHttpResponseCodec.createException(W3CHttpResponseCodec.java:187)
	at org.openqa.selenium.remote.http.W3CHttpResponseCodec.decode(W3CHttpResponseCodec.java:122)
	at org.openqa.selenium.remote.http.W3CHttpResponseCodec.decode(W3CHttpResponseCodec.java:49)
	at org.openqa.selenium.remote.HttpCommandExecutor.execute(HttpCommandExecutor.java:158)
	at org.openqa.selenium.remote.service.DriverCommandExecutor.execute(DriverCommandExecutor.java:83)
	at org.openqa.selenium.remote.RemoteWebDriver.execute(RemoteWebDriver.java:552)
	at org.openqa.selenium.remote.RemoteWebDriver.executeScript(RemoteWebDriver.java:489)
	at com.ae.qa.pagesTenantAdmin.HolidayCalenderPageTA.ImportHolidayCalender(HolidayCalenderPageTA.java:88)
	at com.ae.qa.pagesTenantAdmin.HolidayCalenderPageTA.validateCreateHolidayCalenderUpcomingYear(HolidayCalenderPageTA.java:141)
	at com.ae.qa.testcasesTenantAdmin.HolidayCalenderPageTestTA.validateCreateHolidayCalenderUpcomingYearTest(HolidayCalenderPageTestTA.java:36)
</failure>
    <system-out><![CDATA[The name of the testcase passed is :validateCreateHolidayCalenderTest
[DEBUG] 2023-04-29 17:12:15.238 [TestNG-test=AESanity-1] TestBase - Execution started
[INFO ] 2023-04-29 17:12:22.767 [TestNG-test=AESanity-1] TestBase - Browser started successfully
[INFO ] 2023-04-29 17:12:46.893 [TestNG-test=AESanity-1] TestBase - User is navigated to AE portal
validateCreateHolidayCalenderUpcomingYearTest test case started
User logged in successfully
]]></system-out>
    <system-err><![CDATA[Starting ChromeDriver 112.0.5615.49 (bd2a7bcb881c11e8cfe3078709382934e3916914-refs/branch-heads/5615@{#936}) on port 15130
Only local connections are allowed.
Please see https://chromedriver.chromium.org/security-considerations for suggestions on keeping ChromeDriver safe.
ChromeDriver was started successfully.
Apr 29, 2023 5:12:22 PM org.openqa.selenium.remote.ProtocolHandshake createSession
INFO: Detected dialect: W3C
]]></system-err>
  </testcase>
  <testcase name="validateEditHolidayCalenderTest" classname="com.ae.qa.testcasesTenantAdmin.HolidayCalenderPageTestTA" time="69.561">
    <failure message="no such element: Unable to locate element: {&quot;method&quot;:&quot;xpath&quot;,&quot;selector&quot;:&quot;//table/tr/td[text()=&apos;HldyCalenderUpcomingYear&apos;]/../td[5]/span[@title=&apos;Edit Calendar&apos;]&quot;}&#10;  (Session info: chrome=112.0.5615.138)&#10;For documentation on this error, please visit: https://www.seleniumhq.org/exceptions/no_such_element.html&#10;Build info: version: &apos;3.141.59&apos;, revision: &apos;e82be7d358&apos;, time: &apos;2018-11-14T08:17:03&apos;&#10;System info: host: &apos;DESKTOP-5VHKQUJ&apos;, ip: &apos;192.168.0.103&apos;, os.name: &apos;Windows 10&apos;, os.arch: &apos;amd64&apos;, os.version: &apos;10.0&apos;, java.version: &apos;16.0.2&apos;&#10;Driver info: org.openqa.selenium.chrome.ChromeDriver&#10;Capabilities {acceptInsecureCerts: false, browserName: chrome, browserVersion: 112.0.5615.138, chrome: {chromedriverVersion: 112.0.5615.49 (bd2a7bcb881c..., userDataDir: C:\Users\DELL\AppData\Local...}, goog:chromeOptions: {debuggerAddress: localhost:55288}, javascriptEnabled: true, networkConnectionEnabled: false, pageLoadStrategy: normal, platform: WINDOWS, platformName: WINDOWS, proxy: Proxy(), setWindowRect: true, strictFileInteractability: false, timeouts: {implicit: 0, pageLoad: 300000, script: 30000}, unhandledPromptBehavior: dismiss and notify, webauthn:extension:credBlob: true, webauthn:extension:largeBlob: true, webauthn:extension:minPinLength: true, webauthn:extension:prf: true, webauthn:virtualAuthenticators: true}&#10;Session ID: 15982afd85ae80bd2c4b93c3a1a16ddc&#10;*** Element info: {Using=xpath, value=//table/tr/td[text()=&apos;HldyCalenderUpcomingYear&apos;]/../td[5]/span[@title=&apos;Edit Calendar&apos;]}" type="org.openqa.selenium.NoSuchElementException">org.openqa.selenium.NoSuchElementException: no such element: Unable to locate element: {"method":"xpath","selector":"//table/tr/td[text()='HldyCalenderUpcomingYear']/../td[5]/span[@title='Edit Calendar']"}
  (Session info: chrome=112.0.5615.138)
For documentation on this error, please visit: https://www.seleniumhq.org/exceptions/no_such_element.html
Build info: version: '3.141.59', revision: 'e82be7d358', time: '2018-11-14T08:17:03'
System info: host: 'DESKTOP-5VHKQUJ', ip: '192.168.0.103', os.name: 'Windows 10', os.arch: 'amd64', os.version: '10.0', java.version: '16.0.2'
Driver info: org.openqa.selenium.chrome.ChromeDriver
Capabilities {acceptInsecureCerts: false, browserName: chrome, browserVersion: 112.0.5615.138, chrome: {chromedriverVersion: 112.0.5615.49 (bd2a7bcb881c..., userDataDir: C:\Users\DELL\AppData\Local...}, goog:chromeOptions: {debuggerAddress: localhost:55288}, javascriptEnabled: true, networkConnectionEnabled: false, pageLoadStrategy: normal, platform: WINDOWS, platformName: WINDOWS, proxy: Proxy(), setWindowRect: true, strictFileInteractability: false, timeouts: {implicit: 0, pageLoad: 300000, script: 30000}, unhandledPromptBehavior: dismiss and notify, webauthn:extension:credBlob: true, webauthn:extension:largeBlob: true, webauthn:extension:minPinLength: true, webauthn:extension:prf: true, webauthn:virtualAuthenticators: true}
Session ID: 15982afd85ae80bd2c4b93c3a1a16ddc
*** Element info: {Using=xpath, value=//table/tr/td[text()='HldyCalenderUpcomingYear']/../td[5]/span[@title='Edit Calendar']}
	at java.base/jdk.internal.reflect.NativeConstructorAccessorImpl.newInstance0(Native Method)
	at java.base/jdk.internal.reflect.NativeConstructorAccessorImpl.newInstance(NativeConstructorAccessorImpl.java:78)
	at java.base/jdk.internal.reflect.DelegatingConstructorAccessorImpl.newInstance(DelegatingConstructorAccessorImpl.java:45)
	at java.base/java.lang.reflect.Constructor.newInstanceWithCaller(Constructor.java:499)
	at java.base/java.lang.reflect.Constructor.newInstance(Constructor.java:480)
	at org.openqa.selenium.remote.http.W3CHttpResponseCodec.createException(W3CHttpResponseCodec.java:187)
	at org.openqa.selenium.remote.http.W3CHttpResponseCodec.decode(W3CHttpResponseCodec.java:122)
	at org.openqa.selenium.remote.http.W3CHttpResponseCodec.decode(W3CHttpResponseCodec.java:49)
	at org.openqa.selenium.remote.HttpCommandExecutor.execute(HttpCommandExecutor.java:158)
	at org.openqa.selenium.remote.service.DriverCommandExecutor.execute(DriverCommandExecutor.java:83)
	at org.openqa.selenium.remote.RemoteWebDriver.execute(RemoteWebDriver.java:552)
	at org.openqa.selenium.remote.RemoteWebDriver.findElement(RemoteWebDriver.java:323)
	at org.openqa.selenium.remote.RemoteWebDriver.findElementByXPath(RemoteWebDriver.java:428)
	at org.openqa.selenium.By$ByXPath.findElement(By.java:353)
	at org.openqa.selenium.remote.RemoteWebDriver.findElement(RemoteWebDriver.java:315)
	at com.ae.qa.pagesTenantAdmin.HolidayCalenderPageTA.validateEditHolidayCalender(HolidayCalenderPageTA.java:169)
	at com.ae.qa.testcasesTenantAdmin.HolidayCalenderPageTestTA.validateEditHolidayCalenderTest(HolidayCalenderPageTestTA.java:46)
</failure>
    <system-out><![CDATA[The name of the testcase failed is :validateCreateHolidayCalenderUpcomingYearTest
[DEBUG] 2023-04-29 17:13:00.861 [TestNG-test=AESanity-1] TestBase - Execution started
[INFO ] 2023-04-29 17:13:06.427 [TestNG-test=AESanity-1] TestBase - Browser started successfully
[INFO ] 2023-04-29 17:13:13.699 [TestNG-test=AESanity-1] TestBase - User is navigated to AE portal
validateEditHolidayCalenderTest test case started
User logged in successfully
Holiday Calender Tab is clicked
]]></system-out>
    <system-err><![CDATA[Starting ChromeDriver 112.0.5615.49 (bd2a7bcb881c11e8cfe3078709382934e3916914-refs/branch-heads/5615@{#936}) on port 43061
Only local connections are allowed.
Please see https://chromedriver.chromium.org/security-considerations for suggestions on keeping ChromeDriver safe.
ChromeDriver was started successfully.
Apr 29, 2023 5:13:06 PM org.openqa.selenium.remote.ProtocolHandshake createSession
INFO: Detected dialect: W3C
]]></system-err>
  </testcase>
  <testcase name="validateRemoveHolidayListDatesTest" classname="com.ae.qa.testcasesTenantAdmin.HolidayCalenderPageTestTA" time="83.715">
    <failure message="element click intercepted: Element &lt;span tabindex=&quot;0&quot; menulink=&quot;&quot; class=&quot;fa fa-edit hand-cursor&quot; title=&quot;Edit Calendar&quot;&gt;&lt;/span&gt; is not clickable at point (1232, 312). Other element would receive the click: &lt;div style=&quot;position: fixed; top: 0; right: 0; bottom: 0; left: 0; background: rgba(255, 255, 255, 0.4 ); z-index: 1200;&quot;&gt;...&lt;/div&gt;&#10;  (Session info: chrome=112.0.5615.138)&#10;Build info: version: &apos;3.141.59&apos;, revision: &apos;e82be7d358&apos;, time: &apos;2018-11-14T08:17:03&apos;&#10;System info: host: &apos;DESKTOP-5VHKQUJ&apos;, ip: &apos;192.168.0.103&apos;, os.name: &apos;Windows 10&apos;, os.arch: &apos;amd64&apos;, os.version: &apos;10.0&apos;, java.version: &apos;16.0.2&apos;&#10;Driver info: org.openqa.selenium.chrome.ChromeDriver&#10;Capabilities {acceptInsecureCerts: false, browserName: chrome, browserVersion: 112.0.5615.138, chrome: {chromedriverVersion: 112.0.5615.49 (bd2a7bcb881c..., userDataDir: C:\Users\DELL\AppData\Local...}, goog:chromeOptions: {debuggerAddress: localhost:55400}, javascriptEnabled: true, networkConnectionEnabled: false, pageLoadStrategy: normal, platform: WINDOWS, platformName: WINDOWS, proxy: Proxy(), setWindowRect: true, strictFileInteractability: false, timeouts: {implicit: 0, pageLoad: 300000, script: 30000}, unhandledPromptBehavior: dismiss and notify, webauthn:extension:credBlob: true, webauthn:extension:largeBlob: true, webauthn:extension:minPinLength: true, webauthn:extension:prf: true, webauthn:virtualAuthenticators: true}&#10;Session ID: 041d07256bf36c42e06069faa7738a98" type="org.openqa.selenium.ElementClickInterceptedException"><![CDATA[org.openqa.selenium.ElementClickInterceptedException: element click intercepted: Element <span tabindex="0" menulink="" class="fa fa-edit hand-cursor" title="Edit Calendar"></span> is not clickable at point (1232, 312). Other element would receive the click: <div style="position: fixed; top: 0; right: 0; bottom: 0; left: 0; background: rgba(255, 255, 255, 0.4 ); z-index: 1200;">...</div>
  (Session info: chrome=112.0.5615.138)
Build info: version: '3.141.59', revision: 'e82be7d358', time: '2018-11-14T08:17:03'
System info: host: 'DESKTOP-5VHKQUJ', ip: '192.168.0.103', os.name: 'Windows 10', os.arch: 'amd64', os.version: '10.0', java.version: '16.0.2'
Driver info: org.openqa.selenium.chrome.ChromeDriver
Capabilities {acceptInsecureCerts: false, browserName: chrome, browserVersion: 112.0.5615.138, chrome: {chromedriverVersion: 112.0.5615.49 (bd2a7bcb881c..., userDataDir: C:\Users\DELL\AppData\Local...}, goog:chromeOptions: {debuggerAddress: localhost:55400}, javascriptEnabled: true, networkConnectionEnabled: false, pageLoadStrategy: normal, platform: WINDOWS, platformName: WINDOWS, proxy: Proxy(), setWindowRect: true, strictFileInteractability: false, timeouts: {implicit: 0, pageLoad: 300000, script: 30000}, unhandledPromptBehavior: dismiss and notify, webauthn:extension:credBlob: true, webauthn:extension:largeBlob: true, webauthn:extension:minPinLength: true, webauthn:extension:prf: true, webauthn:virtualAuthenticators: true}
Session ID: 041d07256bf36c42e06069faa7738a98
	at java.base/jdk.internal.reflect.NativeConstructorAccessorImpl.newInstance0(Native Method)
	at java.base/jdk.internal.reflect.NativeConstructorAccessorImpl.newInstance(NativeConstructorAccessorImpl.java:78)
	at java.base/jdk.internal.reflect.DelegatingConstructorAccessorImpl.newInstance(DelegatingConstructorAccessorImpl.java:45)
	at java.base/java.lang.reflect.Constructor.newInstanceWithCaller(Constructor.java:499)
	at java.base/java.lang.reflect.Constructor.newInstance(Constructor.java:480)
	at org.openqa.selenium.remote.http.W3CHttpResponseCodec.createException(W3CHttpResponseCodec.java:187)
	at org.openqa.selenium.remote.http.W3CHttpResponseCodec.decode(W3CHttpResponseCodec.java:122)
	at org.openqa.selenium.remote.http.W3CHttpResponseCodec.decode(W3CHttpResponseCodec.java:49)
	at org.openqa.selenium.remote.HttpCommandExecutor.execute(HttpCommandExecutor.java:158)
	at org.openqa.selenium.remote.service.DriverCommandExecutor.execute(DriverCommandExecutor.java:83)
	at org.openqa.selenium.remote.RemoteWebDriver.execute(RemoteWebDriver.java:552)
	at org.openqa.selenium.remote.RemoteWebElement.execute(RemoteWebElement.java:285)
	at org.openqa.selenium.remote.RemoteWebElement.click(RemoteWebElement.java:84)
	at com.ae.qa.pagesTenantAdmin.HolidayCalenderPageTA.validateRemoveHolidayListDates(HolidayCalenderPageTA.java:233)
	at com.ae.qa.testcasesTenantAdmin.HolidayCalenderPageTestTA.validateRemoveHolidayListDatesTest(HolidayCalenderPageTestTA.java:56)
]]></failure>
    <system-out><![CDATA[The name of the testcase failed is :validateEditHolidayCalenderTest
[DEBUG] 2023-04-29 17:14:26.593 [TestNG-test=AESanity-1] TestBase - Execution started
[INFO ] 2023-04-29 17:14:35.811 [TestNG-test=AESanity-1] TestBase - Browser started successfully
[INFO ] 2023-04-29 17:14:46.518 [TestNG-test=AESanity-1] TestBase - User is navigated to AE portal
validateRemoveHolidayListDatesTest test case started
User logged in successfully
Holiday Calender Tab is clicked
]]></system-out>
    <system-err><![CDATA[Starting ChromeDriver 112.0.5615.49 (bd2a7bcb881c11e8cfe3078709382934e3916914-refs/branch-heads/5615@{#936}) on port 42756
Only local connections are allowed.
Please see https://chromedriver.chromium.org/security-considerations for suggestions on keeping ChromeDriver safe.
ChromeDriver was started successfully.
Apr 29, 2023 5:14:35 PM org.openqa.selenium.remote.ProtocolHandshake createSession
INFO: Detected dialect: W3C
]]></system-err>
  </testcase>
  <testcase name="validateCreateCloneHolidayCalenderTest" classname="com.ae.qa.testcasesTenantAdmin.HolidayCalenderPageTestTA" time="35.883"/>
  <testcase name="validateEditCloneHolidayCalenderTest" classname="com.ae.qa.testcasesTenantAdmin.HolidayCalenderPageTestTA" time="50.243"/>
  <testcase name="validateRenewHoildayCalenderTest" classname="com.ae.qa.testcasesTenantAdmin.HolidayCalenderPageTestTA" time="63.654"/>
  <testcase name="validateEditRenewHolidayCalenderTest" classname="com.ae.qa.testcasesTenantAdmin.HolidayCalenderPageTestTA" time="36.887"/>
  <testcase name="validateRemoveHoildayDatesRenewTest" classname="com.ae.qa.testcasesTenantAdmin.HolidayCalenderPageTestTA" time="52.455"/>
  <testcase name="validateDeleteHolidayCalenderTest" classname="com.ae.qa.testcasesTenantAdmin.HolidayCalenderPageTestTA" time="84.89"/>
  <testcase name="validateHolidayCalenderPageTest" classname="com.ae.qa.testcasesTenantAdmin.HolidayCalenderPageTestTA" time="17.114"/>
  <testcase name="validateDeleteScheduleTest" classname="com.ae.qa.testcasesTenantAdmin.SchedulerPageTestTA" time="23.454"/>
  <testcase name="validateReportNoneSingleWFTest" classname="com.ae.qa.testcasesTenantAdmin.DashboardsPageTestTA" time="67.429">
    <failure message="Report doesn&apos;t displayed on screen successfully expected [Dashboard None Report For Single WF] but found [Dashboard None Report For Single WF (Time Unit: Seconds)]" type="java.lang.AssertionError">java.lang.AssertionError: Report doesn't displayed on screen successfully expected [Dashboard None Report For Single WF] but found [Dashboard None Report For Single WF (Time Unit: Seconds)]
	at org.testng.Assert.fail(Assert.java:110)
	at org.testng.Assert.failNotEquals(Assert.java:1413)
	at org.testng.Assert.assertEqualsImpl(Assert.java:149)
	at org.testng.Assert.assertEquals(Assert.java:131)
	at org.testng.Assert.assertEquals(Assert.java:655)
	at com.ae.qa.pagesTenantAdmin.DashboardsPageTA.createdReportValidation(DashboardsPageTA.java:513)
	at com.ae.qa.pagesTenantAdmin.DashboardsPageTA.validateReportNoneSingleWF(DashboardsPageTA.java:442)
	at com.ae.qa.testcasesTenantAdmin.DashboardsPageTestTA.validateReportNoneSingleWFTest(DashboardsPageTestTA.java:62)
</failure>
    <system-out><![CDATA[The name of the testcase passed is :validateDeleteScheduleTest
[DEBUG] 2023-04-29 17:24:58.764 [TestNG-test=AESanity-1] TestBase - Execution started
[INFO ] 2023-04-29 17:25:11.931 [TestNG-test=AESanity-1] TestBase - Browser started successfully
[INFO ] 2023-04-29 17:25:18.560 [TestNG-test=AESanity-1] TestBase - User is navigated to AE portal
validateReportNoneSingleWFTest test case started
User logged in successfully
Reports Tab is clicked
Dashboard chosed successfully
Add report is clicked
Report Type selected successfully
Generate on Worklfows radio button already selected
one workflow is selected
Generate button selected successfully
Report added as a chart
Report saved on screen
]]></system-out>
    <system-err><![CDATA[Starting ChromeDriver 112.0.5615.49 (bd2a7bcb881c11e8cfe3078709382934e3916914-refs/branch-heads/5615@{#936}) on port 25964
Only local connections are allowed.
Please see https://chromedriver.chromium.org/security-considerations for suggestions on keeping ChromeDriver safe.
ChromeDriver was started successfully.
Apr 29, 2023 5:25:11 PM org.openqa.selenium.remote.ProtocolHandshake createSession
INFO: Detected dialect: W3C
]]></system-err>
  </testcase>
  <testcase name="validateUploadSameSinglePluginTest" classname="com.ae.qa.testcases.PluginsPageTest" time="84.347"/>
  <testcase name="validateReportNoneSingleCategoryTest" classname="com.ae.qa.testcasesTenantAdmin.DashboardsPageTestTA" time="72.916">
    <failure message="Report doesn&apos;t displayed on screen successfully expected [Dashboard None Report For Single Category] but found [Dashboard None Report For Single Category (Time Unit: Seconds)]" type="java.lang.AssertionError">java.lang.AssertionError: Report doesn't displayed on screen successfully expected [Dashboard None Report For Single Category] but found [Dashboard None Report For Single Category (Time Unit: Seconds)]
	at org.testng.Assert.fail(Assert.java:110)
	at org.testng.Assert.failNotEquals(Assert.java:1413)
	at org.testng.Assert.assertEqualsImpl(Assert.java:149)
	at org.testng.Assert.assertEquals(Assert.java:131)
	at org.testng.Assert.assertEquals(Assert.java:655)
	at com.ae.qa.pagesTenantAdmin.DashboardsPageTA.createdReportValidation(DashboardsPageTA.java:513)
	at com.ae.qa.pagesTenantAdmin.DashboardsPageTA.validateReportNoneSingleCategory(DashboardsPageTA.java:461)
	at com.ae.qa.testcasesTenantAdmin.DashboardsPageTestTA.validateReportNoneSingleCategoryTest(DashboardsPageTestTA.java:72)
</failure>
    <system-out><![CDATA[The name of the testcase passed is :validateUploadSameSinglePluginTest
[DEBUG] 2023-04-29 17:28:13.965 [TestNG-test=AESanity-1] TestBase - Execution started
[INFO ] 2023-04-29 17:28:27.974 [TestNG-test=AESanity-1] TestBase - Browser started successfully
[INFO ] 2023-04-29 17:28:40.883 [TestNG-test=AESanity-1] TestBase - User is navigated to AE portal
validateReportNoneSingleCategoryTest test case started
User logged in successfully
Reports Tab is clicked
Dashboard chosed successfully
Add report is clicked
Report Type selected successfully
Generate on Category radio button is selected
One Category is selected
Generate button selected successfully
Report added as a chart
Report saved on screen
]]></system-out>
    <system-err><![CDATA[Starting ChromeDriver 112.0.5615.49 (bd2a7bcb881c11e8cfe3078709382934e3916914-refs/branch-heads/5615@{#936}) on port 36053
Only local connections are allowed.
Please see https://chromedriver.chromium.org/security-considerations for suggestions on keeping ChromeDriver safe.
ChromeDriver was started successfully.
Apr 29, 2023 5:28:27 PM org.openqa.selenium.remote.ProtocolHandshake createSession
INFO: Detected dialect: W3C
]]></system-err>
  </testcase>
  <testcase name="validateUploadSinglePluginSameVersionTest" classname="com.ae.qa.testcases.PluginsPageTest" time="44.328"/>
  <testcase name="validateSinglePluginUploadLowerVersionTest" classname="com.ae.qa.testcases.PluginsPageTest" time="32.512"/>
  <testcase name="validateReportNoneMultipleCategoryTest" classname="com.ae.qa.testcasesTenantAdmin.DashboardsPageTestTA" time="115.693">
    <failure message="Report doesn&apos;t displayed on screen successfully expected [Agent-wise Workflow Average Execution Time] but found [Agent-wise Workflow Average Execution Time (Time Unit: Seconds)]" type="java.lang.AssertionError">java.lang.AssertionError: Report doesn't displayed on screen successfully expected [Agent-wise Workflow Average Execution Time] but found [Agent-wise Workflow Average Execution Time (Time Unit: Seconds)]
	at org.testng.Assert.fail(Assert.java:110)
	at org.testng.Assert.failNotEquals(Assert.java:1413)
	at org.testng.Assert.assertEqualsImpl(Assert.java:149)
	at org.testng.Assert.assertEquals(Assert.java:131)
	at org.testng.Assert.assertEquals(Assert.java:655)
	at com.ae.qa.pagesTenantAdmin.DashboardsPageTA.createdReportValidation(DashboardsPageTA.java:513)
	at com.ae.qa.pagesTenantAdmin.DashboardsPageTA.validateReportNoneMultipleCategory(DashboardsPageTA.java:492)
	at com.ae.qa.testcasesTenantAdmin.DashboardsPageTestTA.validateReportNoneMultipleCategoryTest(DashboardsPageTestTA.java:82)
</failure>
    <system-out><![CDATA[The name of the testcase passed is :validateSinglePluginUploadLowerVersionTest
[DEBUG] 2023-04-29 17:31:29.874 [TestNG-test=AESanity-1] TestBase - Execution started
[INFO ] 2023-04-29 17:31:32.278 [TestNG-test=AESanity-1] TestBase - Browser started successfully
[INFO ] 2023-04-29 17:31:43.383 [TestNG-test=AESanity-1] TestBase - User is navigated to AE portal
validateReportNoneMultipleCategoryTest test case started
User LogIn Succesfully
workflowTab clicked
Categories tab clicked
Category name is entered which is only mandatory field
Actual Category created message is :Workflow category created successfully
Expected Category created message is :Workflow category created successfully
Category created succesfully
User signed out successfully
User logged in successfully
Reports Tab is clicked
Dashboard chosed successfully
Add report is clicked
Report Type selected successfully
Generate on Category radio button is selected
One Category is selected
Second Category is selected
Generate button selected successfully
Report added as a chart
Report saved on screen
]]></system-out>
    <system-err><![CDATA[Starting ChromeDriver 112.0.5615.49 (bd2a7bcb881c11e8cfe3078709382934e3916914-refs/branch-heads/5615@{#936}) on port 41687
Only local connections are allowed.
Please see https://chromedriver.chromium.org/security-considerations for suggestions on keeping ChromeDriver safe.
ChromeDriver was started successfully.
Apr 29, 2023 5:31:32 PM org.openqa.selenium.remote.ProtocolHandshake createSession
INFO: Detected dialect: W3C
]]></system-err>
  </testcase>
  <testcase name="validateEditDashboardRelativeDurationHourTest" classname="com.ae.qa.testcasesTenantAdmin.DashboardsPageTestTA" time="48.774">
    <failure message="stale element reference: element is not attached to the page document&#10;  (Session info: chrome=112.0.5615.138)&#10;For documentation on this error, please visit: https://www.seleniumhq.org/exceptions/stale_element_reference.html&#10;Build info: version: &apos;3.141.59&apos;, revision: &apos;e82be7d358&apos;, time: &apos;2018-11-14T08:17:03&apos;&#10;System info: host: &apos;DESKTOP-5VHKQUJ&apos;, ip: &apos;192.168.0.103&apos;, os.name: &apos;Windows 10&apos;, os.arch: &apos;amd64&apos;, os.version: &apos;10.0&apos;, java.version: &apos;16.0.2&apos;&#10;Driver info: org.openqa.selenium.chrome.ChromeDriver&#10;Capabilities {acceptInsecureCerts: false, browserName: chrome, browserVersion: 112.0.5615.138, chrome: {chromedriverVersion: 112.0.5615.49 (bd2a7bcb881c..., userDataDir: C:\Users\DELL\AppData\Local...}, goog:chromeOptions: {debuggerAddress: localhost:56273}, javascriptEnabled: true, networkConnectionEnabled: false, pageLoadStrategy: normal, platform: WINDOWS, platformName: WINDOWS, proxy: Proxy(), setWindowRect: true, strictFileInteractability: false, timeouts: {implicit: 0, pageLoad: 300000, script: 30000}, unhandledPromptBehavior: dismiss and notify, webauthn:extension:credBlob: true, webauthn:extension:largeBlob: true, webauthn:extension:minPinLength: true, webauthn:extension:prf: true, webauthn:virtualAuthenticators: true}&#10;Session ID: e1c6441046215af166bd9931f8c750cc" type="org.openqa.selenium.StaleElementReferenceException">org.openqa.selenium.StaleElementReferenceException: stale element reference: element is not attached to the page document
  (Session info: chrome=112.0.5615.138)
For documentation on this error, please visit: https://www.seleniumhq.org/exceptions/stale_element_reference.html
Build info: version: '3.141.59', revision: 'e82be7d358', time: '2018-11-14T08:17:03'
System info: host: 'DESKTOP-5VHKQUJ', ip: '192.168.0.103', os.name: 'Windows 10', os.arch: 'amd64', os.version: '10.0', java.version: '16.0.2'
Driver info: org.openqa.selenium.chrome.ChromeDriver
Capabilities {acceptInsecureCerts: false, browserName: chrome, browserVersion: 112.0.5615.138, chrome: {chromedriverVersion: 112.0.5615.49 (bd2a7bcb881c..., userDataDir: C:\Users\DELL\AppData\Local...}, goog:chromeOptions: {debuggerAddress: localhost:56273}, javascriptEnabled: true, networkConnectionEnabled: false, pageLoadStrategy: normal, platform: WINDOWS, platformName: WINDOWS, proxy: Proxy(), setWindowRect: true, strictFileInteractability: false, timeouts: {implicit: 0, pageLoad: 300000, script: 30000}, unhandledPromptBehavior: dismiss and notify, webauthn:extension:credBlob: true, webauthn:extension:largeBlob: true, webauthn:extension:minPinLength: true, webauthn:extension:prf: true, webauthn:virtualAuthenticators: true}
Session ID: e1c6441046215af166bd9931f8c750cc
	at java.base/jdk.internal.reflect.NativeConstructorAccessorImpl.newInstance0(Native Method)
	at java.base/jdk.internal.reflect.NativeConstructorAccessorImpl.newInstance(NativeConstructorAccessorImpl.java:78)
	at java.base/jdk.internal.reflect.DelegatingConstructorAccessorImpl.newInstance(DelegatingConstructorAccessorImpl.java:45)
	at java.base/java.lang.reflect.Constructor.newInstanceWithCaller(Constructor.java:499)
	at java.base/java.lang.reflect.Constructor.newInstance(Constructor.java:480)
	at org.openqa.selenium.remote.http.W3CHttpResponseCodec.createException(W3CHttpResponseCodec.java:187)
	at org.openqa.selenium.remote.http.W3CHttpResponseCodec.decode(W3CHttpResponseCodec.java:122)
	at org.openqa.selenium.remote.http.W3CHttpResponseCodec.decode(W3CHttpResponseCodec.java:49)
	at org.openqa.selenium.remote.HttpCommandExecutor.execute(HttpCommandExecutor.java:158)
	at org.openqa.selenium.remote.service.DriverCommandExecutor.execute(DriverCommandExecutor.java:83)
	at org.openqa.selenium.remote.RemoteWebDriver.execute(RemoteWebDriver.java:552)
	at org.openqa.selenium.remote.RemoteWebDriver.executeScript(RemoteWebDriver.java:489)
	at com.ae.qa.pagesTenantAdmin.DashboardsPageTA.editRelativeDashboard(DashboardsPageTA.java:250)
	at com.ae.qa.pagesTenantAdmin.DashboardsPageTA.validateEditDashboardRelativeDurationHour(DashboardsPageTA.java:299)
	at com.ae.qa.testcasesTenantAdmin.DashboardsPageTestTA.validateEditDashboardRelativeDurationHourTest(DashboardsPageTestTA.java:135)
</failure>
    <system-out><![CDATA[The name of the testcase failed is :validateReportNoneMultipleCategoryTest
[DEBUG] 2023-04-29 17:33:39.654 [TestNG-test=AESanity-1] TestBase - Execution started
[INFO ] 2023-04-29 17:33:44.572 [TestNG-test=AESanity-1] TestBase - Browser started successfully
[INFO ] 2023-04-29 17:33:54.451 [TestNG-test=AESanity-1] TestBase - User is navigated to AE portal
validateEditDashboardRelativeDurationHourTest test case started
User logged in successfully
Reports Tab is clicked
New Dashboard button is clicked
Dashboard level is already selcted
Dashboard duration Relative selected
Create Button clicked successfully
Actual Success Msg:Dashboard created successfully
Expected Success Msg:Dashboard created successfully
Dashboard at None level created successfully
User signed out successfully
User logged in successfully
]]></system-out>
    <system-err><![CDATA[Starting ChromeDriver 112.0.5615.49 (bd2a7bcb881c11e8cfe3078709382934e3916914-refs/branch-heads/5615@{#936}) on port 42230
Only local connections are allowed.
Please see https://chromedriver.chromium.org/security-considerations for suggestions on keeping ChromeDriver safe.
ChromeDriver was started successfully.
Apr 29, 2023 5:33:44 PM org.openqa.selenium.remote.ProtocolHandshake createSession
INFO: Detected dialect: W3C
]]></system-err>
  </testcase>
  <testcase name="validateEditUploadDriverTest" classname="com.ae.qa.testcases.FileManagementPageTest" time="34.534"/>
  <testcase name="validateDeleteUploadDriverTest" classname="com.ae.qa.testcases.FileManagementPageTest" time="43.764"/>
  <testcase name="validateRelativeReportDurationHourTest" classname="com.ae.qa.testcasesTenantAdmin.DashboardsPageTestTA" time="63.33">
    <failure message="Report doesn&apos;t displayed on screen successfully expected [Dashboard Relative Report for Duration hour] but found [Dashboard Relative Report for Duration hour ()]" type="java.lang.AssertionError">java.lang.AssertionError: Report doesn't displayed on screen successfully expected [Dashboard Relative Report for Duration hour] but found [Dashboard Relative Report for Duration hour ()]
	at org.testng.Assert.fail(Assert.java:110)
	at org.testng.Assert.failNotEquals(Assert.java:1413)
	at org.testng.Assert.assertEqualsImpl(Assert.java:149)
	at org.testng.Assert.assertEquals(Assert.java:131)
	at org.testng.Assert.assertEquals(Assert.java:655)
	at com.ae.qa.pagesTenantAdmin.DashboardsPageTA.createdReportValidation(DashboardsPageTA.java:513)
	at com.ae.qa.pagesTenantAdmin.DashboardsPageTA.addRelativeReport(DashboardsPageTA.java:294)
	at com.ae.qa.pagesTenantAdmin.DashboardsPageTA.validateRelativeReportDurationHour(DashboardsPageTA.java:304)
	at com.ae.qa.testcasesTenantAdmin.DashboardsPageTestTA.validateRelativeReportDurationHourTest(DashboardsPageTestTA.java:146)
</failure>
    <system-out><![CDATA[The name of the testcase passed is :validateDeleteUploadDriverTest
[DEBUG] 2023-04-29 17:36:19.017 [TestNG-test=AESanity-1] TestBase - Execution started
[INFO ] 2023-04-29 17:36:20.617 [TestNG-test=AESanity-1] TestBase - Browser started successfully
[INFO ] 2023-04-29 17:36:25.679 [TestNG-test=AESanity-1] TestBase - User is navigated to AE portal
validateRelativeReportDurationHourTest test case started
User logged in successfully
Reports Tab is clicked
Dashboard chosed successfully
Add report is clicked
Report Type selected successfully
Generate on Worklfows radio button already selected
one workflow is selected
Generate button selected successfully
Report added as a chart
Report saved on screen
]]></system-out>
    <system-err><![CDATA[Starting ChromeDriver 112.0.5615.49 (bd2a7bcb881c11e8cfe3078709382934e3916914-refs/branch-heads/5615@{#936}) on port 32585
Only local connections are allowed.
Please see https://chromedriver.chromium.org/security-considerations for suggestions on keeping ChromeDriver safe.
ChromeDriver was started successfully.
Apr 29, 2023 5:36:20 PM org.openqa.selenium.remote.ProtocolHandshake createSession
INFO: Detected dialect: W3C
]]></system-err>
  </testcase>
  <testcase name="validateEditDashboardRelativeDurationDayTest" classname="com.ae.qa.testcasesTenantAdmin.DashboardsPageTestTA" time="33.488"/>
  <testcase name="validateWFInActiveAfterSysadminRemovesPluginPermissionTest" classname="com.ae.qa.testcases.PluginAssignmentsPageTest" time="161.657"/>
  <testcase name="validateRelativeReportDurationDayTest" classname="com.ae.qa.testcasesTenantAdmin.DashboardsPageTestTA" time="63.507">
    <failure message="Report doesn&apos;t displayed on screen successfully expected [Dashboard Relative Report for Duration day] but found [Dashboard Relative Report for Duration day ()]" type="java.lang.AssertionError">java.lang.AssertionError: Report doesn't displayed on screen successfully expected [Dashboard Relative Report for Duration day] but found [Dashboard Relative Report for Duration day ()]
	at org.testng.Assert.fail(Assert.java:110)
	at org.testng.Assert.failNotEquals(Assert.java:1413)
	at org.testng.Assert.assertEqualsImpl(Assert.java:149)
	at org.testng.Assert.assertEquals(Assert.java:131)
	at org.testng.Assert.assertEquals(Assert.java:655)
	at com.ae.qa.pagesTenantAdmin.DashboardsPageTA.createdReportValidation(DashboardsPageTA.java:513)
	at com.ae.qa.pagesTenantAdmin.DashboardsPageTA.addRelativeReport(DashboardsPageTA.java:294)
	at com.ae.qa.pagesTenantAdmin.DashboardsPageTA.validateRelativeReportDurationDay(DashboardsPageTA.java:312)
	at com.ae.qa.testcasesTenantAdmin.DashboardsPageTestTA.validateRelativeReportDurationDayTest(DashboardsPageTestTA.java:165)
</failure>
    <system-out><![CDATA[The name of the testcase passed is :validateWFInActiveAfterSysadminRemovesPluginPermissionTest
[DEBUG] 2023-04-29 17:41:23.693 [TestNG-test=AESanity-1] TestBase - Execution started
[INFO ] 2023-04-29 17:41:28.324 [TestNG-test=AESanity-1] TestBase - Browser started successfully
[INFO ] 2023-04-29 17:41:37.918 [TestNG-test=AESanity-1] TestBase - User is navigated to AE portal
validateRelativeReportDurationDayTest test case started
User logged in successfully
Reports Tab is clicked
Dashboard chosed successfully
Add report is clicked
Report Type selected successfully
Generate on Worklfows radio button already selected
one workflow is selected
Generate button selected successfully
Report added as a chart
Report saved on screen
]]></system-out>
    <system-err><![CDATA[Starting ChromeDriver 112.0.5615.49 (bd2a7bcb881c11e8cfe3078709382934e3916914-refs/branch-heads/5615@{#936}) on port 1547
Only local connections are allowed.
Please see https://chromedriver.chromium.org/security-considerations for suggestions on keeping ChromeDriver safe.
ChromeDriver was started successfully.
Apr 29, 2023 5:41:28 PM org.openqa.selenium.remote.ProtocolHandshake createSession
INFO: Detected dialect: W3C
]]></system-err>
  </testcase>
  <testcase name="validateWFFailureAfterSysadminRemovesPluginPermissionTest" classname="com.ae.qa.testcases.PluginAssignmentsPageTest" time="20.148"/>
  <testcase name="validateEditDashboardRelativeDurationMonthTest" classname="com.ae.qa.testcasesTenantAdmin.DashboardsPageTestTA" time="31.841"/>
  <testcase name="validateWFActiveSuccessAfterSysadminAssignPluginPermissionTest" classname="com.ae.qa.testcases.PluginAssignmentsPageTest" time="52.076"/>
  <testcase name="validateRelativeReportDurationMonthTest" classname="com.ae.qa.testcasesTenantAdmin.DashboardsPageTestTA" time="64.162">
    <failure message="Report doesn&apos;t displayed on screen successfully expected [Dashboard Relative Report for Duration Month] but found [Dashboard Relative Report for Duration Month ()]" type="java.lang.AssertionError">java.lang.AssertionError: Report doesn't displayed on screen successfully expected [Dashboard Relative Report for Duration Month] but found [Dashboard Relative Report for Duration Month ()]
	at org.testng.Assert.fail(Assert.java:110)
	at org.testng.Assert.failNotEquals(Assert.java:1413)
	at org.testng.Assert.assertEqualsImpl(Assert.java:149)
	at org.testng.Assert.assertEquals(Assert.java:131)
	at org.testng.Assert.assertEquals(Assert.java:655)
	at com.ae.qa.pagesTenantAdmin.DashboardsPageTA.createdReportValidation(DashboardsPageTA.java:513)
	at com.ae.qa.pagesTenantAdmin.DashboardsPageTA.addRelativeReport(DashboardsPageTA.java:294)
	at com.ae.qa.pagesTenantAdmin.DashboardsPageTA.validateRelativeReportDurationMonth(DashboardsPageTA.java:320)
	at com.ae.qa.testcasesTenantAdmin.DashboardsPageTestTA.validateRelativeReportDurationMonthTest(DashboardsPageTestTA.java:184)
</failure>
    <system-out><![CDATA[The name of the testcase passed is :validateWFActiveSuccessAfterSysadminAssignPluginPermissionTest
[DEBUG] 2023-04-29 17:44:48.606 [TestNG-test=AESanity-1] TestBase - Execution started
[INFO ] 2023-04-29 17:44:49.938 [TestNG-test=AESanity-1] TestBase - Browser started successfully
[INFO ] 2023-04-29 17:44:54.241 [TestNG-test=AESanity-1] TestBase - User is navigated to AE portal
validateRelativeReportDurationMonthTest test case started
User logged in successfully
Reports Tab is clicked
Dashboard chosed successfully
Add report is clicked
Report Type selected successfully
Generate on Worklfows radio button already selected
one workflow is selected
Generate button selected successfully
Report added as a chart
Report saved on screen
]]></system-out>
    <system-err><![CDATA[Starting ChromeDriver 112.0.5615.49 (bd2a7bcb881c11e8cfe3078709382934e3916914-refs/branch-heads/5615@{#936}) on port 28018
Only local connections are allowed.
Please see https://chromedriver.chromium.org/security-considerations for suggestions on keeping ChromeDriver safe.
ChromeDriver was started successfully.
Apr 29, 2023 5:44:49 PM org.openqa.selenium.remote.ProtocolHandshake createSession
INFO: Detected dialect: W3C
]]></system-err>
  </testcase>
  <testcase name="validateEditDashboardRelativeDurationYearTest" classname="com.ae.qa.testcasesTenantAdmin.DashboardsPageTestTA" time="32.767"/>
  <testcase name="validateIntegrationServiceStatusTest" classname="com.ae.qa.testcases.IntegrationServicePageTest" time="27.03"/>
  <testcase name="validateDisableTenantTest" classname="com.ae.qa.testcases.TenantsPageTest" time="0">
    <skipped/>
    <system-out><![CDATA[validateDisableTenantTest test case started
]]></system-out>
  </testcase>
  <testcase name="validateSubmitRequestDisabledTenantTest" classname="com.ae.qa.testcases.TenantsPageTest" time="0">
    <skipped/>
    <system-out><![CDATA[validateSubmitRequestDisabledTenantTest test case started
]]></system-out>
  </testcase>
  <testcase name="validateSubmitRequestEnableTenantTest" classname="com.ae.qa.testcases.TenantsPageTest" time="0">
    <skipped/>
    <system-out><![CDATA[validateSubmitRequestEnableTenantTest test case started
]]></system-out>
  </testcase>
  <testcase name="validateDisableAllomentBasedTenantTest" classname="com.ae.qa.testcases.TenantsPageTest" time="0">
    <skipped/>
    <system-out><![CDATA[validateDisableAllomentBasedTenantTest test case started
]]></system-out>
  </testcase>
  <testcase name="validateEnableAllomentBasedTenantTest" classname="com.ae.qa.testcases.TenantsPageTest" time="0">
    <skipped/>
    <system-out><![CDATA[validateEnableAllomentBasedTenantTest test case started
]]></system-out>
  </testcase>
  <testcase name="initialization" classname="com.ae.qa.testcases.SystemUsersPageTest" time="0">
    <skipped/>
  </testcase>
  <testcase name="validateDeleteSystemAdminTest" classname="com.ae.qa.testcases.SystemUsersPageTest" time="0">
    <skipped/>
    <system-out><![CDATA[validateDeleteSystemAdminTest test case started
]]></system-out>
  </testcase>
  <testcase name="validateAgentRestartTest" classname="com.ae.qa.testcasesTenantAdmin.AgentListPageTestTA" time="34.598">
    <failure message="stale element reference: element is not attached to the page document&#10;  (Session info: chrome=112.0.5615.138)&#10;For documentation on this error, please visit: https://www.seleniumhq.org/exceptions/stale_element_reference.html&#10;Build info: version: &apos;3.141.59&apos;, revision: &apos;e82be7d358&apos;, time: &apos;2018-11-14T08:17:03&apos;&#10;System info: host: &apos;DESKTOP-5VHKQUJ&apos;, ip: &apos;192.168.0.103&apos;, os.name: &apos;Windows 10&apos;, os.arch: &apos;amd64&apos;, os.version: &apos;10.0&apos;, java.version: &apos;16.0.2&apos;&#10;Driver info: org.openqa.selenium.chrome.ChromeDriver&#10;Capabilities {acceptInsecureCerts: false, browserName: chrome, browserVersion: 112.0.5615.138, chrome: {chromedriverVersion: 112.0.5615.49 (bd2a7bcb881c..., userDataDir: C:\Users\DELL\AppData\Local...}, goog:chromeOptions: {debuggerAddress: localhost:57031}, javascriptEnabled: true, networkConnectionEnabled: false, pageLoadStrategy: normal, platform: WINDOWS, platformName: WINDOWS, proxy: Proxy(), setWindowRect: true, strictFileInteractability: false, timeouts: {implicit: 0, pageLoad: 300000, script: 30000}, unhandledPromptBehavior: dismiss and notify, webauthn:extension:credBlob: true, webauthn:extension:largeBlob: true, webauthn:extension:minPinLength: true, webauthn:extension:prf: true, webauthn:virtualAuthenticators: true}&#10;Session ID: 83c4099e4001086b63b1177f6101fc7b" type="org.openqa.selenium.StaleElementReferenceException">org.openqa.selenium.StaleElementReferenceException: stale element reference: element is not attached to the page document
  (Session info: chrome=112.0.5615.138)
For documentation on this error, please visit: https://www.seleniumhq.org/exceptions/stale_element_reference.html
Build info: version: '3.141.59', revision: 'e82be7d358', time: '2018-11-14T08:17:03'
System info: host: 'DESKTOP-5VHKQUJ', ip: '192.168.0.103', os.name: 'Windows 10', os.arch: 'amd64', os.version: '10.0', java.version: '16.0.2'
Driver info: org.openqa.selenium.chrome.ChromeDriver
Capabilities {acceptInsecureCerts: false, browserName: chrome, browserVersion: 112.0.5615.138, chrome: {chromedriverVersion: 112.0.5615.49 (bd2a7bcb881c..., userDataDir: C:\Users\DELL\AppData\Local...}, goog:chromeOptions: {debuggerAddress: localhost:57031}, javascriptEnabled: true, networkConnectionEnabled: false, pageLoadStrategy: normal, platform: WINDOWS, platformName: WINDOWS, proxy: Proxy(), setWindowRect: true, strictFileInteractability: false, timeouts: {implicit: 0, pageLoad: 300000, script: 30000}, unhandledPromptBehavior: dismiss and notify, webauthn:extension:credBlob: true, webauthn:extension:largeBlob: true, webauthn:extension:minPinLength: true, webauthn:extension:prf: true, webauthn:virtualAuthenticators: true}
Session ID: 83c4099e4001086b63b1177f6101fc7b
	at java.base/jdk.internal.reflect.NativeConstructorAccessorImpl.newInstance0(Native Method)
	at java.base/jdk.internal.reflect.NativeConstructorAccessorImpl.newInstance(NativeConstructorAccessorImpl.java:78)
	at java.base/jdk.internal.reflect.DelegatingConstructorAccessorImpl.newInstance(DelegatingConstructorAccessorImpl.java:45)
	at java.base/java.lang.reflect.Constructor.newInstanceWithCaller(Constructor.java:499)
	at java.base/java.lang.reflect.Constructor.newInstance(Constructor.java:480)
	at org.openqa.selenium.remote.http.W3CHttpResponseCodec.createException(W3CHttpResponseCodec.java:187)
	at org.openqa.selenium.remote.http.W3CHttpResponseCodec.decode(W3CHttpResponseCodec.java:122)
	at org.openqa.selenium.remote.http.W3CHttpResponseCodec.decode(W3CHttpResponseCodec.java:49)
	at org.openqa.selenium.remote.HttpCommandExecutor.execute(HttpCommandExecutor.java:158)
	at org.openqa.selenium.remote.service.DriverCommandExecutor.execute(DriverCommandExecutor.java:83)
	at org.openqa.selenium.remote.RemoteWebDriver.execute(RemoteWebDriver.java:552)
	at org.openqa.selenium.remote.RemoteWebElement.execute(RemoteWebElement.java:285)
	at org.openqa.selenium.remote.RemoteWebElement.getText(RemoteWebElement.java:166)
	at jdk.internal.reflect.GeneratedMethodAccessor4.invoke(Unknown Source)
	at java.base/jdk.internal.reflect.DelegatingMethodAccessorImpl.invoke(DelegatingMethodAccessorImpl.java:43)
	at java.base/java.lang.reflect.Method.invoke(Method.java:567)
	at org.openqa.selenium.support.pagefactory.internal.LocatingElementHandler.invoke(LocatingElementHandler.java:51)
	at jdk.proxy2/jdk.proxy2.$Proxy28.getText(Unknown Source)
	at com.ae.qa.pagesTenantAdmin.AgentListPageTA.validateAgentRestart(AgentListPageTA.java:643)
	at com.ae.qa.testcasesTenantAdmin.AgentListPageTestTA.validateAgentRestartTest(AgentListPageTestTA.java:138)
</failure>
    <system-out><![CDATA[[DEBUG] 2023-04-29 17:47:16.963 [TestNG-test=AESanity-1] TestBase - Execution started
[INFO ] 2023-04-29 17:47:18.179 [TestNG-test=AESanity-1] TestBase - Browser started successfully
[INFO ] 2023-04-29 17:47:22.546 [TestNG-test=AESanity-1] TestBase - User is navigated to AE portal
validateAgentRestartTest test case started
User LogIn Succesfully
User navigated to Agents Tab
Agent is in running mode
Restart button is clicked
Confirm Restart Button is Clicked
Actual Message:- Stopping agent [DELL@DESKTOP-5VHKQUJ] is in progress
Expected Message:- Stopping agent [DELL@DESKTOP-5VHKQUJ] is in progress
Restart button is clicked and agent is going in Stopped Status successfully
]]></system-out>
    <system-err><![CDATA[Starting ChromeDriver 112.0.5615.49 (bd2a7bcb881c11e8cfe3078709382934e3916914-refs/branch-heads/5615@{#936}) on port 32898
Only local connections are allowed.
Please see https://chromedriver.chromium.org/security-considerations for suggestions on keeping ChromeDriver safe.
ChromeDriver was started successfully.
Apr 29, 2023 5:47:18 PM org.openqa.selenium.remote.ProtocolHandshake createSession
INFO: Detected dialect: W3C
]]></system-err>
  </testcase>
  <testcase name="validateSubmitRequestDefaultCategoryTest" classname="com.ae.qa.testcasesTenantAdmin.CataloguePageTestTA" time="105.733"/>
  <testcase name="validateSubmitRequestCustomCategoryTest" classname="com.ae.qa.testcasesTenantAdmin.CataloguePageTestTA" time="24.542"/>
  <testcase name="validateUploadWFFileManagementTest" classname="com.ae.qa.testcasesTenantAdmin.FileManagementPageTestTA" time="30.424"/>
  <testcase name="validateEditWFFileManagementTest" classname="com.ae.qa.testcasesTenantAdmin.FileManagementPageTestTA" time="25.917"/>
  <testcase name="validateDeleteUploadWFFileManagementTest" classname="com.ae.qa.testcasesTenantAdmin.FileManagementPageTestTA" time="20.886"/>
  <testcase name="validateEditConfJobLowerLimitIntegrationServicesTATest" classname="com.ae.qa.testcasesTenantAdmin.IntegrationServicePageTestTA" time="25.789"/>
  <testcase name="validateEditUpdateResponseJobLowerLimitIntegrationServicesTATest" classname="com.ae.qa.testcasesTenantAdmin.IntegrationServicePageTestTA" time="26.576"/>
  <testcase name="validateEditIntegrationTypesTATest" classname="com.ae.qa.testcasesTenantAdmin.IntegrationTypesPageTestTA" time="31.903"/>
  <testcase name="validateDeleteIntegrationTypeTATest" classname="com.ae.qa.testcasesTenantAdmin.IntegrationTypesPageTestTA" time="15.397"/>
  <testcase name="validateDownloadandAssignPSTest" classname="com.ae.qa.testcasesTenantAdmin.ProcessStudioPageTestTA" time="54.917">
    <failure message="element click intercepted: Element &lt;button type=&quot;button&quot; class=&quot;btn btn-primary btn-height&quot;&gt;...&lt;/button&gt; is not clickable at point (1311, 157). Other element would receive the click: &lt;div style=&quot;position: fixed; top: 0; right: 0; bottom: 0; left: 0; background: rgba(255, 255, 255, 0.4 ); z-index: 1200;&quot;&gt;...&lt;/div&gt;&#10;  (Session info: chrome=112.0.5615.138)&#10;Build info: version: &apos;3.141.59&apos;, revision: &apos;e82be7d358&apos;, time: &apos;2018-11-14T08:17:03&apos;&#10;System info: host: &apos;DESKTOP-5VHKQUJ&apos;, ip: &apos;192.168.0.103&apos;, os.name: &apos;Windows 10&apos;, os.arch: &apos;amd64&apos;, os.version: &apos;10.0&apos;, java.version: &apos;16.0.2&apos;&#10;Driver info: org.openqa.selenium.chrome.ChromeDriver&#10;Capabilities {acceptInsecureCerts: false, browserName: chrome, browserVersion: 112.0.5615.138, chrome: {chromedriverVersion: 112.0.5615.49 (bd2a7bcb881c..., userDataDir: C:\Users\DELL\AppData\Local...}, goog:chromeOptions: {debuggerAddress: localhost:57500}, javascriptEnabled: true, networkConnectionEnabled: false, pageLoadStrategy: normal, platform: WINDOWS, platformName: WINDOWS, proxy: Proxy(), setWindowRect: true, strictFileInteractability: false, timeouts: {implicit: 0, pageLoad: 300000, script: 30000}, unhandledPromptBehavior: dismiss and notify, webauthn:extension:credBlob: true, webauthn:extension:largeBlob: true, webauthn:extension:minPinLength: true, webauthn:extension:prf: true, webauthn:virtualAuthenticators: true}&#10;Session ID: 2748e4832f4758210e2c89eef6585b61" type="org.openqa.selenium.ElementClickInterceptedException"><![CDATA[org.openqa.selenium.ElementClickInterceptedException: element click intercepted: Element <button type="button" class="btn btn-primary btn-height">...</button> is not clickable at point (1311, 157). Other element would receive the click: <div style="position: fixed; top: 0; right: 0; bottom: 0; left: 0; background: rgba(255, 255, 255, 0.4 ); z-index: 1200;">...</div>
  (Session info: chrome=112.0.5615.138)
Build info: version: '3.141.59', revision: 'e82be7d358', time: '2018-11-14T08:17:03'
System info: host: 'DESKTOP-5VHKQUJ', ip: '192.168.0.103', os.name: 'Windows 10', os.arch: 'amd64', os.version: '10.0', java.version: '16.0.2'
Driver info: org.openqa.selenium.chrome.ChromeDriver
Capabilities {acceptInsecureCerts: false, browserName: chrome, browserVersion: 112.0.5615.138, chrome: {chromedriverVersion: 112.0.5615.49 (bd2a7bcb881c..., userDataDir: C:\Users\DELL\AppData\Local...}, goog:chromeOptions: {debuggerAddress: localhost:57500}, javascriptEnabled: true, networkConnectionEnabled: false, pageLoadStrategy: normal, platform: WINDOWS, platformName: WINDOWS, proxy: Proxy(), setWindowRect: true, strictFileInteractability: false, timeouts: {implicit: 0, pageLoad: 300000, script: 30000}, unhandledPromptBehavior: dismiss and notify, webauthn:extension:credBlob: true, webauthn:extension:largeBlob: true, webauthn:extension:minPinLength: true, webauthn:extension:prf: true, webauthn:virtualAuthenticators: true}
Session ID: 2748e4832f4758210e2c89eef6585b61
	at java.base/jdk.internal.reflect.NativeConstructorAccessorImpl.newInstance0(Native Method)
	at java.base/jdk.internal.reflect.NativeConstructorAccessorImpl.newInstance(NativeConstructorAccessorImpl.java:78)
	at java.base/jdk.internal.reflect.DelegatingConstructorAccessorImpl.newInstance(DelegatingConstructorAccessorImpl.java:45)
	at java.base/java.lang.reflect.Constructor.newInstanceWithCaller(Constructor.java:499)
	at java.base/java.lang.reflect.Constructor.newInstance(Constructor.java:480)
	at org.openqa.selenium.remote.http.W3CHttpResponseCodec.createException(W3CHttpResponseCodec.java:187)
	at org.openqa.selenium.remote.http.W3CHttpResponseCodec.decode(W3CHttpResponseCodec.java:122)
	at org.openqa.selenium.remote.http.W3CHttpResponseCodec.decode(W3CHttpResponseCodec.java:49)
	at org.openqa.selenium.remote.HttpCommandExecutor.execute(HttpCommandExecutor.java:158)
	at org.openqa.selenium.remote.service.DriverCommandExecutor.execute(DriverCommandExecutor.java:83)
	at org.openqa.selenium.remote.RemoteWebDriver.execute(RemoteWebDriver.java:552)
	at org.openqa.selenium.remote.RemoteWebElement.execute(RemoteWebElement.java:285)
	at org.openqa.selenium.remote.RemoteWebElement.click(RemoteWebElement.java:84)
	at jdk.internal.reflect.GeneratedMethodAccessor2.invoke(Unknown Source)
	at java.base/jdk.internal.reflect.DelegatingMethodAccessorImpl.invoke(DelegatingMethodAccessorImpl.java:43)
	at java.base/java.lang.reflect.Method.invoke(Method.java:567)
	at org.openqa.selenium.support.pagefactory.internal.LocatingElementHandler.invoke(LocatingElementHandler.java:51)
	at jdk.proxy2/jdk.proxy2.$Proxy28.click(Unknown Source)
	at com.ae.qa.pagesTenantAdmin.ProcessStudioPageTA.validateDownloadandAssignPS(ProcessStudioPageTA.java:70)
	at com.ae.qa.testcasesTenantAdmin.ProcessStudioPageTestTA.validateDownloadandAssignPSTest(ProcessStudioPageTestTA.java:25)
]]></failure>
    <system-out><![CDATA[The name of the testcase passed is :validateDeleteIntegrationTypeTATest
[DEBUG] 2023-04-29 17:54:04.599 [TestNG-test=AESanity-1] TestBase - Execution started
[INFO ] 2023-04-29 17:54:05.722 [TestNG-test=AESanity-1] TestBase - Browser started successfully
[INFO ] 2023-04-29 17:54:11.378 [TestNG-test=AESanity-1] TestBase - User is navigated to AE portal
validateDownloadandAssignPSTest test case started
User logged in successfully
Process Studio Tab is clicked
Process-studio download started
]]></system-out>
    <system-err><![CDATA[Starting ChromeDriver 112.0.5615.49 (bd2a7bcb881c11e8cfe3078709382934e3916914-refs/branch-heads/5615@{#936}) on port 28488
Only local connections are allowed.
Please see https://chromedriver.chromium.org/security-considerations for suggestions on keeping ChromeDriver safe.
ChromeDriver was started successfully.
Apr 29, 2023 5:54:05 PM org.openqa.selenium.remote.ProtocolHandshake createSession
INFO: Detected dialect: W3C
]]></system-err>
  </testcase>
  <testcase name="validateUnAssignPSTest" classname="com.ae.qa.testcasesTenantAdmin.ProcessStudioPageTestTA" time="33.749"/>
  <testcase name="validateProcessStudioPageTATest" classname="com.ae.qa.testcasesTenantAdmin.ProcessStudioPageTestTA" time="19.181"/>
  <testcase name="validateRequestFailureReasonTest" classname="com.ae.qa.testcasesTenantAdmin.RequestsPageTestTA" time="158.711"/>
  <testcase name="validateProcessStudioDownloadLinuxTest" classname="com.ae.qa.testcasesTenantAdmin.ProcessStudioPageTestTA" time="27.755"/>
  <testcase name="validateRestartRequestTest" classname="com.ae.qa.testcasesTenantAdmin.RequestsPageTestTA" time="10.638">
    <failure message="expected [true] but found [false]" type="java.lang.AssertionError">java.lang.AssertionError: expected [true] but found [false]
	at org.testng.Assert.fail(Assert.java:110)
	at org.testng.Assert.failNotEquals(Assert.java:1413)
	at org.testng.Assert.assertTrue(Assert.java:56)
	at org.testng.Assert.assertTrue(Assert.java:66)
	at com.ae.qa.pagesTenantAdmin.RequestsPageTA.validateRestartRequest(RequestsPageTA.java:428)
	at com.ae.qa.testcasesTenantAdmin.RequestsPageTestTA.validateRestartRequestTest(RequestsPageTestTA.java:93)
</failure>
    <system-out><![CDATA[The name of the testcase passed is :validateProcessStudioDownloadLinuxTest
[DEBUG] 2023-04-29 18:00:09.235 [TestNG-test=AESanity-1] TestBase - Execution started
[INFO ] 2023-04-29 18:00:10.617 [TestNG-test=AESanity-1] TestBase - Browser started successfully
[INFO ] 2023-04-29 18:00:19.863 [TestNG-test=AESanity-1] TestBase - User is navigated to AE portal
validateRestartRequestTest test case started
User logged in successfully
Requests Tab is clicked
Request ID:- 6
Request Status:-Complete
]]></system-out>
    <system-err><![CDATA[Starting ChromeDriver 112.0.5615.49 (bd2a7bcb881c11e8cfe3078709382934e3916914-refs/branch-heads/5615@{#936}) on port 12374
Only local connections are allowed.
Please see https://chromedriver.chromium.org/security-considerations for suggestions on keeping ChromeDriver safe.
ChromeDriver was started successfully.
Apr 29, 2023 6:00:10 PM org.openqa.selenium.remote.ProtocolHandshake createSession
INFO: Detected dialect: W3C
]]></system-err>
  </testcase>
  <testcase name="validateTerminateRequestTest" classname="com.ae.qa.testcasesTenantAdmin.RequestsPageTestTA" time="134.229">
    <failure message="stale element reference: element is not attached to the page document&#10;  (Session info: chrome=112.0.5615.138)&#10;For documentation on this error, please visit: https://www.seleniumhq.org/exceptions/stale_element_reference.html&#10;Build info: version: &apos;3.141.59&apos;, revision: &apos;e82be7d358&apos;, time: &apos;2018-11-14T08:17:03&apos;&#10;System info: host: &apos;DESKTOP-5VHKQUJ&apos;, ip: &apos;192.168.0.103&apos;, os.name: &apos;Windows 10&apos;, os.arch: &apos;amd64&apos;, os.version: &apos;10.0&apos;, java.version: &apos;16.0.2&apos;&#10;Driver info: org.openqa.selenium.chrome.ChromeDriver&#10;Capabilities {acceptInsecureCerts: false, browserName: chrome, browserVersion: 112.0.5615.138, chrome: {chromedriverVersion: 112.0.5615.49 (bd2a7bcb881c..., userDataDir: C:\Users\DELL\AppData\Local...}, goog:chromeOptions: {debuggerAddress: localhost:57746}, javascriptEnabled: true, networkConnectionEnabled: false, pageLoadStrategy: normal, platform: WINDOWS, platformName: WINDOWS, proxy: Proxy(), setWindowRect: true, strictFileInteractability: false, timeouts: {implicit: 0, pageLoad: 300000, script: 30000}, unhandledPromptBehavior: dismiss and notify, webauthn:extension:credBlob: true, webauthn:extension:largeBlob: true, webauthn:extension:minPinLength: true, webauthn:extension:prf: true, webauthn:virtualAuthenticators: true}&#10;Session ID: ea9fad0fb67cc3bd389798e1595d44b3" type="org.openqa.selenium.StaleElementReferenceException">org.openqa.selenium.StaleElementReferenceException: stale element reference: element is not attached to the page document
  (Session info: chrome=112.0.5615.138)
For documentation on this error, please visit: https://www.seleniumhq.org/exceptions/stale_element_reference.html
Build info: version: '3.141.59', revision: 'e82be7d358', time: '2018-11-14T08:17:03'
System info: host: 'DESKTOP-5VHKQUJ', ip: '192.168.0.103', os.name: 'Windows 10', os.arch: 'amd64', os.version: '10.0', java.version: '16.0.2'
Driver info: org.openqa.selenium.chrome.ChromeDriver
Capabilities {acceptInsecureCerts: false, browserName: chrome, browserVersion: 112.0.5615.138, chrome: {chromedriverVersion: 112.0.5615.49 (bd2a7bcb881c..., userDataDir: C:\Users\DELL\AppData\Local...}, goog:chromeOptions: {debuggerAddress: localhost:57746}, javascriptEnabled: true, networkConnectionEnabled: false, pageLoadStrategy: normal, platform: WINDOWS, platformName: WINDOWS, proxy: Proxy(), setWindowRect: true, strictFileInteractability: false, timeouts: {implicit: 0, pageLoad: 300000, script: 30000}, unhandledPromptBehavior: dismiss and notify, webauthn:extension:credBlob: true, webauthn:extension:largeBlob: true, webauthn:extension:minPinLength: true, webauthn:extension:prf: true, webauthn:virtualAuthenticators: true}
Session ID: ea9fad0fb67cc3bd389798e1595d44b3
	at java.base/jdk.internal.reflect.NativeConstructorAccessorImpl.newInstance0(Native Method)
	at java.base/jdk.internal.reflect.NativeConstructorAccessorImpl.newInstance(NativeConstructorAccessorImpl.java:78)
	at java.base/jdk.internal.reflect.DelegatingConstructorAccessorImpl.newInstance(DelegatingConstructorAccessorImpl.java:45)
	at java.base/java.lang.reflect.Constructor.newInstanceWithCaller(Constructor.java:499)
	at java.base/java.lang.reflect.Constructor.newInstance(Constructor.java:480)
	at org.openqa.selenium.remote.http.W3CHttpResponseCodec.createException(W3CHttpResponseCodec.java:187)
	at org.openqa.selenium.remote.http.W3CHttpResponseCodec.decode(W3CHttpResponseCodec.java:122)
	at org.openqa.selenium.remote.http.W3CHttpResponseCodec.decode(W3CHttpResponseCodec.java:49)
	at org.openqa.selenium.remote.HttpCommandExecutor.execute(HttpCommandExecutor.java:158)
	at org.openqa.selenium.remote.service.DriverCommandExecutor.execute(DriverCommandExecutor.java:83)
	at org.openqa.selenium.remote.RemoteWebDriver.execute(RemoteWebDriver.java:552)
	at org.openqa.selenium.remote.RemoteWebElement.execute(RemoteWebElement.java:285)
	at org.openqa.selenium.remote.RemoteWebElement.getText(RemoteWebElement.java:166)
	at jdk.internal.reflect.GeneratedMethodAccessor4.invoke(Unknown Source)
	at java.base/jdk.internal.reflect.DelegatingMethodAccessorImpl.invoke(DelegatingMethodAccessorImpl.java:43)
	at java.base/java.lang.reflect.Method.invoke(Method.java:567)
	at org.openqa.selenium.support.pagefactory.internal.LocatingElementHandler.invoke(LocatingElementHandler.java:51)
	at jdk.proxy2/jdk.proxy2.$Proxy28.getText(Unknown Source)
	at com.ae.qa.pagesTenantAdmin.RequestsPageTA.validateTerminateRequest(RequestsPageTA.java:497)
	at com.ae.qa.testcasesTenantAdmin.RequestsPageTestTA.validateTerminateRequestTest(RequestsPageTestTA.java:102)
</failure>
    <system-out><![CDATA[The name of the testcase failed is :validateRestartRequestTest
[DEBUG] 2023-04-29 18:00:34.833 [TestNG-test=AESanity-1] TestBase - Execution started
[INFO ] 2023-04-29 18:00:39.742 [TestNG-test=AESanity-1] TestBase - Browser started successfully
[INFO ] 2023-04-29 18:01:03.778 [TestNG-test=AESanity-1] TestBase - User is navigated to AE portal
validateTerminateRequestTest test case started
User logged in successfully
Workflows Tab is clicked
Import button clicked
Enable RDP checkbox is unselected
Create Button is clicked
Priority is set
Expected Completion Time in Seconds is set
Maximum Completion Time in Seconds is set
Cleanup Requests older than Hours fields is set
Manual Execution Time is set
Manual Execution time unit is set
Config Parameter is clicked
Config Parameter is entered
Save button is clicked
Actual Message : Workflow updated successfully
Expected Message :Workflow updated successfully
Workflow updated
Workflow is enabled successfully
User signed out successfully
Tenant Admin signed in successfully
Agents tab is clicked
Workflow Assignment tab is clicked
Edit button is selected
Workflow is searched
Required wf is selected
Saved the operation
Assignment confirmed
Actual Wf Assignment Msg:Assignment saved successfully.
Expected Wf Assignment Msg:Assignment saved successfully.
Single workflow is successfully assigned to default agent
User signed out successfully
User logged in successfully
Catalogue Tab is clicked
Workflow whose request needs to be send is selected
Requests Tab is clicked
Request ID:- 7
]]></system-out>
    <system-err><![CDATA[Starting ChromeDriver 112.0.5615.49 (bd2a7bcb881c11e8cfe3078709382934e3916914-refs/branch-heads/5615@{#936}) on port 10795
Only local connections are allowed.
Please see https://chromedriver.chromium.org/security-considerations for suggestions on keeping ChromeDriver safe.
ChromeDriver was started successfully.
Apr 29, 2023 6:00:39 PM org.openqa.selenium.remote.ProtocolHandshake createSession
INFO: Detected dialect: W3C
]]></system-err>
  </testcase>
  <testcase name="validateEditWeeklyScheduleTest" classname="com.ae.qa.testcasesTenantAdmin.SchedulerPageTestTA" time="29.47"/>
  <testcase name="validateEditMonthlyScheduleTest" classname="com.ae.qa.testcasesTenantAdmin.SchedulerPageTestTA" time="25.298"/>
  <testcase name="validateEditInfineScheduleTest" classname="com.ae.qa.testcasesTenantAdmin.SchedulerPageTestTA" time="30.817"/>
  <testcase name="ValidateUnlockUserAccessApplicationTest" classname="com.ae.qa.testcasesTenantAdmin.TenantUsersPageTestTA" time="26.036"/>
  <testcase name="ValidateEnableUser" classname="com.ae.qa.testcasesTenantAdmin.TenantUsersPageTestTA" time="168.086"/>
  <testcase name="ValidateDisabledUserTuserTest" classname="com.ae.qa.testcasesTenantAdmin.TenantUsersPageTestTA" time="97.92"/>
  <testcase name="validateDisabledDeleteTuserTest" classname="com.ae.qa.testcasesTenantAdmin.TenantUsersPageTestTA" time="29.046"/>
  <testcase name="validateEditTenantUserTest" classname="com.ae.qa.testcasesTenantAdmin.TenantUsersPageTestTA" time="108.46"/>
  <testcase name="validateCreateActivityMonitorSpaceInUsernameTest" classname="com.ae.qa.testcasesTenantAdmin.TenantUsersPageTestTA" time="73.841"/>
  <testcase name="validateCreateAgentAdminApostropheLastnameTest" classname="com.ae.qa.testcasesTenantAdmin.TenantUsersPageTestTA" time="73.847"/>
  <testcase name="validateCreateUserAdminEmailidUsernameTest" classname="com.ae.qa.testcasesTenantAdmin.TenantUsersPageTestTA" time="74.344"/>
  <testcase name="validateEditWFtoSequentialTest" classname="com.ae.qa.testcasesTenantAdmin.WorkflowListPageTestTA" time="68.993">
    <failure message="Cannot locate element with text: &#10;For documentation on this error, please visit: https://www.seleniumhq.org/exceptions/no_such_element.html&#10;Build info: version: &apos;3.141.59&apos;, revision: &apos;e82be7d358&apos;, time: &apos;2018-11-14T08:17:03&apos;&#10;System info: host: &apos;DESKTOP-5VHKQUJ&apos;, ip: &apos;192.168.0.103&apos;, os.name: &apos;Windows 10&apos;, os.arch: &apos;amd64&apos;, os.version: &apos;10.0&apos;, java.version: &apos;16.0.2&apos;&#10;Driver info: driver.version: unknown" type="org.openqa.selenium.NoSuchElementException">org.openqa.selenium.NoSuchElementException: Cannot locate element with text: 
For documentation on this error, please visit: https://www.seleniumhq.org/exceptions/no_such_element.html
Build info: version: '3.141.59', revision: 'e82be7d358', time: '2018-11-14T08:17:03'
System info: host: 'DESKTOP-5VHKQUJ', ip: '192.168.0.103', os.name: 'Windows 10', os.arch: 'amd64', os.version: '10.0', java.version: '16.0.2'
Driver info: driver.version: unknown
	at org.openqa.selenium.support.ui.Select.selectByVisibleText(Select.java:147)
	at com.ae.qa.pagesTenantAdmin.WorkflowListPageTA.validateEditWFtoSequential(WorkflowListPageTA.java:1273)
	at com.ae.qa.testcasesTenantAdmin.WorkflowListPageTestTA.validateEditWFtoSequentialTest(WorkflowListPageTestTA.java:264)
</failure>
    <system-out><![CDATA[The name of the testcase passed is :validateCreateUserAdminEmailidUsernameTest
[DEBUG] 2023-04-29 18:17:18.046 [TestNG-test=AESanity-1] TestBase - Execution started
[INFO ] 2023-04-29 18:17:25.464 [TestNG-test=AESanity-1] TestBase - Browser started successfully
[INFO ] 2023-04-29 18:17:33.187 [TestNG-test=AESanity-1] TestBase - User is navigated to AE portal
validateEditWFtoSequentialTest test case started
User logged in successfully
Workflows Tab is clicked
]]></system-out>
    <system-err><![CDATA[Starting ChromeDriver 112.0.5615.49 (bd2a7bcb881c11e8cfe3078709382934e3916914-refs/branch-heads/5615@{#936}) on port 10065
Only local connections are allowed.
Please see https://chromedriver.chromium.org/security-considerations for suggestions on keeping ChromeDriver safe.
ChromeDriver was started successfully.
Apr 29, 2023 6:17:25 PM org.openqa.selenium.remote.ProtocolHandshake createSession
INFO: Detected dialect: W3C
]]></system-err>
  </testcase>
  <testcase name="validateExportWFUATTest" classname="com.ae.qa.testcasesTenantAdmin.WorkflowListPageTestTA" time="206.75"/>
  <testcase name="validateImportExportedWFUATTest" classname="com.ae.qa.testcasesTenantAdmin.WorkflowListPageTestTA" time="117.248"/>
  <testcase name="validateExportWFSubscriptionTest" classname="com.ae.qa.testcasesTenantAdmin.WorkflowListPageTestTA" time="211.981"/>
  <testcase name="validateImportExportedWFSubscriptionTest" classname="com.ae.qa.testcasesTenantAdmin.WorkflowListPageTestTA" time="125.993"/>
  <testcase name="validateExportWFEnterpriseTest" classname="com.ae.qa.testcasesTenantAdmin.WorkflowListPageTestTA" time="203.845"/>
  <testcase name="validateImportExportedWFEnterpriseTest" classname="com.ae.qa.testcasesTenantAdmin.WorkflowListPageTestTA" time="115.468"/>
  <testcase name="validateExportVerifiedWFUATTest" classname="com.ae.qa.testcasesTenantAdmin.WorkflowListPageTestTA" time="28.147"/>
  <testcase name="validateExportUATWFAndImportInDevelopmentTest" classname="com.ae.qa.testcasesTenantAdmin.WorkflowListPageTestTA" time="58.35"/>
  <testcase name="validateExportUATWFAndImportInSubscriptionTestTest" classname="com.ae.qa.testcasesTenantAdmin.WorkflowListPageTestTA" time="64.334"/>
  <testcase name="validateExportSubscriptionWFAndImportInDevelopmentTest" classname="com.ae.qa.testcasesTenantAdmin.WorkflowListPageTestTA" time="53.93"/>
  <testcase name="validateExportUATWFAndImportInEnterpriseTest" classname="com.ae.qa.testcasesTenantAdmin.WorkflowListPageTestTA" time="85.28"/>
  <testcase name="validateCreateDevelopmentSameCustomerTest" classname="com.ae.qa.testcasesTenantAdmin.WorkflowListPageTestTA" time="119.35">
    <failure message="stale element reference: element is not attached to the page document&#10;  (Session info: chrome=112.0.5615.138)&#10;For documentation on this error, please visit: https://www.seleniumhq.org/exceptions/stale_element_reference.html&#10;Build info: version: &apos;3.141.59&apos;, revision: &apos;e82be7d358&apos;, time: &apos;2018-11-14T08:17:03&apos;&#10;System info: host: &apos;DESKTOP-5VHKQUJ&apos;, ip: &apos;192.168.0.103&apos;, os.name: &apos;Windows 10&apos;, os.arch: &apos;amd64&apos;, os.version: &apos;10.0&apos;, java.version: &apos;16.0.2&apos;&#10;Driver info: org.openqa.selenium.chrome.ChromeDriver&#10;Capabilities {acceptInsecureCerts: false, browserName: chrome, browserVersion: 112.0.5615.138, chrome: {chromedriverVersion: 112.0.5615.49 (bd2a7bcb881c..., userDataDir: C:\Users\DELL\AppData\Local...}, goog:chromeOptions: {debuggerAddress: localhost:59731}, javascriptEnabled: true, networkConnectionEnabled: false, pageLoadStrategy: normal, platform: WINDOWS, platformName: WINDOWS, proxy: Proxy(), setWindowRect: true, strictFileInteractability: false, timeouts: {implicit: 0, pageLoad: 300000, script: 30000}, unhandledPromptBehavior: dismiss and notify, webauthn:extension:credBlob: true, webauthn:extension:largeBlob: true, webauthn:extension:minPinLength: true, webauthn:extension:prf: true, webauthn:virtualAuthenticators: true}&#10;Session ID: 9ac2b806662f246b38bfe9fa77ed7386" type="org.openqa.selenium.StaleElementReferenceException">org.openqa.selenium.StaleElementReferenceException: stale element reference: element is not attached to the page document
  (Session info: chrome=112.0.5615.138)
For documentation on this error, please visit: https://www.seleniumhq.org/exceptions/stale_element_reference.html
Build info: version: '3.141.59', revision: 'e82be7d358', time: '2018-11-14T08:17:03'
System info: host: 'DESKTOP-5VHKQUJ', ip: '192.168.0.103', os.name: 'Windows 10', os.arch: 'amd64', os.version: '10.0', java.version: '16.0.2'
Driver info: org.openqa.selenium.chrome.ChromeDriver
Capabilities {acceptInsecureCerts: false, browserName: chrome, browserVersion: 112.0.5615.138, chrome: {chromedriverVersion: 112.0.5615.49 (bd2a7bcb881c..., userDataDir: C:\Users\DELL\AppData\Local...}, goog:chromeOptions: {debuggerAddress: localhost:59731}, javascriptEnabled: true, networkConnectionEnabled: false, pageLoadStrategy: normal, platform: WINDOWS, platformName: WINDOWS, proxy: Proxy(), setWindowRect: true, strictFileInteractability: false, timeouts: {implicit: 0, pageLoad: 300000, script: 30000}, unhandledPromptBehavior: dismiss and notify, webauthn:extension:credBlob: true, webauthn:extension:largeBlob: true, webauthn:extension:minPinLength: true, webauthn:extension:prf: true, webauthn:virtualAuthenticators: true}
Session ID: 9ac2b806662f246b38bfe9fa77ed7386
	at java.base/jdk.internal.reflect.NativeConstructorAccessorImpl.newInstance0(Native Method)
	at java.base/jdk.internal.reflect.NativeConstructorAccessorImpl.newInstance(NativeConstructorAccessorImpl.java:78)
	at java.base/jdk.internal.reflect.DelegatingConstructorAccessorImpl.newInstance(DelegatingConstructorAccessorImpl.java:45)
	at java.base/java.lang.reflect.Constructor.newInstanceWithCaller(Constructor.java:499)
	at java.base/java.lang.reflect.Constructor.newInstance(Constructor.java:480)
	at org.openqa.selenium.remote.http.W3CHttpResponseCodec.createException(W3CHttpResponseCodec.java:187)
	at org.openqa.selenium.remote.http.W3CHttpResponseCodec.decode(W3CHttpResponseCodec.java:122)
	at org.openqa.selenium.remote.http.W3CHttpResponseCodec.decode(W3CHttpResponseCodec.java:49)
	at org.openqa.selenium.remote.HttpCommandExecutor.execute(HttpCommandExecutor.java:158)
	at org.openqa.selenium.remote.service.DriverCommandExecutor.execute(DriverCommandExecutor.java:83)
	at org.openqa.selenium.remote.RemoteWebDriver.execute(RemoteWebDriver.java:552)
	at org.openqa.selenium.remote.RemoteWebDriver.executeScript(RemoteWebDriver.java:489)
	at com.ae.qa.pagesTenantAdmin.WorkflowListPageTA.validateCreateTenantAdminWithUploadLicense(WorkflowListPageTA.java:1499)
	at com.ae.qa.testcasesTenantAdmin.WorkflowListPageTestTA.validateCreateDevelopmentSameCustomerTest(WorkflowListPageTestTA.java:401)
</failure>
    <system-out><![CDATA[The name of the testcase passed is :validateExportUATWFAndImportInEnterpriseTest
[DEBUG] 2023-04-29 18:42:18.010 [TestNG-test=AESanity-1] TestBase - Execution started
[INFO ] 2023-04-29 18:42:26.558 [TestNG-test=AESanity-1] TestBase - Browser started successfully
[INFO ] 2023-04-29 18:42:33.266 [TestNG-test=AESanity-1] TestBase - User is navigated to AE portal
validateCreateDevelopmentSameCustomerTest test case started
User log in Successfully
Success message: Tenant created successfully
Tenant created successfully
Below validation is to validate new tenant record is visible in webtable
Actual:KG_DEVELOPMENTExpected:KG_DEVELOPMENT
New Tenant is present in the table-Validated successfully
User signed out successfully
User logged in successfully
started creating new Tenant
User is created successfully
Actual Username:Same_DevelopmentUser
Expected Username:Same_DevelopmentUser
New user is verified and present in the webtable
User signed out successfully
User changed first time password of User Successfully
]]></system-out>
    <system-err><![CDATA[Starting ChromeDriver 112.0.5615.49 (bd2a7bcb881c11e8cfe3078709382934e3916914-refs/branch-heads/5615@{#936}) on port 19116
Only local connections are allowed.
Please see https://chromedriver.chromium.org/security-considerations for suggestions on keeping ChromeDriver safe.
ChromeDriver was started successfully.
Apr 29, 2023 6:42:26 PM org.openqa.selenium.remote.ProtocolHandshake createSession
INFO: Detected dialect: W3C
]]></system-err>
  </testcase>
  <testcase name="validateCreateEnterpriseSameCustomerTest" classname="com.ae.qa.testcasesTenantAdmin.WorkflowListPageTestTA" time="118.398">
    <failure message="stale element reference: element is not attached to the page document&#10;  (Session info: chrome=112.0.5615.138)&#10;For documentation on this error, please visit: https://www.seleniumhq.org/exceptions/stale_element_reference.html&#10;Build info: version: &apos;3.141.59&apos;, revision: &apos;e82be7d358&apos;, time: &apos;2018-11-14T08:17:03&apos;&#10;System info: host: &apos;DESKTOP-5VHKQUJ&apos;, ip: &apos;192.168.0.103&apos;, os.name: &apos;Windows 10&apos;, os.arch: &apos;amd64&apos;, os.version: &apos;10.0&apos;, java.version: &apos;16.0.2&apos;&#10;Driver info: org.openqa.selenium.chrome.ChromeDriver&#10;Capabilities {acceptInsecureCerts: false, browserName: chrome, browserVersion: 112.0.5615.138, chrome: {chromedriverVersion: 112.0.5615.49 (bd2a7bcb881c..., userDataDir: C:\Users\DELL\AppData\Local...}, goog:chromeOptions: {debuggerAddress: localhost:59811}, javascriptEnabled: true, networkConnectionEnabled: false, pageLoadStrategy: normal, platform: WINDOWS, platformName: WINDOWS, proxy: Proxy(), setWindowRect: true, strictFileInteractability: false, timeouts: {implicit: 0, pageLoad: 300000, script: 30000}, unhandledPromptBehavior: dismiss and notify, webauthn:extension:credBlob: true, webauthn:extension:largeBlob: true, webauthn:extension:minPinLength: true, webauthn:extension:prf: true, webauthn:virtualAuthenticators: true}&#10;Session ID: 05cbaf3c4291ab6a1a3405a4c7a51bb2" type="org.openqa.selenium.StaleElementReferenceException">org.openqa.selenium.StaleElementReferenceException: stale element reference: element is not attached to the page document
  (Session info: chrome=112.0.5615.138)
For documentation on this error, please visit: https://www.seleniumhq.org/exceptions/stale_element_reference.html
Build info: version: '3.141.59', revision: 'e82be7d358', time: '2018-11-14T08:17:03'
System info: host: 'DESKTOP-5VHKQUJ', ip: '192.168.0.103', os.name: 'Windows 10', os.arch: 'amd64', os.version: '10.0', java.version: '16.0.2'
Driver info: org.openqa.selenium.chrome.ChromeDriver
Capabilities {acceptInsecureCerts: false, browserName: chrome, browserVersion: 112.0.5615.138, chrome: {chromedriverVersion: 112.0.5615.49 (bd2a7bcb881c..., userDataDir: C:\Users\DELL\AppData\Local...}, goog:chromeOptions: {debuggerAddress: localhost:59811}, javascriptEnabled: true, networkConnectionEnabled: false, pageLoadStrategy: normal, platform: WINDOWS, platformName: WINDOWS, proxy: Proxy(), setWindowRect: true, strictFileInteractability: false, timeouts: {implicit: 0, pageLoad: 300000, script: 30000}, unhandledPromptBehavior: dismiss and notify, webauthn:extension:credBlob: true, webauthn:extension:largeBlob: true, webauthn:extension:minPinLength: true, webauthn:extension:prf: true, webauthn:virtualAuthenticators: true}
Session ID: 05cbaf3c4291ab6a1a3405a4c7a51bb2
	at java.base/jdk.internal.reflect.NativeConstructorAccessorImpl.newInstance0(Native Method)
	at java.base/jdk.internal.reflect.NativeConstructorAccessorImpl.newInstance(NativeConstructorAccessorImpl.java:78)
	at java.base/jdk.internal.reflect.DelegatingConstructorAccessorImpl.newInstance(DelegatingConstructorAccessorImpl.java:45)
	at java.base/java.lang.reflect.Constructor.newInstanceWithCaller(Constructor.java:499)
	at java.base/java.lang.reflect.Constructor.newInstance(Constructor.java:480)
	at org.openqa.selenium.remote.http.W3CHttpResponseCodec.createException(W3CHttpResponseCodec.java:187)
	at org.openqa.selenium.remote.http.W3CHttpResponseCodec.decode(W3CHttpResponseCodec.java:122)
	at org.openqa.selenium.remote.http.W3CHttpResponseCodec.decode(W3CHttpResponseCodec.java:49)
	at org.openqa.selenium.remote.HttpCommandExecutor.execute(HttpCommandExecutor.java:158)
	at org.openqa.selenium.remote.service.DriverCommandExecutor.execute(DriverCommandExecutor.java:83)
	at org.openqa.selenium.remote.RemoteWebDriver.execute(RemoteWebDriver.java:552)
	at org.openqa.selenium.remote.RemoteWebDriver.executeScript(RemoteWebDriver.java:489)
	at com.ae.qa.pagesTenantAdmin.WorkflowListPageTA.validateCreateTenantAdminWithUploadLicense(WorkflowListPageTA.java:1499)
	at com.ae.qa.testcasesTenantAdmin.WorkflowListPageTestTA.validateCreateEnterpriseSameCustomerTest(WorkflowListPageTestTA.java:411)
</failure>
    <system-out><![CDATA[The name of the testcase failed is :validateCreateDevelopmentSameCustomerTest
[DEBUG] 2023-04-29 18:44:35.258 [TestNG-test=AESanity-1] TestBase - Execution started
[INFO ] 2023-04-29 18:44:43.464 [TestNG-test=AESanity-1] TestBase - Browser started successfully
[INFO ] 2023-04-29 18:44:52.621 [TestNG-test=AESanity-1] TestBase - User is navigated to AE portal
validateCreateEnterpriseSameCustomerTest test case started
User log in Successfully
Success message: Tenant created successfully
Tenant created successfully
Below validation is to validate new tenant record is visible in webtable
Actual:KG_ENTERPRISEExpected:KG_ENTERPRISE
New Tenant is present in the table-Validated successfully
User signed out successfully
User logged in successfully
started creating new Tenant
User is created successfully
Actual Username:Same_EnterpriseUser
Expected Username:Same_EnterpriseUser
New user is verified and present in the webtable
User signed out successfully
User changed first time password of User Successfully
]]></system-out>
    <system-err><![CDATA[Starting ChromeDriver 112.0.5615.49 (bd2a7bcb881c11e8cfe3078709382934e3916914-refs/branch-heads/5615@{#936}) on port 17048
Only local connections are allowed.
Please see https://chromedriver.chromium.org/security-considerations for suggestions on keeping ChromeDriver safe.
ChromeDriver was started successfully.
Apr 29, 2023 6:44:43 PM org.openqa.selenium.remote.ProtocolHandshake createSession
INFO: Detected dialect: W3C
]]></system-err>
  </testcase>
  <testcase name="validateCreateUATSameCustomerTest" classname="com.ae.qa.testcasesTenantAdmin.WorkflowListPageTestTA" time="162.416"/>
  <testcase name="validateExportWFDevelopmentAndImportInUATSATest" classname="com.ae.qa.testcasesTenantAdmin.WorkflowListPageTestTA" time="209.697">
    <failure message="Expected condition failed: waiting for visibility of Proxy element for: DefaultElementLocator &apos;By.id: wfPriority&apos; (tried for 100 second(s) with 500 milliseconds interval)" type="org.openqa.selenium.TimeoutException">org.openqa.selenium.TimeoutException: Expected condition failed: waiting for visibility of Proxy element for: DefaultElementLocator 'By.id: wfPriority' (tried for 100 second(s) with 500 milliseconds interval)
	at jdk.internal.reflect.GeneratedConstructorAccessor90.newInstance(Unknown Source)
	at java.base/jdk.internal.reflect.DelegatingConstructorAccessorImpl.newInstance(DelegatingConstructorAccessorImpl.java:45)
	at java.base/java.lang.reflect.Constructor.newInstanceWithCaller(Constructor.java:499)
	at java.base/java.lang.reflect.Constructor.newInstance(Constructor.java:480)
	at org.openqa.selenium.remote.http.W3CHttpResponseCodec.createException(W3CHttpResponseCodec.java:187)
	at org.openqa.selenium.remote.http.W3CHttpResponseCodec.decode(W3CHttpResponseCodec.java:122)
	at org.openqa.selenium.remote.http.W3CHttpResponseCodec.decode(W3CHttpResponseCodec.java:49)
	at org.openqa.selenium.remote.HttpCommandExecutor.execute(HttpCommandExecutor.java:158)
	at org.openqa.selenium.remote.service.DriverCommandExecutor.execute(DriverCommandExecutor.java:83)
	at org.openqa.selenium.remote.RemoteWebDriver.execute(RemoteWebDriver.java:552)
	at org.openqa.selenium.remote.RemoteWebDriver.findElement(RemoteWebDriver.java:323)
	at org.openqa.selenium.remote.RemoteWebDriver.findElementById(RemoteWebDriver.java:372)
	at org.openqa.selenium.By$ById.findElement(By.java:188)
	at org.openqa.selenium.remote.RemoteWebDriver.findElement(RemoteWebDriver.java:315)
	at org.openqa.selenium.support.pagefactory.DefaultElementLocator.findElement(DefaultElementLocator.java:69)
	at org.openqa.selenium.support.pagefactory.internal.LocatingElementHandler.invoke(LocatingElementHandler.java:38)
	at jdk.proxy2/jdk.proxy2.$Proxy28.isDisplayed(Unknown Source)
	at org.openqa.selenium.support.ui.ExpectedConditions.elementIfVisible(ExpectedConditions.java:314)
	at org.openqa.selenium.support.ui.ExpectedConditions.access$000(ExpectedConditions.java:43)
	at org.openqa.selenium.support.ui.ExpectedConditions$10.apply(ExpectedConditions.java:300)
	at org.openqa.selenium.support.ui.ExpectedConditions$10.apply(ExpectedConditions.java:297)
	at org.openqa.selenium.support.ui.FluentWait.until(FluentWait.java:249)
	at com.ae.qa.pagesTenantAdmin.WorkflowListPageTA.ImportWorkflow(WorkflowListPageTA.java:1330)
	at com.ae.qa.pagesTenantAdmin.WorkflowListPageTA.validateExportImportWFforSameCustomer(WorkflowListPageTA.java:1521)
	at com.ae.qa.testcasesTenantAdmin.WorkflowListPageTestTA.validateExportWFDevelopmentAndImportInUATSATest(WorkflowListPageTestTA.java:432)
</failure>
    <system-out><![CDATA[The name of the testcase passed is :validateCreateUATSameCustomerTest
[DEBUG] 2023-04-29 18:49:54.187 [TestNG-test=AESanity-1] TestBase - Execution started
[INFO ] 2023-04-29 18:50:02.318 [TestNG-test=AESanity-1] TestBase - Browser started successfully
[INFO ] 2023-04-29 18:50:10.940 [TestNG-test=AESanity-1] TestBase - User is navigated to AE portal
validateExportWFDevelopmentAndImportInUATSATest test case started
Workflows Tab is clicked
Import button clicked
Enable RDP checkbox is unselected
Create Button is clicked
]]></system-out>
    <system-err><![CDATA[Starting ChromeDriver 112.0.5615.49 (bd2a7bcb881c11e8cfe3078709382934e3916914-refs/branch-heads/5615@{#936}) on port 18396
Only local connections are allowed.
Please see https://chromedriver.chromium.org/security-considerations for suggestions on keeping ChromeDriver safe.
ChromeDriver was started successfully.
Apr 29, 2023 6:50:02 PM org.openqa.selenium.remote.ProtocolHandshake createSession
INFO: Detected dialect: W3C
]]></system-err>
  </testcase>
  <testcase name="validateExportWFDevelopmentAndImportInEnterpriseSATest" classname="com.ae.qa.testcasesTenantAdmin.WorkflowListPageTestTA" time="11.998">
    <failure message="element click intercepted: Element &lt;span class=&quot;fa fa-download&quot;&gt;&lt;/span&gt; is not clickable at point (1241, 94). Other element would receive the click: &lt;div class=&quot;modal-backdrop fade show&quot;&gt;&lt;/div&gt;&#10;  (Session info: chrome=112.0.5615.138)&#10;Build info: version: &apos;3.141.59&apos;, revision: &apos;e82be7d358&apos;, time: &apos;2018-11-14T08:17:03&apos;&#10;System info: host: &apos;DESKTOP-5VHKQUJ&apos;, ip: &apos;192.168.0.103&apos;, os.name: &apos;Windows 10&apos;, os.arch: &apos;amd64&apos;, os.version: &apos;10.0&apos;, java.version: &apos;16.0.2&apos;&#10;Driver info: org.openqa.selenium.chrome.ChromeDriver&#10;Capabilities {acceptInsecureCerts: false, browserName: chrome, browserVersion: 112.0.5615.138, chrome: {chromedriverVersion: 112.0.5615.49 (bd2a7bcb881c..., userDataDir: C:\Users\DELL\AppData\Local...}, goog:chromeOptions: {debuggerAddress: localhost:60088}, javascriptEnabled: true, networkConnectionEnabled: false, pageLoadStrategy: normal, platform: WINDOWS, platformName: WINDOWS, proxy: Proxy(), setWindowRect: true, strictFileInteractability: false, timeouts: {implicit: 0, pageLoad: 300000, script: 30000}, unhandledPromptBehavior: dismiss and notify, webauthn:extension:credBlob: true, webauthn:extension:largeBlob: true, webauthn:extension:minPinLength: true, webauthn:extension:prf: true, webauthn:virtualAuthenticators: true}&#10;Session ID: 66d8db14e011fb8248cacdbc0530ca47" type="org.openqa.selenium.ElementClickInterceptedException"><![CDATA[org.openqa.selenium.ElementClickInterceptedException: element click intercepted: Element <span class="fa fa-download"></span> is not clickable at point (1241, 94). Other element would receive the click: <div class="modal-backdrop fade show"></div>
  (Session info: chrome=112.0.5615.138)
Build info: version: '3.141.59', revision: 'e82be7d358', time: '2018-11-14T08:17:03'
System info: host: 'DESKTOP-5VHKQUJ', ip: '192.168.0.103', os.name: 'Windows 10', os.arch: 'amd64', os.version: '10.0', java.version: '16.0.2'
Driver info: org.openqa.selenium.chrome.ChromeDriver
Capabilities {acceptInsecureCerts: false, browserName: chrome, browserVersion: 112.0.5615.138, chrome: {chromedriverVersion: 112.0.5615.49 (bd2a7bcb881c..., userDataDir: C:\Users\DELL\AppData\Local...}, goog:chromeOptions: {debuggerAddress: localhost:60088}, javascriptEnabled: true, networkConnectionEnabled: false, pageLoadStrategy: normal, platform: WINDOWS, platformName: WINDOWS, proxy: Proxy(), setWindowRect: true, strictFileInteractability: false, timeouts: {implicit: 0, pageLoad: 300000, script: 30000}, unhandledPromptBehavior: dismiss and notify, webauthn:extension:credBlob: true, webauthn:extension:largeBlob: true, webauthn:extension:minPinLength: true, webauthn:extension:prf: true, webauthn:virtualAuthenticators: true}
Session ID: 66d8db14e011fb8248cacdbc0530ca47
	at java.base/jdk.internal.reflect.NativeConstructorAccessorImpl.newInstance0(Native Method)
	at java.base/jdk.internal.reflect.NativeConstructorAccessorImpl.newInstance(NativeConstructorAccessorImpl.java:78)
	at java.base/jdk.internal.reflect.DelegatingConstructorAccessorImpl.newInstance(DelegatingConstructorAccessorImpl.java:45)
	at java.base/java.lang.reflect.Constructor.newInstanceWithCaller(Constructor.java:499)
	at java.base/java.lang.reflect.Constructor.newInstance(Constructor.java:480)
	at org.openqa.selenium.remote.http.W3CHttpResponseCodec.createException(W3CHttpResponseCodec.java:187)
	at org.openqa.selenium.remote.http.W3CHttpResponseCodec.decode(W3CHttpResponseCodec.java:122)
	at org.openqa.selenium.remote.http.W3CHttpResponseCodec.decode(W3CHttpResponseCodec.java:49)
	at org.openqa.selenium.remote.HttpCommandExecutor.execute(HttpCommandExecutor.java:158)
	at org.openqa.selenium.remote.service.DriverCommandExecutor.execute(DriverCommandExecutor.java:83)
	at org.openqa.selenium.remote.RemoteWebDriver.execute(RemoteWebDriver.java:552)
	at org.openqa.selenium.remote.RemoteWebElement.execute(RemoteWebElement.java:285)
	at org.openqa.selenium.remote.RemoteWebElement.click(RemoteWebElement.java:84)
	at jdk.internal.reflect.GeneratedMethodAccessor2.invoke(Unknown Source)
	at java.base/jdk.internal.reflect.DelegatingMethodAccessorImpl.invoke(DelegatingMethodAccessorImpl.java:43)
	at java.base/java.lang.reflect.Method.invoke(Method.java:567)
	at org.openqa.selenium.support.pagefactory.internal.LocatingElementHandler.invoke(LocatingElementHandler.java:51)
	at jdk.proxy2/jdk.proxy2.$Proxy28.click(Unknown Source)
	at com.ae.qa.pagesTenantAdmin.WorkflowListPageTA.ImportWorkflow(WorkflowListPageTA.java:1299)
	at com.ae.qa.pagesTenantAdmin.WorkflowListPageTA.validateExportImportWFforSameCustomer(WorkflowListPageTA.java:1521)
	at com.ae.qa.testcasesTenantAdmin.WorkflowListPageTestTA.validateExportWFDevelopmentAndImportInEnterpriseSATest(WorkflowListPageTestTA.java:443)
]]></failure>
    <system-out><![CDATA[The name of the testcase failed is :validateExportWFDevelopmentAndImportInUATSATest
[DEBUG] 2023-04-29 18:53:42.133 [TestNG-test=AESanity-1] TestBase - Execution started
[INFO ] 2023-04-29 18:53:47.269 [TestNG-test=AESanity-1] TestBase - Browser started successfully
[INFO ] 2023-04-29 18:53:56.734 [TestNG-test=AESanity-1] TestBase - User is navigated to AE portal
validateExportWFDevelopmentAndImportInEnterpriseSATest test case started
Workflows Tab is clicked
]]></system-out>
    <system-err><![CDATA[Starting ChromeDriver 112.0.5615.49 (bd2a7bcb881c11e8cfe3078709382934e3916914-refs/branch-heads/5615@{#936}) on port 16331
Only local connections are allowed.
Please see https://chromedriver.chromium.org/security-considerations for suggestions on keeping ChromeDriver safe.
ChromeDriver was started successfully.
Apr 29, 2023 6:53:47 PM org.openqa.selenium.remote.ProtocolHandshake createSession
INFO: Detected dialect: W3C
]]></system-err>
  </testcase>
  <testcase name="validateExportWFUATAndImportInEnterpriseSATest" classname="com.ae.qa.testcasesTenantAdmin.WorkflowListPageTestTA" time="215.602">
    <failure message="target frame detached&#10;  (failed to check if window was closed: disconnected: Unable to receive message from renderer)&#10;  (Session info: chrome=112.0.5615.138)&#10;Build info: version: &apos;3.141.59&apos;, revision: &apos;e82be7d358&apos;, time: &apos;2018-11-14T08:17:03&apos;&#10;System info: host: &apos;DESKTOP-5VHKQUJ&apos;, ip: &apos;192.168.0.103&apos;, os.name: &apos;Windows 10&apos;, os.arch: &apos;amd64&apos;, os.version: &apos;10.0&apos;, java.version: &apos;16.0.2&apos;&#10;Driver info: org.openqa.selenium.chrome.ChromeDriver&#10;Capabilities {acceptInsecureCerts: false, browserName: chrome, browserVersion: 112.0.5615.138, chrome: {chromedriverVersion: 112.0.5615.49 (bd2a7bcb881c..., userDataDir: C:\Users\DELL\AppData\Local...}, goog:chromeOptions: {debuggerAddress: localhost:60135}, javascriptEnabled: true, networkConnectionEnabled: false, pageLoadStrategy: normal, platform: WINDOWS, platformName: WINDOWS, proxy: Proxy(), setWindowRect: true, strictFileInteractability: false, timeouts: {implicit: 0, pageLoad: 300000, script: 30000}, unhandledPromptBehavior: dismiss and notify, webauthn:extension:credBlob: true, webauthn:extension:largeBlob: true, webauthn:extension:minPinLength: true, webauthn:extension:prf: true, webauthn:virtualAuthenticators: true}&#10;Session ID: 7cbf25769d94e56ebe87f11f0ad372ce&#10;*** Element info: {Using=id, value=wfPriority}" type="org.openqa.selenium.WebDriverException">org.openqa.selenium.WebDriverException: target frame detached
  (failed to check if window was closed: disconnected: Unable to receive message from renderer)
  (Session info: chrome=112.0.5615.138)
Build info: version: '3.141.59', revision: 'e82be7d358', time: '2018-11-14T08:17:03'
System info: host: 'DESKTOP-5VHKQUJ', ip: '192.168.0.103', os.name: 'Windows 10', os.arch: 'amd64', os.version: '10.0', java.version: '16.0.2'
Driver info: org.openqa.selenium.chrome.ChromeDriver
Capabilities {acceptInsecureCerts: false, browserName: chrome, browserVersion: 112.0.5615.138, chrome: {chromedriverVersion: 112.0.5615.49 (bd2a7bcb881c..., userDataDir: C:\Users\DELL\AppData\Local...}, goog:chromeOptions: {debuggerAddress: localhost:60135}, javascriptEnabled: true, networkConnectionEnabled: false, pageLoadStrategy: normal, platform: WINDOWS, platformName: WINDOWS, proxy: Proxy(), setWindowRect: true, strictFileInteractability: false, timeouts: {implicit: 0, pageLoad: 300000, script: 30000}, unhandledPromptBehavior: dismiss and notify, webauthn:extension:credBlob: true, webauthn:extension:largeBlob: true, webauthn:extension:minPinLength: true, webauthn:extension:prf: true, webauthn:virtualAuthenticators: true}
Session ID: 7cbf25769d94e56ebe87f11f0ad372ce
*** Element info: {Using=id, value=wfPriority}
	at java.base/jdk.internal.reflect.NativeConstructorAccessorImpl.newInstance0(Native Method)
	at java.base/jdk.internal.reflect.NativeConstructorAccessorImpl.newInstance(NativeConstructorAccessorImpl.java:78)
	at java.base/jdk.internal.reflect.DelegatingConstructorAccessorImpl.newInstance(DelegatingConstructorAccessorImpl.java:45)
	at java.base/java.lang.reflect.Constructor.newInstanceWithCaller(Constructor.java:499)
	at java.base/java.lang.reflect.Constructor.newInstance(Constructor.java:480)
	at org.openqa.selenium.remote.http.W3CHttpResponseCodec.createException(W3CHttpResponseCodec.java:187)
	at org.openqa.selenium.remote.http.W3CHttpResponseCodec.decode(W3CHttpResponseCodec.java:122)
	at org.openqa.selenium.remote.http.W3CHttpResponseCodec.decode(W3CHttpResponseCodec.java:49)
	at org.openqa.selenium.remote.HttpCommandExecutor.execute(HttpCommandExecutor.java:158)
	at org.openqa.selenium.remote.service.DriverCommandExecutor.execute(DriverCommandExecutor.java:83)
	at org.openqa.selenium.remote.RemoteWebDriver.execute(RemoteWebDriver.java:552)
	at org.openqa.selenium.remote.RemoteWebDriver.findElement(RemoteWebDriver.java:323)
	at org.openqa.selenium.remote.RemoteWebDriver.findElementById(RemoteWebDriver.java:372)
	at org.openqa.selenium.By$ById.findElement(By.java:188)
	at org.openqa.selenium.remote.RemoteWebDriver.findElement(RemoteWebDriver.java:315)
	at org.openqa.selenium.support.pagefactory.DefaultElementLocator.findElement(DefaultElementLocator.java:69)
	at org.openqa.selenium.support.pagefactory.internal.LocatingElementHandler.invoke(LocatingElementHandler.java:38)
	at jdk.proxy2/jdk.proxy2.$Proxy28.isDisplayed(Unknown Source)
	at org.openqa.selenium.support.ui.ExpectedConditions.elementIfVisible(ExpectedConditions.java:314)
	at org.openqa.selenium.support.ui.ExpectedConditions.access$000(ExpectedConditions.java:43)
	at org.openqa.selenium.support.ui.ExpectedConditions$10.apply(ExpectedConditions.java:300)
	at org.openqa.selenium.support.ui.ExpectedConditions$10.apply(ExpectedConditions.java:297)
	at org.openqa.selenium.support.ui.FluentWait.until(FluentWait.java:249)
	at com.ae.qa.pagesTenantAdmin.WorkflowListPageTA.ImportWorkflow(WorkflowListPageTA.java:1330)
	at com.ae.qa.pagesTenantAdmin.WorkflowListPageTA.validateExportImportWFforSameCustomer(WorkflowListPageTA.java:1555)
	at com.ae.qa.testcasesTenantAdmin.WorkflowListPageTestTA.validateExportWFUATAndImportInEnterpriseSATest(WorkflowListPageTestTA.java:454)
</failure>
    <system-out><![CDATA[The name of the testcase failed is :validateExportWFDevelopmentAndImportInEnterpriseSATest
[DEBUG] 2023-04-29 18:54:16.602 [TestNG-test=AESanity-1] TestBase - Execution started
[INFO ] 2023-04-29 18:54:24.469 [TestNG-test=AESanity-1] TestBase - Browser started successfully
[INFO ] 2023-04-29 18:54:34.462 [TestNG-test=AESanity-1] TestBase - User is navigated to AE portal
validateExportWFUATAndImportInEnterpriseSATest test case started
Workflows Tab is clicked
Import button clicked
Enable RDP checkbox is unselected
Create Button is clicked
Priority is set
Expected Completion Time in Seconds is set
Maximum Completion Time in Seconds is set
Cleanup Requests older than Hours fields is set
Manual Execution Time is set
Manual Execution time unit is set
Save button is clicked
Actual Message : Workflow updated successfully
Expected Message :Workflow updated successfully
Workflow updated
Workflow is enabled successfully
User signed out successfully
Workflows Tab is clicked
Clicked the Dropdown button
Clicked the Export option from dropdown
Clicked the Workflows dropdown 
Checked the Workflow name 
Clicked on export bottun
Actual success msg: Workflow Exported successfully
Expected success msg: Workflow Exported successfully
User signed out successfully
Workflows Tab is clicked
Import button clicked
Enable RDP checkbox is unselected
Create Button is clicked
]]></system-out>
    <system-err><![CDATA[Starting ChromeDriver 112.0.5615.49 (bd2a7bcb881c11e8cfe3078709382934e3916914-refs/branch-heads/5615@{#936}) on port 45205
Only local connections are allowed.
Please see https://chromedriver.chromium.org/security-considerations for suggestions on keeping ChromeDriver safe.
ChromeDriver was started successfully.
Apr 29, 2023 6:54:24 PM org.openqa.selenium.remote.ProtocolHandshake createSession
INFO: Detected dialect: W3C
[1682774889.958][SEVERE]: Unable to receive message from renderer
]]></system-err>
  </testcase>
  <testcase name="getResult" classname="com.ae.qa.testcasesTenantAdmin.WorkflowListPageTestTA" time="215.603">
    <failure message="disconnected: not connected to DevTools&#10;  (failed to check if window was closed: disconnected: not connected to DevTools)&#10;  (Session info: chrome=112.0.5615.138)&#10;Build info: version: &apos;3.141.59&apos;, revision: &apos;e82be7d358&apos;, time: &apos;2018-11-14T08:17:03&apos;&#10;System info: host: &apos;DESKTOP-5VHKQUJ&apos;, ip: &apos;192.168.0.103&apos;, os.name: &apos;Windows 10&apos;, os.arch: &apos;amd64&apos;, os.version: &apos;10.0&apos;, java.version: &apos;16.0.2&apos;&#10;Driver info: org.openqa.selenium.chrome.ChromeDriver&#10;Capabilities {acceptInsecureCerts: false, browserName: chrome, browserVersion: 112.0.5615.138, chrome: {chromedriverVersion: 112.0.5615.49 (bd2a7bcb881c..., userDataDir: C:\Users\DELL\AppData\Local...}, goog:chromeOptions: {debuggerAddress: localhost:60135}, javascriptEnabled: true, networkConnectionEnabled: false, pageLoadStrategy: normal, platform: WINDOWS, platformName: WINDOWS, proxy: Proxy(), setWindowRect: true, strictFileInteractability: false, timeouts: {implicit: 0, pageLoad: 300000, script: 30000}, unhandledPromptBehavior: dismiss and notify, webauthn:extension:credBlob: true, webauthn:extension:largeBlob: true, webauthn:extension:minPinLength: true, webauthn:extension:prf: true, webauthn:virtualAuthenticators: true}&#10;Session ID: 7cbf25769d94e56ebe87f11f0ad372ce" type="org.openqa.selenium.WebDriverException">org.openqa.selenium.WebDriverException: disconnected: not connected to DevTools
  (failed to check if window was closed: disconnected: not connected to DevTools)
  (Session info: chrome=112.0.5615.138)
Build info: version: '3.141.59', revision: 'e82be7d358', time: '2018-11-14T08:17:03'
System info: host: 'DESKTOP-5VHKQUJ', ip: '192.168.0.103', os.name: 'Windows 10', os.arch: 'amd64', os.version: '10.0', java.version: '16.0.2'
Driver info: org.openqa.selenium.chrome.ChromeDriver
Capabilities {acceptInsecureCerts: false, browserName: chrome, browserVersion: 112.0.5615.138, chrome: {chromedriverVersion: 112.0.5615.49 (bd2a7bcb881c..., userDataDir: C:\Users\DELL\AppData\Local...}, goog:chromeOptions: {debuggerAddress: localhost:60135}, javascriptEnabled: true, networkConnectionEnabled: false, pageLoadStrategy: normal, platform: WINDOWS, platformName: WINDOWS, proxy: Proxy(), setWindowRect: true, strictFileInteractability: false, timeouts: {implicit: 0, pageLoad: 300000, script: 30000}, unhandledPromptBehavior: dismiss and notify, webauthn:extension:credBlob: true, webauthn:extension:largeBlob: true, webauthn:extension:minPinLength: true, webauthn:extension:prf: true, webauthn:virtualAuthenticators: true}
Session ID: 7cbf25769d94e56ebe87f11f0ad372ce
	at java.base/jdk.internal.reflect.NativeConstructorAccessorImpl.newInstance0(Native Method)
	at java.base/jdk.internal.reflect.NativeConstructorAccessorImpl.newInstance(NativeConstructorAccessorImpl.java:78)
	at java.base/jdk.internal.reflect.DelegatingConstructorAccessorImpl.newInstance(DelegatingConstructorAccessorImpl.java:45)
	at java.base/java.lang.reflect.Constructor.newInstanceWithCaller(Constructor.java:499)
	at java.base/java.lang.reflect.Constructor.newInstance(Constructor.java:480)
	at org.openqa.selenium.remote.http.W3CHttpResponseCodec.createException(W3CHttpResponseCodec.java:187)
	at org.openqa.selenium.remote.http.W3CHttpResponseCodec.decode(W3CHttpResponseCodec.java:122)
	at org.openqa.selenium.remote.http.W3CHttpResponseCodec.decode(W3CHttpResponseCodec.java:49)
	at org.openqa.selenium.remote.HttpCommandExecutor.execute(HttpCommandExecutor.java:158)
	at org.openqa.selenium.remote.service.DriverCommandExecutor.execute(DriverCommandExecutor.java:83)
	at org.openqa.selenium.remote.RemoteWebDriver.execute(RemoteWebDriver.java:552)
	at org.openqa.selenium.remote.RemoteWebDriver.execute(RemoteWebDriver.java:609)
	at org.openqa.selenium.remote.RemoteWebDriver.getScreenshotAs(RemoteWebDriver.java:295)
	at com.ae.qa.base.TestBase.getScreenShot(TestBase.java:114)
	at com.ae.qa.base.TestBase.getResult(TestBase.java:204)
	at jdk.internal.reflect.GeneratedMethodAccessor6.invoke(Unknown Source)
	at java.base/jdk.internal.reflect.DelegatingMethodAccessorImpl.invoke(DelegatingMethodAccessorImpl.java:43)
	at java.base/java.lang.reflect.Method.invoke(Method.java:567)
	at org.testng.internal.invokers.MethodInvocationHelper.invokeMethod(MethodInvocationHelper.java:139)
	at org.testng.internal.invokers.MethodInvocationHelper.invokeMethodConsideringTimeout(MethodInvocationHelper.java:69)
	at org.testng.internal.invokers.ConfigInvoker.invokeConfigurationMethod(ConfigInvoker.java:361)
	at org.testng.internal.invokers.ConfigInvoker.invokeConfigurations(ConfigInvoker.java:296)
	at org.testng.internal.invokers.TestInvoker.runConfigMethods(TestInvoker.java:816)
	at org.testng.internal.invokers.TestInvoker.runAfterConfigurations(TestInvoker.java:785)
	at org.testng.internal.invokers.TestInvoker.invokeMethod(TestInvoker.java:761)
	at org.testng.internal.invokers.TestInvoker.invokeTestMethod(TestInvoker.java:221)
	at org.testng.internal.invokers.MethodRunner.runInSequence(MethodRunner.java:50)
	at org.testng.internal.invokers.TestInvoker$MethodInvocationAgent.invoke(TestInvoker.java:962)
	at org.testng.internal.invokers.TestInvoker.invokeTestMethods(TestInvoker.java:194)
	at org.testng.internal.invokers.TestMethodWorker.invokeTestMethods(TestMethodWorker.java:148)
	at org.testng.internal.invokers.TestMethodWorker.run(TestMethodWorker.java:128)
	at java.base/java.util.concurrent.ThreadPoolExecutor.runWorker(ThreadPoolExecutor.java:1130)
	at java.base/java.util.concurrent.ThreadPoolExecutor$Worker.run(ThreadPoolExecutor.java:630)
	at java.base/java.lang.Thread.run(Thread.java:831)
</failure>
    <system-out><![CDATA[The name of the testcase failed is :validateExportWFUATAndImportInEnterpriseSATest
]]></system-out>
  </testcase>
  <testcase name="getResult" classname="com.ae.qa.testcasesTenantAdmin.WorkflowListPageTestTA" time="0">
    <skipped/>
    <system-out><![CDATA[The name of the testcase Skipped is :validateImportWFAssistedAgent
]]></system-out>
  </testcase>
  <testcase name="validateDeleteIntegrationTypeTest" classname="com.ae.qa.testcases.IntegrationTypesPageTest" time="35.745"/>
  <testcase name="ValidateRemoveWFFromCategoryTest" classname="com.ae.qa.testcasesTenantAdmin.CategoriesPageTestTA" time="37.334"/>
  <testcase name="validateDeleteAgentTest" classname="com.ae.qa.testcasesTenantAdmin.AgentListPageTestTA" time="77.601"/>
  <testcase name="validateassignAssistedAgentToUser" classname="com.ae.qa.testcasesTenantAdmin.AgentListPageTestTA" time="30.972"/>
  <testcase name="validateDownloadAssistedAgentTest" classname="com.ae.qa.testcasesTenantAdmin.AgentListPageTestTA" time="136.367"/>
  <testcase name="validatecheckStatusOfAssistedAgent" classname="com.ae.qa.testcasesTenantAdmin.AgentListPageTestTA" time="30.58"/>
  <testcase name="validateunassignAssistedAgentToUser" classname="com.ae.qa.testcasesTenantAdmin.AgentListPageTestTA" time="86.657"/>
  <testcase name="ValidateEditAssistedAgentName" classname="com.ae.qa.testcasesTenantAdmin.AgentListPageTestTA" time="27.814"/>
  <testcase name="initialization" classname="com.ae.qa.testcasesTenantAdmin.WorkflowListPageTestTA" time="0">
    <skipped/>
    <system-out><![CDATA[The name of the testcase passed is :ValidateEditAssistedAgentName
]]></system-out>
  </testcase>
  <testcase name="validateImportWFAssistedAgent" classname="com.ae.qa.testcasesTenantAdmin.WorkflowListPageTestTA" time="0">
    <skipped/>
    <system-out><![CDATA[validateImportWFAssistedAgent test case started
]]></system-out>
  </testcase>
  <testcase name="validateAssistedAgentLogsTest" classname="com.ae.qa.testcasesTenantAdmin.AgentLogsPageTestTA" time="66.239"/>
  <testcase name="ValidateDeletePSTest" classname="com.ae.qa.testcases.ArtifactsPageTest" time="24.521"/>
  <testcase name="ValidateDeleteCategoryTest" classname="com.ae.qa.testcasesTenantAdmin.CategoriesPageTestTA" time="34.125"/>
  <testcase name="validateDeleteSmtpServerTATest" classname="com.ae.qa.testcasesTenantAdmin.SmtpPageTestTA" time="17.902"/>
</testsuite>