<?xml version="1.0" encoding="UTF-8"?>
<!-- Generated by org.testng.reporters.JUnitReportReporter -->
<testsuite hostname="DESKTOP-5VHKQUJ" failures="0" tests="2" name="com.ae.qa.testcasesTenantAdmin.ExternalAppsTestTA" time="70.221" errors="0" timestamp="2023-05-03T11:35:42 IST" skipped="0">
  <testcase classname="com.ae.qa.testcasesTenantAdmin.ExternalAppsTestTA" name="validateExternalAppsPageTATest" time="46.090"/>
  <system-out>
    <![CDATA[User log in Successfully
Actual page title displayed on screen is: External Apps and Expected page title is: External Apps
Respective Page is clicked and appropriate page is loaded properly
User signed out successfully]]>
  </system-out>
  <testcase classname="com.ae.qa.testcasesTenantAdmin.ExternalAppsTestTA" name="validateUnRegisterExternalAppTATest" time="24.131"/>
  <system-out>
    <![CDATA[User log in Successfully
Actual Success Message:-App unregistered
Expected Success Message:-App unregistered
External apps is deregistered successfully
User signed out successfully]]>
  </system-out>
</testsuite> <!-- com.ae.qa.testcasesTenantAdmin.ExternalAppsTestTA -->
