<?xml version="1.0" encoding="UTF-8"?>
<!-- Generated by org.testng.reporters.JUnitReportReporter -->
<testsuite hostname="DESKTOP-5VHKQUJ" failures="0" tests="1" name="com.ae.qa.testcases.PluginsPageTest" time="40.305" errors="0" timestamp="2023-05-07T12:32:58 IST" skipped="0">
  <testcase classname="com.ae.qa.testcases.PluginsPageTest" name="validateAdvSearchInvalidDataPluginPageTest" time="40.305"/>
  <system-out>
    <![CDATA[User log in Successfully
Advanced Search is clicked
Release Version is selected
equal to comparator is selected
Add filter button is clicked successfully
Search button is clicked]]>
  </system-out>
</testsuite> <!-- com.ae.qa.testcases.PluginsPageTest -->
