<?xml version="1.0" encoding="UTF-8"?>
<!-- Generated by org.testng.reporters.JUnitReportReporter -->
<testsuite hostname="DESKTOP-5VHKQUJ" failures="0" tests="1" name="com.ae.qa.testcases.ServerLogsPageTest" time="30.947" errors="0" timestamp="2023-05-08T15:37:12 IST" skipped="0">
  <testcase classname="com.ae.qa.testcases.ServerLogsPageTest" name="selectBothStartDateAndEndDateTest" time="30.947"/>
  <system-out>
    <![CDATA[User logged in successfully
Clicked on logs tab
Clicked on server logs tab
Selected Custom duration from dropdown
Clicked on download btn
Server logs download started Successfully]]>
  </system-out>
</testsuite> <!-- com.ae.qa.testcases.ServerLogsPageTest -->
