<?xml version="1.0" encoding="UTF-8"?>
<!-- Generated by org.testng.reporters.JUnitReportReporter -->
<testsuite hostname="DESKTOP-5VHKQUJ" failures="0" tests="1" name="com.ae.qa.testcasesTenantAdmin.HomePageTestTA" time="92.774" errors="0" timestamp="2023-04-30T17:17:44 IST" skipped="0">
  <testcase classname="com.ae.qa.testcasesTenantAdmin.HomePageTestTA" name="validateLicenseDetailTabTest" time="92.774"/>
  <system-out>
    <![CDATA[User log in Successfully
Home Tab is clicked
License Details Tab is clicked
DEVELOPMENT
10
20
3
10000
30
15-Sep-2022
14-Sep-2023
Actual License details :-[DEVELOPMENT, 10, 20, 3, 10000, 30, 15-Sep-2022, 14-Sep-2023]
Expected License details :-[DEVELOPMENT, 10, 20, 3, 10000, 30, 15-Sep-2022, 14-Sep-2023]
License details are validated successfully
User signed out successfully]]>
  </system-out>
</testsuite> <!-- com.ae.qa.testcasesTenantAdmin.HomePageTestTA -->
