<?xml version="1.0" encoding="UTF-8"?>
<!-- Generated by org.testng.reporters.JUnitReportReporter -->
<testsuite hostname="DESKTOP-5VHKQUJ" failures="0" tests="4" name="com.ae.qa.testcases.IntegrationTypesPageTest" time="167.381" errors="0" timestamp="2023-04-29T19:10:09 IST" skipped="0">
  <testcase classname="com.ae.qa.testcases.IntegrationTypesPageTest" name="validateAddIntegrationTypesTest" time="45.327"/>
  <system-out>
    <![CDATA[User log in Successfully
Submit Button is clicked
Integration type created successfully]]>
  </system-out>
  <testcase classname="com.ae.qa.testcases.IntegrationTypesPageTest" name="validateEditIntegrationTypesTest" time="40.028"/>
  <system-out>
    <![CDATA[User log in Successfully
Edit button is clicked
Submit Button is clicked
Integration type updated successfully]]>
  </system-out>
  <testcase classname="com.ae.qa.testcases.IntegrationTypesPageTest" name="validateIntegrationTypePageTest" time="36.147"/>
  <system-out>
    <![CDATA[User log in Successfully
Actual page title displayed on screen is: Types and Expected page title is: Types
Respective Page is clicked and appropriate page is loaded properly]]>
  </system-out>
  <testcase classname="com.ae.qa.testcases.IntegrationTypesPageTest" name="validateDeleteIntegrationTypeTest" time="45.879"/>
  <system-out>
    <![CDATA[User log in Successfully
Actual success msg is: Integration type [RemedyForce] deleted successfully
Expected success msg is: Integration type [RemedyForce] deleted successfully
Integration type is deleted successfully]]>
  </system-out>
</testsuite> <!-- com.ae.qa.testcases.IntegrationTypesPageTest -->
