<?xml version="1.0" encoding="UTF-8"?>
<!-- Generated by org.testng.reporters.JUnitReportReporter -->
<testsuite hostname="DESKTOP-5VHKQUJ" failures="0" tests="4" name="com.ae.qa.testcasesTenantAdmin.AgentLogsPageTestTA" time="219.539" errors="0" timestamp="2023-04-29T19:10:11 IST" skipped="0">
  <testcase classname="com.ae.qa.testcasesTenantAdmin.AgentLogsPageTestTA" name="validateAgentLogsTest" time="74.641"/>
  <system-out>
    <![CDATA[User logged in successfully
Agent Logs Tab is clicked
New Request button is clicked
agent Radio button is selected by default
Agent is been selected
Start Date selected
End Date selected
Agent log submitted successfully
Actual Success Msg:Request submitted successfully
Expected Success Msg:Request submitted successfully
Agent logs request submitted successfully
Actual Success Msg:Download started
Expected Success Msg:Download started
Agents log downloaded successfully for Agent DELL@DESKTOP-5VHKQUJ
User signed out successfully]]>
  </system-out>
  <testcase classname="com.ae.qa.testcasesTenantAdmin.AgentLogsPageTestTA" name="validateWorkflowLogsTest" time="44.213"/>
  <system-out>
    <![CDATA[User logged in successfully
Agent Logs Tab is clicked
New Request button is clicked
Request Radio Button is selected
Request ID entered.
Actual Success Msg:Request submitted successfully
Expected Success Msg:Request submitted successfully
Workflow logs request submitted successfully
Actual Success Msg:Download started
Expected Success Msg:Download started
Workflow log downloaded successfully for Workflow InstanceID 1
User signed out successfully]]>
  </system-out>
  <testcase classname="com.ae.qa.testcasesTenantAdmin.AgentLogsPageTestTA" name="validateAgentLogsPageTATest" time="27.811"/>
  <system-out>
    <![CDATA[User log in Successfully
Actual page title displayed on screen is: Agent Logs and Expected page title is: Agent Logs
Respective Page is clicked and appropriate page is loaded properly
User signed out successfully]]>
  </system-out>
  <testcase classname="com.ae.qa.testcasesTenantAdmin.AgentLogsPageTestTA" name="validateAssistedAgentLogsTest" time="72.874"/>
  <system-out>
    <![CDATA[User logged in successfully
Agent Logs Tab is clicked
New Request button is clicked
agent Radio button is selected by default
Agent is been selected
Start Date selected
End Date selected
Agent log submitted successfully
Actual Success Msg:Request submitted successfully
Expected Success Msg:Request submitted successfully
Agent logs request submitted successfully
Actual Success Msg:Download started
Expected Success Msg:Download started
Agents log downloaded successfully for Agent DELL@DESKTOP-5VHKQUJ
User signed out successfully]]>
  </system-out>
</testsuite> <!-- com.ae.qa.testcasesTenantAdmin.AgentLogsPageTestTA -->
