<?xml version="1.0" encoding="UTF-8"?>
<!-- Generated by org.testng.reporters.JUnitReportReporter -->
<testsuite hostname="DESKTOP-5VHKQUJ" failures="0" tests="1" name="com.ae.qa.testcasesTenantAdmin.LoginPageTestTA" time="17.028" errors="0" timestamp="2023-04-29T19:10:11 IST" skipped="0">
  <testcase classname="com.ae.qa.testcasesTenantAdmin.LoginPageTestTA" name="ValidateFirstTimeTALoginTest" time="17.028"/>
  <system-out>
    <![CDATA[User changed first time password of User Successfully]]>
  </system-out>
</testsuite> <!-- com.ae.qa.testcasesTenantAdmin.LoginPageTestTA -->
