<?xml version="1.0" encoding="UTF-8"?>
<!-- Generated by org.testng.reporters.JUnitReportReporter -->
<testsuite hostname="DESKTOP-5VHKQUJ" failures="0" tests="2" name="com.ae.qa.testcases.SmtpPageTest" time="97.721" errors="0" timestamp="2023-04-29T19:10:11 IST" skipped="0">
  <testcase classname="com.ae.qa.testcases.SmtpPageTest" name="validateAddSmtpServerTest" time="63.183"/>
  <system-out>
    <![CDATA[User log in Successfully
Add smtp config button clicked
Test connection successfully
SMTP configured successfully]]>
  </system-out>
  <testcase classname="com.ae.qa.testcases.SmtpPageTest" name="validateSMTPPageTest" time="34.538"/>
  <system-out>
    <![CDATA[User log in Successfully
Actual page title displayed on screen is: Email Configuration and Expected page title is: Email Configuration
Respective Page is clicked and appropriate page is loaded properly]]>
  </system-out>
</testsuite> <!-- com.ae.qa.testcases.SmtpPageTest -->
