<?xml version="1.0" encoding="UTF-8"?>
<!-- Generated by org.testng.reporters.JUnitReportReporter -->
<testsuite hostname="DESKTOP-5VHKQUJ" failures="0" tests="3" name="com.ae.qa.testcases.WorkflowsPageTest" time="100.193" errors="0" timestamp="2023-04-29T19:10:10 IST" skipped="0">
  <testcase classname="com.ae.qa.testcases.WorkflowsPageTest" name="validateDisableWorkflowsTest" time="33.972"/>
  <system-out>
    <![CDATA[User log in Successfully
Opertaion of Disable all workflows is selected from dropdown
Plugin Update checkbox selected
Disable button is selected, now verify message
Message get after disabling workflow: Workflow disabled
Workflow disabled successfully]]>
  </system-out>
  <testcase classname="com.ae.qa.testcases.WorkflowsPageTest" name="validateEnableWorkflowsTest" time="37.641"/>
  <system-out>
    <![CDATA[User log in Successfully
Opertaion of Enable all workflows is selected from dropdown
Plugin Update checkbox selected
Enable button is selected, now verify message
Message get after enabling workflow: Workflow enabled successfully
Workflow enabled successfully]]>
  </system-out>
  <testcase classname="com.ae.qa.testcases.WorkflowsPageTest" name="validateWorkflowsPageTest" time="28.580"/>
  <system-out>
    <![CDATA[User log in Successfully
Actual page title displayed on screen is: Workflow Operations and Expected page title is: Workflow Operations
Respective Page is clicked and appropriate page is loaded properly]]>
  </system-out>
</testsuite> <!-- com.ae.qa.testcases.WorkflowsPageTest -->
