<?xml version="1.0" encoding="UTF-8"?>
<!-- Generated by org.testng.reporters.JUnitReportReporter -->
<testsuite hostname="DESKTOP-5VHKQUJ" failures="0" tests="6" name="com.ae.qa.testcases.SecurityQuestionsPageTest" time="237.030" errors="0" timestamp="2023-04-29T19:10:11 IST" skipped="0">
  <testcase classname="com.ae.qa.testcases.SecurityQuestionsPageTest" name="validateSkipQuesTest" time="31.309"/>
  <system-out>
    <![CDATA[User log in Successfully
User skipped the set security question and navigated to Tenants Tab]]>
  </system-out>
  <testcase classname="com.ae.qa.testcases.SecurityQuestionsPageTest" name="validateSecurityQuesTest" time="42.895"/>
  <system-out>
    <![CDATA[User log in Successfully
Security questions set successfully]]>
  </system-out>
  <testcase classname="com.ae.qa.testcases.SecurityQuestionsPageTest" name="validateUpdatingSecQuesWithWrongPswdTest" time="39.984"/>
  <system-out>
    <![CDATA[User log in Successfully
Security questions can not be updated due to wrong password]]>
  </system-out>
  <testcase classname="com.ae.qa.testcases.SecurityQuestionsPageTest" name="validateUpdatingSecurityQuesTest" time="39.588"/>
  <system-out>
    <![CDATA[User log in Successfully
Security questions updated successfully]]>
  </system-out>
  <testcase classname="com.ae.qa.testcases.SecurityQuestionsPageTest" name="validateSkipThenSetQuesTest" time="52.119"/>
  <system-out>
    <![CDATA[User changed first time password of sysadmin Successfully
User log in Successfully
User first skip the security question and then set security questions successfully]]>
  </system-out>
  <testcase classname="com.ae.qa.testcases.SecurityQuestionsPageTest" name="validateSecurityQuestionsPageTest" time="31.135"/>
  <system-out>
    <![CDATA[User log in Successfully
Actual page title displayed on screen is: Reset Security Questions and Expected page title is: Reset Security Questions
Respective Page is clicked and appropriate page is loaded properly]]>
  </system-out>
</testsuite> <!-- com.ae.qa.testcases.SecurityQuestionsPageTest -->
