<?xml version="1.0" encoding="UTF-8"?>
<!-- Generated by org.testng.reporters.JUnitReportReporter -->
<testsuite hostname="DESKTOP-5VHKQUJ" failures="0" tests="4" name="com.ae.qa.testcases.FileManagementPageTest" time="172.295" errors="0" timestamp="2023-04-29T19:10:09 IST" skipped="0">
  <testcase classname="com.ae.qa.testcases.FileManagementPageTest" name="validateUploadDriverTest" time="43.224"/>
  <system-out>
    <![CDATA[User log in Successfully
Upload Button is clicked
Plugin Name is selected
Submit button is clicked
Chrome driver uploaded successfully]]>
  </system-out>
  <testcase classname="com.ae.qa.testcases.FileManagementPageTest" name="validateFileManagmentPageTest" time="29.489"/>
  <system-out>
    <![CDATA[User log in Successfully
Actual page title displayed on screen is: Plugin Files and Expected page title is: Plugin Files
Respective Page is clicked and appropriate page is loaded properly]]>
  </system-out>
  <testcase classname="com.ae.qa.testcases.FileManagementPageTest" name="validateEditUploadDriverTest" time="46.084"/>
  <system-out>
    <![CDATA[User log in Successfully
File Management tab is clicked successfully
Edit button is clicked successfully
Submit button is clicked
Chrome driver is edited successfully]]>
  </system-out>
  <testcase classname="com.ae.qa.testcases.FileManagementPageTest" name="validateDeleteUploadDriverTest" time="53.498"/>
  <system-out>
    <![CDATA[User log in Successfully
File Management tab is clicked successfully
Delete button is clicked successfully
Chrome driver is deleted successfully]]>
  </system-out>
</testsuite> <!-- com.ae.qa.testcases.FileManagementPageTest -->
