<?xml version="1.0" encoding="UTF-8"?>
<!-- Generated by org.testng.reporters.JUnitReportReporter -->
<testsuite hostname="DESKTOP-5VHKQUJ" failures="0" tests="4" name="com.ae.qa.testcases.InformationPageTest" time="161.133" errors="0" timestamp="2023-04-29T19:10:09 IST" skipped="0">
  <testcase classname="com.ae.qa.testcases.InformationPageTest" name="validateLastLoginTest" time="34.336"/>
  <system-out>
    <![CDATA[User logged in successfully
Last login time displayed successfully]]>
  </system-out>
  <testcase classname="com.ae.qa.testcases.InformationPageTest" name="validateViewProfileTest" time="51.554"/>
  <system-out>
    <![CDATA[User logged in successfully
Profile details validation successfully.]]>
  </system-out>
  <testcase classname="com.ae.qa.testcases.InformationPageTest" name="validateChangePasswordTest" time="42.893"/>
  <system-out/>
  <testcase classname="com.ae.qa.testcases.InformationPageTest" name="validateAboutTabTest" time="32.350"/>
  <system-out>
    <![CDATA[User log in successfully]]>
  </system-out>
</testsuite> <!-- com.ae.qa.testcases.InformationPageTest -->
