<?xml version="1.0" encoding="UTF-8"?>
<!-- Generated by org.testng.reporters.JUnitReportReporter -->
<testsuite hostname="DESKTOP-5VHKQUJ" failures="0" tests="3" name="com.ae.qa.testcasesTenantAdmin.SmtpPageTestTA" time="104.833" errors="0" timestamp="2023-04-29T19:10:11 IST" skipped="0">
  <testcase classname="com.ae.qa.testcasesTenantAdmin.SmtpPageTestTA" name="validateAddSmtpServerTATest" time="49.016"/>
  <system-out>
    <![CDATA[User logged in successfully
Settings tab clicked
SMTP tab clicked
Add smtp config button clicked
Tested connection successfully
Smtp configured successfully
User signed out successfully]]>
  </system-out>
  <testcase classname="com.ae.qa.testcasesTenantAdmin.SmtpPageTestTA" name="validateEditSmtpServerTATest" time="33.768"/>
  <system-out>
    <![CDATA[User logged in successfully
Settings tab clicked
SMTP tab clicked
Edit button clicked
Tested connection successfully
Smtp edited successfully
User signed out successfully]]>
  </system-out>
  <testcase classname="com.ae.qa.testcasesTenantAdmin.SmtpPageTestTA" name="validateDeleteSmtpServerTATest" time="22.049"/>
  <system-out>
    <![CDATA[User logged in successfully
Settings tab clicked
SMTP tab clicked
Delete button clicked
Confirmation popup agree for deletion
Smtp Configuration details deleted successfully
User signed out successfully]]>
  </system-out>
</testsuite> <!-- com.ae.qa.testcasesTenantAdmin.SmtpPageTestTA -->
