<?xml version="1.0" encoding="UTF-8"?>
<!-- Generated by org.testng.reporters.JUnitReportReporter -->
<testsuite hostname="DESKTOP-5VHKQUJ" failures="0" tests="6" name="com.ae.qa.testcases.PluginsPageTest" time="495.226" errors="0" timestamp="2023-04-29T19:10:09 IST" skipped="0">
  <testcase classname="com.ae.qa.testcases.PluginsPageTest" name="validateUploadPluginsTest" time="222.667"/>
  <system-out>
    <![CDATA[User log in Successfully
Plugins Tab is selected
Upload zip button clicked
Plugin zip started uploading
Upgrade all plugin checkbox is selected
Assign to all checkbox is selected
Save button is selected
User log in Successfully
Plugins Tab is selected
Upload zip button clicked
Plugin zip started uploading
Upgrade all plugin checkbox is selected
Assign to all checkbox is selected
Save button is selected]]>
  </system-out>
  <testcase classname="com.ae.qa.testcases.PluginsPageTest" name="validateUploadSinglePluginsTest" time="39.922"/>
  <system-out>
    <![CDATA[User log in Successfully
Plugins Tab is selected
New Plugin button clicked
Single Plugin Jar started uploading
Single plugin jar uploaded successfully]]>
  </system-out>
  <testcase classname="com.ae.qa.testcases.PluginsPageTest" name="validatePluginsPageTest" time="42.305"/>
  <system-out>
    <![CDATA[User log in Successfully
Actual page title displayed on screen is: Plugins and Expected page title is: Plugins
Respective Page is clicked and appropriate page is loaded properly]]>
  </system-out>
  <testcase classname="com.ae.qa.testcases.PluginsPageTest" name="validateUploadSameSinglePluginTest" time="91.995"/>
  <system-out>
    <![CDATA[User log in Successfully
Plugins Tab is selected
New Plugin button clicked
Single Plugin Jar started uploading
Same plugin jar not uploaded successfully]]>
  </system-out>
  <testcase classname="com.ae.qa.testcases.PluginsPageTest" name="validateUploadSinglePluginSameVersionTest" time="55.123"/>
  <system-out>
    <![CDATA[User log in Successfully
New Plugin button clicked
actual success msg is: Duplicate plugin name [GUI-Automation]
expected success msg is: Duplicate plugin name [GUI-Automation]
Single plugin jar with same version is not uploaded successfully]]>
  </system-out>
  <testcase classname="com.ae.qa.testcases.PluginsPageTest" name="validateSinglePluginUploadLowerVersionTest" time="43.214"/>
  <system-out>
    <![CDATA[User log in Successfully
Single plugin jar of lower version is uploaded successfully]]>
  </system-out>
</testsuite> <!-- com.ae.qa.testcases.PluginsPageTest -->
