<?xml version="1.0" encoding="UTF-8"?>
<!-- Generated by org.testng.reporters.JUnitReportReporter -->
<testsuite hostname="DESKTOP-5VHKQUJ" failures="0" tests="4" name="com.ae.qa.testcases.SysadminPolicyPageTest" time="379.656" errors="0" timestamp="2023-04-29T19:10:11 IST" skipped="0">
  <testcase classname="com.ae.qa.testcases.SysadminPolicyPageTest" name="validatePswdComplexityTest" time="50.047"/>
  <system-out>
    <![CDATA[User log in Successfully]]>
  </system-out>
  <testcase classname="com.ae.qa.testcases.SysadminPolicyPageTest" name="validatePasswordHistoryTest" time="114.554"/>
  <system-out>
    <![CDATA[User changed first time password of sysadmin Successfully
User log in Successfully
Below validation validates number of password to be checked is equal to what user set in confirm Policy pop-up
Password policy updated
Password History of sysadmin validated successfully]]>
  </system-out>
  <testcase classname="com.ae.qa.testcases.SysadminPolicyPageTest" name="validateNoOfAttemptsTest" time="183.615"/>
  <system-out>
    <![CDATA[User log in Successfully
Security questions set successfully
User log in Successfully
Sysadmin Policy tab clicked
Below validation validates no.of attempts for wrong password is equal to what user set in confirm Policy pop-up
No. of attempts is validated successfully]]>
  </system-out>
  <testcase classname="com.ae.qa.testcases.SysadminPolicyPageTest" name="validateSysadminPolicyPageTest" time="31.440"/>
  <system-out>
    <![CDATA[User log in Successfully
Actual page title displayed on screen is: Sysadmin Policy and Expected page title is: Sysadmin Policy
Respective Page is clicked and appropriate page is loaded properly]]>
  </system-out>
</testsuite> <!-- com.ae.qa.testcases.SysadminPolicyPageTest -->
