<?xml version="1.0" encoding="UTF-8"?>
<!-- Generated by org.testng.reporters.JUnitReportReporter -->
<testsuite hostname="DESKTOP-5VHKQUJ" failures="0" tests="5" name="com.ae.qa.testcases.SystemSettingsPageTest" time="210.830" errors="0" timestamp="2023-04-29T19:10:10 IST" skipped="0">
  <testcase classname="com.ae.qa.testcases.SystemSettingsPageTest" name="validateAgentServerNotSetTest" time="69.179"/>
  <system-out>
    <![CDATA[User logged in successfully
Server Settings are not done, validated successfully
User changed first time password of sysadmin Successfully
User LogIn Succesfully
User navigated to Agents Tab
When server settings are not done & user try to download agent.Popup is : It seems you have not configured the server URL for this server. Please contact administrator
Agent can't be download due ro server settings,Error validated successfully]]>
  </system-out>
  <testcase classname="com.ae.qa.testcases.SystemSettingsPageTest" name="validateInvalidURLTest" time="29.817"/>
  <system-out>
    <![CDATA[User logged in successfully
Settings tab clicked
configure button is clicked
Started configuring server url
Verify button is clicked]]>
  </system-out>
  <testcase classname="com.ae.qa.testcases.SystemSettingsPageTest" name="validateServerUrlTest" time="33.048"/>
  <system-out>
    <![CDATA[User logged in successfully
Settings tab clicked
configure button is clicked
Started configuring server url
Verify button is clicked
System Settings saved]]>
  </system-out>
  <testcase classname="com.ae.qa.testcases.SystemSettingsPageTest" name="validateEditCleanUpRequest" time="43.856"/>
  <system-out>
    <![CDATA[User logged in successfully
configure button is clicked
Started configuring server url
Server URL field edited Successfully
Clean Up Requests Hours field edited Successfully
Verify button is clicked
System Settings saved]]>
  </system-out>
  <testcase classname="com.ae.qa.testcases.SystemSettingsPageTest" name="validateSystemSettingsPageTest" time="34.930"/>
  <system-out>
    <![CDATA[User log in Successfully
Actual page title displayed on screen is: System Settings and Expected page title is: System Settings
Respective Page is clicked and appropriate page is loaded properly]]>
  </system-out>
</testsuite> <!-- com.ae.qa.testcases.SystemSettingsPageTest -->
