<?xml version="1.0" encoding="UTF-8"?>
<!-- Generated by org.testng.reporters.JUnitReportReporter -->
<testsuite hostname="DESKTOP-5VHKQUJ" failures="0" tests="3" name="com.ae.qa.testcasesTenantAdmin.TenantPolicyPageTestTA" time="254.766" errors="0" timestamp="2023-04-29T19:10:11 IST" skipped="0">
  <testcase classname="com.ae.qa.testcasesTenantAdmin.TenantPolicyPageTestTA" name="validatePswdComplexityTATest" time="43.448"/>
  <system-out>
    <![CDATA[Settings tab clicked
Tenant Policy tab clicked
Clicked save button now validate the password complexity at confirm policy popup
Expected Arraylist is:[At least 1 uppercase letter(s), At least 1 lowercase letter(s), At least 1 digit(s), At least 1 special character(s) out of @#$_!&, Password length should be between 6-19]
Values in arrayList Before:[At least 1 uppercase letter(s), At least 1 lowercase letter(s), At least 1 digit(s), At least 1 special character(s) out of @#$_!&]
Validation done as Password complexity match while changing password]]>
  </system-out>
  <testcase classname="com.ae.qa.testcasesTenantAdmin.TenantPolicyPageTestTA" name="validatePasswordHistoryTATest" time="78.191"/>
  <system-out>
    <![CDATA[User log in Successfully
Settings tab clicked
Tenant Policy tab clicked
Below validation validates number of password to be checked is equal to what user set in confirm Policy pop-up
Password policy updated
Password History of sysadmin validated successfully]]>
  </system-out>
  <testcase classname="com.ae.qa.testcasesTenantAdmin.TenantPolicyPageTestTA" name="validateNoOfAttemptsTATest" time="133.127"/>
  <system-out>
    <![CDATA[User log in Successfully
Settings tab clicked
Tenant Policy tab clicked
Save button clicked & Below validation validates no.of attempts for wrong password is equal to what user set in confirm Policy pop-up
No.of wrong attempts actually set is:4 No.of attempts set by user is:4
No.of wrong attempts actually set is:4 No.of attempts set by user is:4
Ok button clicked in confirm policy popup
Actual Message after password policy update:Password policy updated successfully
Expected Message after password policy update:Password policy updated successfully
User signed out successfully
Actual_msg:Your account is inaccessible . Please contact your Administrator.
Expected_msg:Your account is inaccessible . Please contact your Administrator.
No. of attempts is validated successfully]]>
  </system-out>
</testsuite> <!-- com.ae.qa.testcasesTenantAdmin.TenantPolicyPageTestTA -->
