<?xml version="1.0" encoding="UTF-8"?>
<!-- Generated by org.testng.reporters.JUnitReportReporter -->
<testsuite hostname="DESKTOP-5VHKQUJ" failures="0" tests="3" name="com.ae.qa.testcases.TenantUsersPageTest" time="241.096" errors="0" timestamp="2023-04-29T19:10:11 IST" skipped="0">
  <testcase classname="com.ae.qa.testcases.TenantUsersPageTest" name="ValidateCreatingTenantAdminTest" time="63.418"/>
  <system-out>
    <![CDATA[User logged in successfully
started creating new Tenant
User is created successfully
New user is verified and present in the webtable]]>
  </system-out>
  <testcase classname="com.ae.qa.testcases.TenantUsersPageTest" name="ValidateEditTenantUserTest" time="141.382"/>
  <system-out>
    <![CDATA[User logged in successfully
started creating new Tenant
User is created successfully
New user is verified and present in the webtable
User logged in successfully
Tenant User details got edited.]]>
  </system-out>
  <testcase classname="com.ae.qa.testcases.TenantUsersPageTest" name="validateTenantUsersPageTest" time="36.296"/>
  <system-out>
    <![CDATA[User log in Successfully
Actual page title displayed on screen is: Tenant Users and Expected page title is: Tenant Users
Respective Page is clicked and appropriate page is loaded properly]]>
  </system-out>
</testsuite> <!-- com.ae.qa.testcases.TenantUsersPageTest -->
