<?xml version="1.0" encoding="UTF-8"?>
<!-- Generated by org.testng.reporters.JUnitReportReporter -->
<testsuite hostname="DESKTOP-5VHKQUJ" failures="0" tests="1" name="com.ae.qa.testcasesTenantAdmin.PurgePolicyPageTestTA" time="42.885" errors="0" timestamp="2023-04-29T19:10:11 IST" skipped="0">
  <testcase classname="com.ae.qa.testcasesTenantAdmin.PurgePolicyPageTestTA" name="validateUpdationPurgePolicyDurationTATest" time="42.885"/>
  <system-out>
    <![CDATA[User log in Successfully
Actual success message after setting purging policy:Policy saved successfully
Expected success message after setting purging policy:Policy saved successfully
Purge policy UPDATED successfully
User signed out successfully]]>
  </system-out>
</testsuite> <!-- com.ae.qa.testcasesTenantAdmin.PurgePolicyPageTestTA -->
