<?xml version="1.0" encoding="UTF-8"?>
<!-- Generated by org.testng.reporters.JUnitReportReporter -->
<testsuite hostname="DESKTOP-5VHKQUJ" failures="0" tests="7" name="com.ae.qa.testcases.LoginPageTest" time="265.227" errors="0" timestamp="2023-04-29T19:10:11 IST" skipped="0">
  <testcase classname="com.ae.qa.testcases.LoginPageTest" name="ValidateFirstTimeLoginTest" time="27.946"/>
  <system-out>
    <![CDATA[User changed first time password of sysadmin Successfully]]>
  </system-out>
  <testcase classname="com.ae.qa.testcases.LoginPageTest" name="validateForgotPswdTest" time="17.368"/>
  <system-out>
    <![CDATA[Forgotten password link is Present]]>
  </system-out>
  <testcase classname="com.ae.qa.testcases.LoginPageTest" name="ValidateSettingPwdWOComplexityTest" time="70.954"/>
  <system-out>
    <![CDATA[User log in Successfully
Forgot password link clicked
Username entered
submitted
security questions submitted]]>
  </system-out>
  <testcase classname="com.ae.qa.testcases.LoginPageTest" name="ValidateResetPswdTest" time="50.205"/>
  <system-out>
    <![CDATA[Forgot password link clicked
Username entered
submitted
security questions submitted
Set new password successfully
Password set successfully]]>
  </system-out>
  <testcase classname="com.ae.qa.testcases.LoginPageTest" name="ValidateLoginWithResetPswdTest" time="23.312"/>
  <system-out/>
  <testcase classname="com.ae.qa.testcases.LoginPageTest" name="validateUnlockUserWithSecQueAndResetPswdTest" time="54.301"/>
  <system-out>
    <![CDATA[Forgot password link clicked
Username entered
submitted
security questions submitted
Set new password successfully
Password set successfully]]>
  </system-out>
  <testcase classname="com.ae.qa.testcases.LoginPageTest" name="ValidateLoginOfUnlockUserTest" time="21.141"/>
  <system-out/>
</testsuite> <!-- com.ae.qa.testcases.LoginPageTest -->
