<?xml version="1.0" encoding="UTF-8"?>
<!-- Generated by org.testng.reporters.JUnitReportReporter -->
<testsuite hostname="DESKTOP-5VHKQUJ" failures="0" tests="6" name="com.ae.qa.testcasesTenantAdmin.UserGroupsPageTestTA" time="207.160" errors="0" timestamp="2023-04-29T19:10:11 IST" skipped="0">
  <testcase classname="com.ae.qa.testcasesTenantAdmin.UserGroupsPageTestTA" name="validateCreateUserGroup" time="34.204"/>
  <system-out>
    <![CDATA[User logged in successfully
started creating new User Group
Actual Username:User group created successfully
Expected Username:User group created successfully
New user group is created
User signed out successfully]]>
  </system-out>
  <testcase classname="com.ae.qa.testcasesTenantAdmin.UserGroupsPageTestTA" name="validateEditUserGroup" time="29.406"/>
  <system-out>
    <![CDATA[User logged in successfully
Edit button is clicked
Description of user group updated
Actual Username:Changes saved to user group
Expected Username:Changes saved to user group
User group got edited successfully
User signed out successfully]]>
  </system-out>
  <testcase classname="com.ae.qa.testcasesTenantAdmin.UserGroupsPageTestTA" name="validateAddUserToGroup" time="48.710"/>
  <system-out>
    <![CDATA[User logged in successfully
Users Tab clicked
UsersGroup Tab clicked
Show Member button is clicked
assigning user1
Actual Username:User(s) added to the group successfully
Expected Username:User(s) added to the group successfully
User1 assigned and validated
User signed out successfully]]>
  </system-out>
  <testcase classname="com.ae.qa.testcasesTenantAdmin.UserGroupsPageTestTA" name="validateRemoveUserFromGroup" time="37.237"/>
  <system-out>
    <![CDATA[User logged in successfully
Users tab clicked
Users group tab clicked
Show Member button is clicked
Removing user1
Actual Username:User(s) removed from the group successfully
Expected Username:User(s) removed from the group successfully
User1 removed
User signed out successfully]]>
  </system-out>
  <testcase classname="com.ae.qa.testcasesTenantAdmin.UserGroupsPageTestTA" name="ValidateDuplicateUserGroupTest" time="29.008"/>
  <system-out>
    <![CDATA[User logged in successfully
started creating new User Group
Actual Username:Duplicate user group name [HRGroup]
Expected Username:Duplicate user group name [HRGroup]
User group with duplicate name can not be created
User signed out successfully]]>
  </system-out>
  <testcase classname="com.ae.qa.testcasesTenantAdmin.UserGroupsPageTestTA" name="validateDeleteUserGroup" time="28.595"/>
  <system-out>
    <![CDATA[User logged in successfully
Users tab clicked
Users group tab clicked
Delete button is clicked
Actual Username:User group deleted successfully
Expected Username:User group deleted successfully
User group deleted
User signed out successfully]]>
  </system-out>
</testsuite> <!-- com.ae.qa.testcasesTenantAdmin.UserGroupsPageTestTA -->
